wandb: Currently logged in as: naddeok. Use `wandb login --relogin` to force relogin
wandb: wandb version 0.15.3 is available!  To upgrade, please run:
wandb:  $ pip install wandb --upgrade
wandb: Tracking run with wandb version 0.14.2
wandb: Run data is saved locally in /home/naddeok5/exVDP-exRL/wandb/run-20230531_143752-9ihfozuc
wandb: Run `wandb offline` to turn off syncing.
wandb: Syncing run golden-sunset-3
wandb: ⭐️ View project at https://wandb.ai/naddeok/VDP%20DQN%20Acrobot%20-%20Fresh
wandb: 🚀 View run at https://wandb.ai/naddeok/VDP%20DQN%20Acrobot%20-%20Fresh/runs/9ihfozuc
Episode: 1/100000, Score: -300.0, Epsilon: 0.99
Episode: 2/100000, Score: -300.0, Epsilon: 0.98
Episode: 3/100000, Score: -300.0, Epsilon: 0.96
Episode: 4/100000, Score: -300.0, Epsilon: 0.95
Episode: 5/100000, Score: -300.0, Epsilon: 0.93
Episode: 6/100000, Score: -300.0, Epsilon: 0.92
Episode: 7/100000, Score: -300.0, Epsilon: 0.91
Episode: 8/100000, Score: -300.0, Epsilon: 0.89
Episode: 9/100000, Score: -300.0, Epsilon: 0.88
Episode: 10/100000, Score: -300.0, Epsilon: 0.87
Episode: 11/100000, Score: -300.0, Epsilon: 0.85
Episode: 12/100000, Score: -300.0, Epsilon: 0.84
Episode: 13/100000, Score: -300.0, Epsilon: 0.83
Episode: 14/100000, Score: -300.0, Epsilon: 0.82
Episode: 15/100000, Score: -300.0, Epsilon: 0.80
Episode: 16/100000, Score: -300.0, Epsilon: 0.79
Episode: 17/100000, Score: -300.0, Epsilon: 0.78
Episode: 18/100000, Score: -300.0, Epsilon: 0.77
Episode: 19/100000, Score: -300.0, Epsilon: 0.76
Episode: 20/100000, Score: -300.0, Epsilon: 0.75
Episode: 21/100000, Score: -300.0, Epsilon: 0.73
Episode: 22/100000, Score: -300.0, Epsilon: 0.72
Episode: 23/100000, Score: -300.0, Epsilon: 0.71
Episode: 24/100000, Score: -300.0, Epsilon: 0.70
Episode: 25/100000, Score: -300.0, Epsilon: 0.69
Episode: 26/100000, Score: -300.0, Epsilon: 0.68
Episode: 27/100000, Score: -300.0, Epsilon: 0.67
Episode: 28/100000, Score: -300.0, Epsilon: 0.66
Episode: 29/100000, Score: -300.0, Epsilon: 0.65
Episode: 30/100000, Score: -300.0, Epsilon: 0.64
Episode: 31/100000, Score: -300.0, Epsilon: 0.63
Episode: 32/100000, Score: -300.0, Epsilon: 0.62
Episode: 33/100000, Score: -300.0, Epsilon: 0.61
Episode: 34/100000, Score: -300.0, Epsilon: 0.60
Episode: 35/100000, Score: -300.0, Epsilon: 0.60
Episode: 36/100000, Score: -300.0, Epsilon: 0.59
Episode: 37/100000, Score: -300.0, Epsilon: 0.58
Episode: 38/100000, Score: -300.0, Epsilon: 0.57
Episode: 39/100000, Score: -300.0, Epsilon: 0.56
Episode: 40/100000, Score: -300.0, Epsilon: 0.55
Episode: 41/100000, Score: -300.0, Epsilon: 0.54
Episode: 42/100000, Score: -300.0, Epsilon: 0.54
Episode: 43/100000, Score: -300.0, Epsilon: 0.53
Episode: 44/100000, Score: -300.0, Epsilon: 0.52
Episode: 45/100000, Score: -300.0, Epsilon: 0.51
Episode: 46/100000, Score: -300.0, Epsilon: 0.50
Episode: 47/100000, Score: -300.0, Epsilon: 0.50
Episode: 48/100000, Score: -300.0, Epsilon: 0.49
Episode: 49/100000, Score: -300.0, Epsilon: 0.48
Episode: 50/100000, Score: -300.0, Epsilon: 0.48
Episode: 51/100000, Score: -264.0, Epsilon: 0.47
Episode: 52/100000, Score: -300.0, Epsilon: 0.46
Episode: 53/100000, Score: -300.0, Epsilon: 0.46
Episode: 54/100000, Score: -300.0, Epsilon: 0.45
Episode: 55/100000, Score: -300.0, Epsilon: 0.44
Episode: 56/100000, Score: -300.0, Epsilon: 0.44
Episode: 57/100000, Score: -300.0, Epsilon: 0.43
Episode: 58/100000, Score: -300.0, Epsilon: 0.42
Episode: 59/100000, Score: -300.0, Epsilon: 0.42
Episode: 60/100000, Score: -300.0, Epsilon: 0.41
Episode: 61/100000, Score: -300.0, Epsilon: 0.40
Episode: 62/100000, Score: -300.0, Epsilon: 0.40
Episode: 63/100000, Score: -300.0, Epsilon: 0.39
Episode: 64/100000, Score: -300.0, Epsilon: 0.39
Episode: 65/100000, Score: -300.0, Epsilon: 0.38
Episode: 66/100000, Score: -300.0, Epsilon: 0.37
Episode: 67/100000, Score: -300.0, Epsilon: 0.37
Episode: 68/100000, Score: -300.0, Epsilon: 0.36
Episode: 69/100000, Score: -300.0, Epsilon: 0.36
Episode: 70/100000, Score: -300.0, Epsilon: 0.35
Episode: 71/100000, Score: -300.0, Epsilon: 0.35
Episode: 72/100000, Score: -300.0, Epsilon: 0.34
Episode: 73/100000, Score: -300.0, Epsilon: 0.34
Episode: 74/100000, Score: -300.0, Epsilon: 0.33
Episode: 75/100000, Score: -300.0, Epsilon: 0.33
Episode: 76/100000, Score: -300.0, Epsilon: 0.32
Episode: 77/100000, Score: -300.0, Epsilon: 0.32
Episode: 78/100000, Score: -300.0, Epsilon: 0.31
Episode: 79/100000, Score: -300.0, Epsilon: 0.31
Episode: 80/100000, Score: -300.0, Epsilon: 0.30
Episode: 81/100000, Score: -300.0, Epsilon: 0.30
Episode: 82/100000, Score: -300.0, Epsilon: 0.29
Episode: 83/100000, Score: -300.0, Epsilon: 0.29
Episode: 84/100000, Score: -300.0, Epsilon: 0.29
Episode: 85/100000, Score: -300.0, Epsilon: 0.28
Episode: 86/100000, Score: -300.0, Epsilon: 0.28
Episode: 87/100000, Score: -300.0, Epsilon: 0.27
Episode: 88/100000, Score: -300.0, Epsilon: 0.27
Episode: 89/100000, Score: -300.0, Epsilon: 0.27
Episode: 90/100000, Score: -300.0, Epsilon: 0.26
Episode: 91/100000, Score: -300.0, Epsilon: 0.26
Episode: 92/100000, Score: -294.0, Epsilon: 0.25
Episode: 93/100000, Score: -300.0, Epsilon: 0.25
Episode: 94/100000, Score: -283.0, Epsilon: 0.25
Episode: 95/100000, Score: -300.0, Epsilon: 0.24
Episode: 96/100000, Score: -300.0, Epsilon: 0.24
Episode: 97/100000, Score: -242.0, Epsilon: 0.24
Episode: 98/100000, Score: -227.0, Epsilon: 0.23
Episode: 99/100000, Score: -300.0, Epsilon: 0.23
Episode: 100/100000, Score: -290.0, Epsilon: 0.23
Episode: 101/100000, Score: -300.0, Epsilon: 0.22
Episode: 102/100000, Score: -300.0, Epsilon: 0.22
Episode: 103/100000, Score: -229.0, Epsilon: 0.22
Episode: 104/100000, Score: -300.0, Epsilon: 0.21
Episode: 105/100000, Score: -300.0, Epsilon: 0.21
Episode: 106/100000, Score: -278.0, Epsilon: 0.21
Episode: 107/100000, Score: -300.0, Epsilon: 0.21
Episode: 108/100000, Score: -300.0, Epsilon: 0.20
Episode: 109/100000, Score: -300.0, Epsilon: 0.20
Episode: 110/100000, Score: -240.0, Epsilon: 0.20
Episode: 111/100000, Score: -300.0, Epsilon: 0.19
Episode: 112/100000, Score: -279.0, Epsilon: 0.19
Episode: 113/100000, Score: -300.0, Epsilon: 0.19
Episode: 114/100000, Score: -300.0, Epsilon: 0.19
Episode: 115/100000, Score: -271.0, Epsilon: 0.18
Episode: 116/100000, Score: -300.0, Epsilon: 0.18
Episode: 117/100000, Score: -300.0, Epsilon: 0.18
Episode: 118/100000, Score: -300.0, Epsilon: 0.17
Episode: 119/100000, Score: -191.0, Epsilon: 0.17
Episode: 120/100000, Score: -295.0, Epsilon: 0.17
Episode: 121/100000, Score: -270.0, Epsilon: 0.17
Episode: 122/100000, Score: -300.0, Epsilon: 0.17
Episode: 123/100000, Score: -191.0, Epsilon: 0.16
Episode: 124/100000, Score: -300.0, Epsilon: 0.16
Episode: 125/100000, Score: -300.0, Epsilon: 0.16
Episode: 126/100000, Score: -300.0, Epsilon: 0.16
Episode: 127/100000, Score: -226.0, Epsilon: 0.16
Episode: 128/100000, Score: -203.0, Epsilon: 0.15
Episode: 129/100000, Score: -300.0, Epsilon: 0.15
Episode: 130/100000, Score: -231.0, Epsilon: 0.15
Episode: 131/100000, Score: -226.0, Epsilon: 0.15
Episode: 132/100000, Score: -156.0, Epsilon: 0.15
Episode: 133/100000, Score: -195.0, Epsilon: 0.15
Episode: 134/100000, Score: -146.0, Epsilon: 0.14
Episode: 135/100000, Score: -297.0, Epsilon: 0.14
Episode: 136/100000, Score: -258.0, Epsilon: 0.14
Episode: 137/100000, Score: -300.0, Epsilon: 0.14
Episode: 138/100000, Score: -299.0, Epsilon: 0.14
Episode: 139/100000, Score: -266.0, Epsilon: 0.13
Episode: 140/100000, Score: -207.0, Epsilon: 0.13
Episode: 141/100000, Score: -217.0, Epsilon: 0.13
Episode: 142/100000, Score: -230.0, Epsilon: 0.13
Episode: 143/100000, Score: -171.0, Epsilon: 0.13
Episode: 144/100000, Score: -210.0, Epsilon: 0.13
Episode: 145/100000, Score: -287.0, Epsilon: 0.13
Episode: 146/100000, Score: -144.0, Epsilon: 0.12
Episode: 147/100000, Score: -199.0, Epsilon: 0.12
Episode: 148/100000, Score: -245.0, Epsilon: 0.12
Episode: 149/100000, Score: -212.0, Epsilon: 0.12
Episode: 150/100000, Score: -244.0, Epsilon: 0.12
Episode: 151/100000, Score: -246.0, Epsilon: 0.12
Episode: 152/100000, Score: -210.0, Epsilon: 0.12
Episode: 153/100000, Score: -196.0, Epsilon: 0.12
Episode: 154/100000, Score: -222.0, Epsilon: 0.11
Episode: 155/100000, Score: -300.0, Epsilon: 0.11
Episode: 156/100000, Score: -231.0, Epsilon: 0.11
Episode: 157/100000, Score: -236.0, Epsilon: 0.11
Episode: 158/100000, Score: -206.0, Epsilon: 0.11
Episode: 159/100000, Score: -163.0, Epsilon: 0.11
Episode: 160/100000, Score: -230.0, Epsilon: 0.11
Episode: 161/100000, Score: -248.0, Epsilon: 0.11
Episode: 162/100000, Score: -260.0, Epsilon: 0.10
Episode: 163/100000, Score: -252.0, Epsilon: 0.10
Episode: 164/100000, Score: -254.0, Epsilon: 0.10
Episode: 165/100000, Score: -176.0, Epsilon: 0.10
Episode: 166/100000, Score: -223.0, Epsilon: 0.10
Episode: 167/100000, Score: -300.0, Epsilon: 0.10
Episode: 168/100000, Score: -229.0, Epsilon: 0.10
Episode: 169/100000, Score: -248.0, Epsilon: 0.10
Episode: 170/100000, Score: -300.0, Epsilon: 0.09
Episode: 171/100000, Score: -261.0, Epsilon: 0.09
Episode: 172/100000, Score: -300.0, Epsilon: 0.09
Episode: 173/100000, Score: -229.0, Epsilon: 0.09
Episode: 174/100000, Score: -189.0, Epsilon: 0.09
Episode: 175/100000, Score: -259.0, Epsilon: 0.09
Episode: 176/100000, Score: -175.0, Epsilon: 0.09
Episode: 177/100000, Score: -195.0, Epsilon: 0.09
Episode: 178/100000, Score: -224.0, Epsilon: 0.09
Episode: 179/100000, Score: -201.0, Epsilon: 0.08
Episode: 180/100000, Score: -300.0, Epsilon: 0.08
Episode: 181/100000, Score: -300.0, Epsilon: 0.08
Episode: 182/100000, Score: -300.0, Epsilon: 0.08
Episode: 183/100000, Score: -295.0, Epsilon: 0.08
Episode: 184/100000, Score: -286.0, Epsilon: 0.08
Episode: 185/100000, Score: -300.0, Epsilon: 0.08
Episode: 186/100000, Score: -300.0, Epsilon: 0.08
Episode: 187/100000, Score: -300.0, Epsilon: 0.08
Episode: 188/100000, Score: -124.0, Epsilon: 0.07
Episode: 189/100000, Score: -254.0, Epsilon: 0.07
Episode: 190/100000, Score: -185.0, Epsilon: 0.07
Episode: 191/100000, Score: -181.0, Epsilon: 0.07
Episode: 192/100000, Score: -200.0, Epsilon: 0.07
Episode: 193/100000, Score: -273.0, Epsilon: 0.07
Episode: 194/100000, Score: -246.0, Epsilon: 0.07
Episode: 195/100000, Score: -273.0, Epsilon: 0.07
Episode: 196/100000, Score: -176.0, Epsilon: 0.07
Episode: 197/100000, Score: -155.0, Epsilon: 0.07
Episode: 198/100000, Score: -193.0, Epsilon: 0.07
Episode: 199/100000, Score: -190.0, Epsilon: 0.07
Episode: 200/100000, Score: -207.0, Epsilon: 0.07
Episode: 201/100000, Score: -177.0, Epsilon: 0.07
Episode: 202/100000, Score: -120.0, Epsilon: 0.07
Episode: 203/100000, Score: -149.0, Epsilon: 0.06
Episode: 204/100000, Score: -179.0, Epsilon: 0.06
Episode: 205/100000, Score: -149.0, Epsilon: 0.06
Episode: 206/100000, Score: -186.0, Epsilon: 0.06
Episode: 207/100000, Score: -259.0, Epsilon: 0.06
Episode: 208/100000, Score: -182.0, Epsilon: 0.06
Episode: 209/100000, Score: -108.0, Epsilon: 0.06
Episode: 210/100000, Score: -146.0, Epsilon: 0.06
Episode: 211/100000, Score: -158.0, Epsilon: 0.06
Episode: 212/100000, Score: -266.0, Epsilon: 0.06
Episode: 213/100000, Score: -172.0, Epsilon: 0.06
Episode: 214/100000, Score: -270.0, Epsilon: 0.06
Episode: 215/100000, Score: -169.0, Epsilon: 0.06
Episode: 216/100000, Score: -154.0, Epsilon: 0.06
Episode: 217/100000, Score: -167.0, Epsilon: 0.06
Episode: 218/100000, Score: -249.0, Epsilon: 0.06
Episode: 219/100000, Score: -151.0, Epsilon: 0.06
Episode: 220/100000, Score: -158.0, Epsilon: 0.06
Episode: 221/100000, Score: -165.0, Epsilon: 0.05
Episode: 222/100000, Score: -124.0, Epsilon: 0.05
Episode: 223/100000, Score: -201.0, Epsilon: 0.05
Episode: 224/100000, Score: -263.0, Epsilon: 0.05
Episode: 225/100000, Score: -242.0, Epsilon: 0.05
Episode: 226/100000, Score: -173.0, Epsilon: 0.05
Episode: 227/100000, Score: -125.0, Epsilon: 0.05
Episode: 228/100000, Score: -171.0, Epsilon: 0.05
Episode: 229/100000, Score: -142.0, Epsilon: 0.05
Episode: 230/100000, Score: -267.0, Epsilon: 0.05
Episode: 231/100000, Score: -300.0, Epsilon: 0.05
Episode: 232/100000, Score: -174.0, Epsilon: 0.05
Episode: 233/100000, Score: -152.0, Epsilon: 0.05
Episode: 234/100000, Score: -283.0, Epsilon: 0.05
Episode: 235/100000, Score: -215.0, Epsilon: 0.05
Episode: 236/100000, Score: -226.0, Epsilon: 0.05
Episode: 237/100000, Score: -126.0, Epsilon: 0.05
Episode: 238/100000, Score: -179.0, Epsilon: 0.05
Episode: 239/100000, Score: -127.0, Epsilon: 0.05
Episode: 240/100000, Score: -235.0, Epsilon: 0.05
Episode: 241/100000, Score: -193.0, Epsilon: 0.04
Episode: 242/100000, Score: -213.0, Epsilon: 0.04
Episode: 243/100000, Score: -221.0, Epsilon: 0.04
Episode: 244/100000, Score: -143.0, Epsilon: 0.04
Episode: 245/100000, Score: -238.0, Epsilon: 0.04
Episode: 246/100000, Score: -180.0, Epsilon: 0.04
Episode: 247/100000, Score: -189.0, Epsilon: 0.04
Episode: 248/100000, Score: -236.0, Epsilon: 0.04
Episode: 249/100000, Score: -270.0, Epsilon: 0.04
Episode: 250/100000, Score: -287.0, Epsilon: 0.04
Episode: 251/100000, Score: -251.0, Epsilon: 0.04
Episode: 252/100000, Score: -237.0, Epsilon: 0.04
Episode: 253/100000, Score: -128.0, Epsilon: 0.04
Episode: 254/100000, Score: -181.0, Epsilon: 0.04
Episode: 255/100000, Score: -145.0, Epsilon: 0.04
Episode: 256/100000, Score: -152.0, Epsilon: 0.04
Episode: 257/100000, Score: -109.0, Epsilon: 0.04
Episode: 258/100000, Score: -300.0, Epsilon: 0.04
Episode: 259/100000, Score: -300.0, Epsilon: 0.04
Episode: 260/100000, Score: -300.0, Epsilon: 0.04
Episode: 261/100000, Score: -300.0, Epsilon: 0.04
Episode: 262/100000, Score: -232.0, Epsilon: 0.04
Episode: 263/100000, Score: -185.0, Epsilon: 0.04
Episode: 264/100000, Score: -174.0, Epsilon: 0.04
Episode: 265/100000, Score: -242.0, Epsilon: 0.03
Episode: 266/100000, Score: -197.0, Epsilon: 0.03
Episode: 267/100000, Score: -208.0, Epsilon: 0.03
Episode: 268/100000, Score: -229.0, Epsilon: 0.03
Episode: 269/100000, Score: -116.0, Epsilon: 0.03
Episode: 270/100000, Score: -119.0, Epsilon: 0.03
Episode: 271/100000, Score: -199.0, Epsilon: 0.03
Episode: 272/100000, Score: -292.0, Epsilon: 0.03
Episode: 273/100000, Score: -194.0, Epsilon: 0.03
Episode: 274/100000, Score: -157.0, Epsilon: 0.03
Episode: 275/100000, Score: -210.0, Epsilon: 0.03
Episode: 276/100000, Score: -202.0, Epsilon: 0.03
Episode: 277/100000, Score: -189.0, Epsilon: 0.03
Episode: 278/100000, Score: -273.0, Epsilon: 0.03
Episode: 279/100000, Score: -137.0, Epsilon: 0.03
Episode: 280/100000, Score: -198.0, Epsilon: 0.03
Episode: 281/100000, Score: -162.0, Epsilon: 0.03
Episode: 282/100000, Score: -149.0, Epsilon: 0.03
Episode: 283/100000, Score: -165.0, Epsilon: 0.03
Episode: 284/100000, Score: -135.0, Epsilon: 0.03
Episode: 285/100000, Score: -138.0, Epsilon: 0.03
Episode: 286/100000, Score: -148.0, Epsilon: 0.03
Episode: 287/100000, Score: -156.0, Epsilon: 0.03
Episode: 288/100000, Score: -129.0, Epsilon: 0.03
Episode: 289/100000, Score: -124.0, Epsilon: 0.03
Episode: 290/100000, Score: -131.0, Epsilon: 0.03
Episode: 291/100000, Score: -130.0, Epsilon: 0.03
Episode: 292/100000, Score: -275.0, Epsilon: 0.03
Episode: 293/100000, Score: -154.0, Epsilon: 0.03
Episode: 294/100000, Score: -109.0, Epsilon: 0.03
Episode: 295/100000, Score: -152.0, Epsilon: 0.03
Episode: 296/100000, Score: -162.0, Epsilon: 0.03
Episode: 297/100000, Score: -202.0, Epsilon: 0.03
Episode: 298/100000, Score: -226.0, Epsilon: 0.03
Episode: 299/100000, Score: -198.0, Epsilon: 0.03
Episode: 300/100000, Score: -186.0, Epsilon: 0.03
Episode: 301/100000, Score: -140.0, Epsilon: 0.03
Episode: 302/100000, Score: -175.0, Epsilon: 0.02
Episode: 303/100000, Score: -199.0, Epsilon: 0.02
Episode: 304/100000, Score: -162.0, Epsilon: 0.02
Episode: 305/100000, Score: -239.0, Epsilon: 0.02
Episode: 306/100000, Score: -167.0, Epsilon: 0.02
Episode: 307/100000, Score: -178.0, Epsilon: 0.02
Episode: 308/100000, Score: -297.0, Epsilon: 0.02
Episode: 309/100000, Score: -224.0, Epsilon: 0.02
Episode: 310/100000, Score: -205.0, Epsilon: 0.02
Episode: 311/100000, Score: -144.0, Epsilon: 0.02
Episode: 312/100000, Score: -138.0, Epsilon: 0.02
Episode: 313/100000, Score: -154.0, Epsilon: 0.02
Episode: 314/100000, Score: -149.0, Epsilon: 0.02
Episode: 315/100000, Score: -125.0, Epsilon: 0.02
Episode: 316/100000, Score: -218.0, Epsilon: 0.02
Episode: 317/100000, Score: -206.0, Epsilon: 0.02
Episode: 318/100000, Score: -179.0, Epsilon: 0.02
Episode: 319/100000, Score: -149.0, Epsilon: 0.02
Episode: 320/100000, Score: -148.0, Epsilon: 0.02
Episode: 321/100000, Score: -194.0, Epsilon: 0.02
Episode: 322/100000, Score: -137.0, Epsilon: 0.02
Episode: 323/100000, Score: -109.0, Epsilon: 0.02
Episode: 324/100000, Score: -132.0, Epsilon: 0.02
Episode: 325/100000, Score: -202.0, Epsilon: 0.02
Episode: 326/100000, Score: -139.0, Epsilon: 0.02
Episode: 327/100000, Score: -168.0, Epsilon: 0.02
Episode: 328/100000, Score: -246.0, Epsilon: 0.02
Episode: 329/100000, Score: -178.0, Epsilon: 0.02
