wandb: Currently logged in as: naddeok. Use `wandb login --relogin` to force relogin
wandb: wandb version 0.15.3 is available!  To upgrade, please run:
wandb:  $ pip install wandb --upgrade
wandb: Tracking run with wandb version 0.14.2
wandb: Run data is saved locally in /home/naddeok5/exVDP-exRL/wandb/run-20230601_181750-bcwak67r
wandb: Run `wandb offline` to turn off syncing.
wandb: Syncing run vague-lion-8
wandb: ⭐️ View project at https://wandb.ai/naddeok/VDP%20DQN%20Acrobot%20-%20Epsilon%20Explore
wandb: 🚀 View run at https://wandb.ai/naddeok/VDP%20DQN%20Acrobot%20-%20Epsilon%20Explore/runs/bcwak67r
Episode: 1/10000, Score: -300.0, Epsilon: 0.00
Episode: 2/10000, Score: -300.0, Epsilon: 0.00
Episode: 3/10000, Score: -300.0, Epsilon: 0.00
Episode: 4/10000, Score: -300.0, Epsilon: 0.00
Episode: 5/10000, Score: -300.0, Epsilon: 0.00
Episode: 6/10000, Score: -300.0, Epsilon: 0.00
Episode: 7/10000, Score: -300.0, Epsilon: 0.00
Episode: 8/10000, Score: -300.0, Epsilon: 0.00
Episode: 9/10000, Score: -300.0, Epsilon: 0.00
Episode: 10/10000, Score: -300.0, Epsilon: 0.00
Episode: 11/10000, Score: -300.0, Epsilon: 0.00
Episode: 12/10000, Score: -300.0, Epsilon: 0.00
Episode: 13/10000, Score: -300.0, Epsilon: 0.00
Episode: 14/10000, Score: -300.0, Epsilon: 0.00
Episode: 15/10000, Score: -300.0, Epsilon: 0.00
Episode: 16/10000, Score: -300.0, Epsilon: 0.00
Episode: 17/10000, Score: -300.0, Epsilon: 0.00
Episode: 18/10000, Score: -300.0, Epsilon: 0.00
Episode: 19/10000, Score: -300.0, Epsilon: 0.00
Episode: 20/10000, Score: -300.0, Epsilon: 0.00
Episode: 21/10000, Score: -300.0, Epsilon: 0.00
Episode: 22/10000, Score: -300.0, Epsilon: 0.00
Episode: 23/10000, Score: -300.0, Epsilon: 0.00
Episode: 24/10000, Score: -300.0, Epsilon: 0.00
Episode: 25/10000, Score: -300.0, Epsilon: 0.00
Episode: 26/10000, Score: -300.0, Epsilon: 0.00
Episode: 27/10000, Score: -300.0, Epsilon: 0.00
Episode: 28/10000, Score: -300.0, Epsilon: 0.00
Episode: 29/10000, Score: -300.0, Epsilon: 0.00
Episode: 30/10000, Score: -300.0, Epsilon: 0.00
Episode: 31/10000, Score: -300.0, Epsilon: 0.00
Episode: 32/10000, Score: -300.0, Epsilon: 0.00
Episode: 33/10000, Score: -300.0, Epsilon: 0.00
Episode: 34/10000, Score: -300.0, Epsilon: 0.00
Episode: 35/10000, Score: -300.0, Epsilon: 0.00
Episode: 36/10000, Score: -300.0, Epsilon: 0.00
Episode: 37/10000, Score: -300.0, Epsilon: 0.00
Episode: 38/10000, Score: -300.0, Epsilon: 0.00
Episode: 39/10000, Score: -300.0, Epsilon: 0.00
Episode: 40/10000, Score: -300.0, Epsilon: 0.00
Episode: 41/10000, Score: -300.0, Epsilon: 0.00
Episode: 42/10000, Score: -300.0, Epsilon: 0.00
Episode: 43/10000, Score: -300.0, Epsilon: 0.00
Episode: 44/10000, Score: -300.0, Epsilon: 0.00
Episode: 45/10000, Score: -300.0, Epsilon: 0.00
Episode: 46/10000, Score: -300.0, Epsilon: 0.00
Episode: 47/10000, Score: -300.0, Epsilon: 0.00
Episode: 48/10000, Score: -300.0, Epsilon: 0.00
Episode: 49/10000, Score: -300.0, Epsilon: 0.00
Episode: 50/10000, Score: -300.0, Epsilon: 0.00
Episode: 51/10000, Score: -300.0, Epsilon: 0.00
Episode: 52/10000, Score: -300.0, Epsilon: 0.00
Episode: 53/10000, Score: -300.0, Epsilon: 0.00
Episode: 54/10000, Score: -300.0, Epsilon: 0.00
Episode: 55/10000, Score: -300.0, Epsilon: 0.00
Episode: 56/10000, Score: -300.0, Epsilon: 0.00
Episode: 57/10000, Score: -300.0, Epsilon: 0.00
Episode: 58/10000, Score: -300.0, Epsilon: 0.00
Episode: 59/10000, Score: -300.0, Epsilon: 0.00
Episode: 60/10000, Score: -300.0, Epsilon: 0.00
Episode: 61/10000, Score: -300.0, Epsilon: 0.00
Episode: 62/10000, Score: -300.0, Epsilon: 0.00
Episode: 63/10000, Score: -300.0, Epsilon: 0.00
Episode: 64/10000, Score: -300.0, Epsilon: 0.00
Episode: 65/10000, Score: -300.0, Epsilon: 0.00
Episode: 66/10000, Score: -300.0, Epsilon: 0.00
Episode: 67/10000, Score: -300.0, Epsilon: 0.00
Episode: 68/10000, Score: -300.0, Epsilon: 0.00
Episode: 69/10000, Score: -300.0, Epsilon: 0.00
Episode: 70/10000, Score: -300.0, Epsilon: 0.00
Episode: 71/10000, Score: -300.0, Epsilon: 0.00
Episode: 72/10000, Score: -300.0, Epsilon: 0.00
Episode: 73/10000, Score: -300.0, Epsilon: 0.00
Episode: 74/10000, Score: -300.0, Epsilon: 0.00
Episode: 75/10000, Score: -300.0, Epsilon: 0.00
Episode: 76/10000, Score: -300.0, Epsilon: 0.00
Episode: 77/10000, Score: -300.0, Epsilon: 0.00
Episode: 78/10000, Score: -300.0, Epsilon: 0.00
Episode: 79/10000, Score: -300.0, Epsilon: 0.00
Episode: 80/10000, Score: -300.0, Epsilon: 0.00
Episode: 81/10000, Score: -300.0, Epsilon: 0.00
Episode: 82/10000, Score: -300.0, Epsilon: 0.00
Episode: 83/10000, Score: -300.0, Epsilon: 0.00
Episode: 84/10000, Score: -300.0, Epsilon: 0.00
Episode: 85/10000, Score: -300.0, Epsilon: 0.00
Episode: 86/10000, Score: -300.0, Epsilon: 0.00
Episode: 87/10000, Score: -300.0, Epsilon: 0.00
Episode: 88/10000, Score: -300.0, Epsilon: 0.00
Episode: 89/10000, Score: -300.0, Epsilon: 0.00
Episode: 90/10000, Score: -300.0, Epsilon: 0.00
Episode: 91/10000, Score: -300.0, Epsilon: 0.00
Episode: 92/10000, Score: -300.0, Epsilon: 0.00
Episode: 93/10000, Score: -300.0, Epsilon: 0.00
Episode: 94/10000, Score: -300.0, Epsilon: 0.00
Episode: 95/10000, Score: -300.0, Epsilon: 0.00
Episode: 96/10000, Score: -300.0, Epsilon: 0.00
Episode: 97/10000, Score: -300.0, Epsilon: 0.00
Episode: 98/10000, Score: -300.0, Epsilon: 0.00
Episode: 99/10000, Score: -300.0, Epsilon: 0.00
Episode: 100/10000, Score: -300.0, Epsilon: 0.00
Episode: 101/10000, Score: -300.0, Epsilon: 0.00
Episode: 102/10000, Score: -300.0, Epsilon: 0.00
Episode: 103/10000, Score: -300.0, Epsilon: 0.00
Episode: 104/10000, Score: -300.0, Epsilon: 0.00
Episode: 105/10000, Score: -300.0, Epsilon: 0.00
Episode: 106/10000, Score: -300.0, Epsilon: 0.00
Episode: 107/10000, Score: -300.0, Epsilon: 0.00
Episode: 108/10000, Score: -300.0, Epsilon: 0.00
Episode: 109/10000, Score: -300.0, Epsilon: 0.00
Episode: 110/10000, Score: -300.0, Epsilon: 0.00
Episode: 111/10000, Score: -300.0, Epsilon: 0.00
Episode: 112/10000, Score: -300.0, Epsilon: 0.00
Episode: 113/10000, Score: -300.0, Epsilon: 0.00
Episode: 114/10000, Score: -300.0, Epsilon: 0.00
Episode: 115/10000, Score: -300.0, Epsilon: 0.00
Episode: 116/10000, Score: -300.0, Epsilon: 0.00
Episode: 117/10000, Score: -300.0, Epsilon: 0.00
Episode: 118/10000, Score: -300.0, Epsilon: 0.00
Episode: 119/10000, Score: -300.0, Epsilon: 0.00
Episode: 120/10000, Score: -300.0, Epsilon: 0.00
Episode: 121/10000, Score: -300.0, Epsilon: 0.00
Episode: 122/10000, Score: -300.0, Epsilon: 0.00
Episode: 123/10000, Score: -300.0, Epsilon: 0.00
Episode: 124/10000, Score: -300.0, Epsilon: 0.00
Episode: 125/10000, Score: -300.0, Epsilon: 0.00
Episode: 126/10000, Score: -300.0, Epsilon: 0.00
Episode: 127/10000, Score: -300.0, Epsilon: 0.00
Episode: 128/10000, Score: -300.0, Epsilon: 0.00
Episode: 129/10000, Score: -300.0, Epsilon: 0.00
Episode: 130/10000, Score: -300.0, Epsilon: 0.00
Episode: 131/10000, Score: -300.0, Epsilon: 0.00
Episode: 132/10000, Score: -300.0, Epsilon: 0.00
Episode: 133/10000, Score: -300.0, Epsilon: 0.00
Episode: 134/10000, Score: -300.0, Epsilon: 0.00
Episode: 135/10000, Score: -300.0, Epsilon: 0.00
Episode: 136/10000, Score: -300.0, Epsilon: 0.00
Episode: 137/10000, Score: -300.0, Epsilon: 0.00
Episode: 138/10000, Score: -300.0, Epsilon: 0.00
Episode: 139/10000, Score: -300.0, Epsilon: 0.00
Episode: 140/10000, Score: -300.0, Epsilon: 0.00
Episode: 141/10000, Score: -300.0, Epsilon: 0.00
Episode: 142/10000, Score: -300.0, Epsilon: 0.00
Episode: 143/10000, Score: -300.0, Epsilon: 0.00
Episode: 144/10000, Score: -300.0, Epsilon: 0.00
Episode: 145/10000, Score: -300.0, Epsilon: 0.00
Episode: 146/10000, Score: -300.0, Epsilon: 0.00
Episode: 147/10000, Score: -300.0, Epsilon: 0.00
Episode: 148/10000, Score: -300.0, Epsilon: 0.00
Episode: 149/10000, Score: -300.0, Epsilon: 0.00
Episode: 150/10000, Score: -300.0, Epsilon: 0.00
Episode: 151/10000, Score: -300.0, Epsilon: 0.00
Episode: 152/10000, Score: -300.0, Epsilon: 0.00
Episode: 153/10000, Score: -300.0, Epsilon: 0.00
Episode: 154/10000, Score: -300.0, Epsilon: 0.00
Episode: 155/10000, Score: -300.0, Epsilon: 0.00
Episode: 156/10000, Score: -300.0, Epsilon: 0.00
Episode: 157/10000, Score: -300.0, Epsilon: 0.00
Episode: 158/10000, Score: -300.0, Epsilon: 0.00
Episode: 159/10000, Score: -300.0, Epsilon: 0.00
Episode: 160/10000, Score: -300.0, Epsilon: 0.00
Episode: 161/10000, Score: -300.0, Epsilon: 0.00
Episode: 162/10000, Score: -300.0, Epsilon: 0.00
Episode: 163/10000, Score: -300.0, Epsilon: 0.00
Episode: 164/10000, Score: -300.0, Epsilon: 0.00
Episode: 165/10000, Score: -300.0, Epsilon: 0.00
Episode: 166/10000, Score: -300.0, Epsilon: 0.00
Episode: 167/10000, Score: -300.0, Epsilon: 0.00
Episode: 168/10000, Score: -300.0, Epsilon: 0.00
Episode: 169/10000, Score: -300.0, Epsilon: 0.00
Episode: 170/10000, Score: -300.0, Epsilon: 0.00
Episode: 171/10000, Score: -300.0, Epsilon: 0.00
Episode: 172/10000, Score: -300.0, Epsilon: 0.00
Episode: 173/10000, Score: -300.0, Epsilon: 0.00
Episode: 174/10000, Score: -300.0, Epsilon: 0.00
Episode: 175/10000, Score: -300.0, Epsilon: 0.00
Episode: 176/10000, Score: -300.0, Epsilon: 0.00
Episode: 177/10000, Score: -300.0, Epsilon: 0.00
Episode: 178/10000, Score: -300.0, Epsilon: 0.00
Episode: 179/10000, Score: -300.0, Epsilon: 0.00
Episode: 180/10000, Score: -300.0, Epsilon: 0.00
Episode: 181/10000, Score: -300.0, Epsilon: 0.00
Episode: 182/10000, Score: -300.0, Epsilon: 0.00
Episode: 183/10000, Score: -300.0, Epsilon: 0.00
Episode: 184/10000, Score: -300.0, Epsilon: 0.00
Episode: 185/10000, Score: -300.0, Epsilon: 0.00
Episode: 186/10000, Score: -300.0, Epsilon: 0.00
Episode: 187/10000, Score: -300.0, Epsilon: 0.00
Episode: 188/10000, Score: -300.0, Epsilon: 0.00
Episode: 189/10000, Score: -300.0, Epsilon: 0.00
Episode: 190/10000, Score: -300.0, Epsilon: 0.00
Episode: 191/10000, Score: -300.0, Epsilon: 0.00
Episode: 192/10000, Score: -300.0, Epsilon: 0.00
Episode: 193/10000, Score: -300.0, Epsilon: 0.00
Episode: 194/10000, Score: -300.0, Epsilon: 0.00
Episode: 195/10000, Score: -300.0, Epsilon: 0.00
Episode: 196/10000, Score: -300.0, Epsilon: 0.00
Episode: 197/10000, Score: -300.0, Epsilon: 0.00
Episode: 198/10000, Score: -300.0, Epsilon: 0.00
Episode: 199/10000, Score: -300.0, Epsilon: 0.00
Episode: 200/10000, Score: -300.0, Epsilon: 0.00
Episode: 201/10000, Score: -300.0, Epsilon: 0.00
Episode: 202/10000, Score: -300.0, Epsilon: 0.00
Episode: 203/10000, Score: -300.0, Epsilon: 0.00
Episode: 204/10000, Score: -300.0, Epsilon: 0.00
Episode: 205/10000, Score: -300.0, Epsilon: 0.00
Episode: 206/10000, Score: -300.0, Epsilon: 0.00
Episode: 207/10000, Score: -300.0, Epsilon: 0.00
Episode: 208/10000, Score: -300.0, Epsilon: 0.00
Episode: 209/10000, Score: -300.0, Epsilon: 0.00
Episode: 210/10000, Score: -300.0, Epsilon: 0.00
Episode: 211/10000, Score: -300.0, Epsilon: 0.00
Episode: 212/10000, Score: -300.0, Epsilon: 0.00
Episode: 213/10000, Score: -300.0, Epsilon: 0.00
Episode: 214/10000, Score: -300.0, Epsilon: 0.00
Episode: 215/10000, Score: -300.0, Epsilon: 0.00
Episode: 216/10000, Score: -300.0, Epsilon: 0.00
Episode: 217/10000, Score: -300.0, Epsilon: 0.00
Episode: 218/10000, Score: -300.0, Epsilon: 0.00
Episode: 219/10000, Score: -300.0, Epsilon: 0.00
Episode: 220/10000, Score: -300.0, Epsilon: 0.00
Episode: 221/10000, Score: -300.0, Epsilon: 0.00
Episode: 222/10000, Score: -300.0, Epsilon: 0.00
Episode: 223/10000, Score: -300.0, Epsilon: 0.00
Episode: 224/10000, Score: -300.0, Epsilon: 0.00
Episode: 225/10000, Score: -300.0, Epsilon: 0.00
Episode: 226/10000, Score: -300.0, Epsilon: 0.00
Episode: 227/10000, Score: -300.0, Epsilon: 0.00
Episode: 228/10000, Score: -300.0, Epsilon: 0.00
Episode: 229/10000, Score: -300.0, Epsilon: 0.00
Episode: 230/10000, Score: -300.0, Epsilon: 0.00
Episode: 231/10000, Score: -300.0, Epsilon: 0.00
Episode: 232/10000, Score: -300.0, Epsilon: 0.00
Episode: 233/10000, Score: -300.0, Epsilon: 0.00
Episode: 234/10000, Score: -300.0, Epsilon: 0.00
Episode: 235/10000, Score: -300.0, Epsilon: 0.00
Episode: 236/10000, Score: -300.0, Epsilon: 0.00
Episode: 237/10000, Score: -300.0, Epsilon: 0.00
Episode: 238/10000, Score: -300.0, Epsilon: 0.00
Episode: 239/10000, Score: -300.0, Epsilon: 0.00
Episode: 240/10000, Score: -300.0, Epsilon: 0.00
Episode: 241/10000, Score: -300.0, Epsilon: 0.00
Episode: 242/10000, Score: -300.0, Epsilon: 0.00
Episode: 243/10000, Score: -300.0, Epsilon: 0.00
Episode: 244/10000, Score: -300.0, Epsilon: 0.00
Episode: 245/10000, Score: -300.0, Epsilon: 0.00
Episode: 246/10000, Score: -300.0, Epsilon: 0.00
Episode: 247/10000, Score: -300.0, Epsilon: 0.00
Episode: 248/10000, Score: -300.0, Epsilon: 0.00
Episode: 249/10000, Score: -300.0, Epsilon: 0.00
Episode: 250/10000, Score: -300.0, Epsilon: 0.00
Episode: 251/10000, Score: -300.0, Epsilon: 0.00
Episode: 252/10000, Score: -300.0, Epsilon: 0.00
Episode: 253/10000, Score: -300.0, Epsilon: 0.00
Episode: 254/10000, Score: -300.0, Epsilon: 0.00
Episode: 255/10000, Score: -300.0, Epsilon: 0.00
Episode: 256/10000, Score: -300.0, Epsilon: 0.00
Episode: 257/10000, Score: -300.0, Epsilon: 0.00
Episode: 258/10000, Score: -300.0, Epsilon: 0.00
Episode: 259/10000, Score: -300.0, Epsilon: 0.00
Episode: 260/10000, Score: -300.0, Epsilon: 0.00
Episode: 261/10000, Score: -300.0, Epsilon: 0.00
Episode: 262/10000, Score: -300.0, Epsilon: 0.00
Episode: 263/10000, Score: -300.0, Epsilon: 0.00
Episode: 264/10000, Score: -300.0, Epsilon: 0.00
Episode: 265/10000, Score: -300.0, Epsilon: 0.00
Episode: 266/10000, Score: -300.0, Epsilon: 0.00
Episode: 267/10000, Score: -300.0, Epsilon: 0.00
Episode: 268/10000, Score: -300.0, Epsilon: 0.00
Episode: 269/10000, Score: -300.0, Epsilon: 0.00
Episode: 270/10000, Score: -300.0, Epsilon: 0.00
Episode: 271/10000, Score: -300.0, Epsilon: 0.00
Episode: 272/10000, Score: -300.0, Epsilon: 0.00
Episode: 273/10000, Score: -300.0, Epsilon: 0.00
Episode: 274/10000, Score: -300.0, Epsilon: 0.00
Episode: 275/10000, Score: -300.0, Epsilon: 0.00
Episode: 276/10000, Score: -300.0, Epsilon: 0.00
Episode: 277/10000, Score: -300.0, Epsilon: 0.00
Episode: 278/10000, Score: -300.0, Epsilon: 0.00
Episode: 279/10000, Score: -300.0, Epsilon: 0.00
Episode: 280/10000, Score: -300.0, Epsilon: 0.00
Episode: 281/10000, Score: -300.0, Epsilon: 0.00
Episode: 282/10000, Score: -300.0, Epsilon: 0.00
Episode: 283/10000, Score: -300.0, Epsilon: 0.00
Episode: 284/10000, Score: -300.0, Epsilon: 0.00
Episode: 285/10000, Score: -300.0, Epsilon: 0.00
Episode: 286/10000, Score: -300.0, Epsilon: 0.00
Episode: 287/10000, Score: -300.0, Epsilon: 0.00
Episode: 288/10000, Score: -300.0, Epsilon: 0.00
Episode: 289/10000, Score: -300.0, Epsilon: 0.00
Episode: 290/10000, Score: -300.0, Epsilon: 0.00
Episode: 291/10000, Score: -300.0, Epsilon: 0.00
Episode: 292/10000, Score: -300.0, Epsilon: 0.00
Episode: 293/10000, Score: -300.0, Epsilon: 0.00
Episode: 294/10000, Score: -300.0, Epsilon: 0.00
Episode: 295/10000, Score: -300.0, Epsilon: 0.00
Episode: 296/10000, Score: -300.0, Epsilon: 0.00
Episode: 297/10000, Score: -300.0, Epsilon: 0.00
Episode: 298/10000, Score: -300.0, Epsilon: 0.00
Episode: 299/10000, Score: -300.0, Epsilon: 0.00
Episode: 300/10000, Score: -300.0, Epsilon: 0.00
Episode: 301/10000, Score: -300.0, Epsilon: 0.00
Episode: 302/10000, Score: -300.0, Epsilon: 0.00
Episode: 303/10000, Score: -300.0, Epsilon: 0.00
Episode: 304/10000, Score: -300.0, Epsilon: 0.00
Episode: 305/10000, Score: -300.0, Epsilon: 0.00
Episode: 306/10000, Score: -300.0, Epsilon: 0.00
Episode: 307/10000, Score: -300.0, Epsilon: 0.00
Episode: 308/10000, Score: -300.0, Epsilon: 0.00
Episode: 309/10000, Score: -300.0, Epsilon: 0.00
Episode: 310/10000, Score: -300.0, Epsilon: 0.00
Episode: 311/10000, Score: -300.0, Epsilon: 0.00
Episode: 312/10000, Score: -300.0, Epsilon: 0.00
Episode: 313/10000, Score: -300.0, Epsilon: 0.00
Episode: 314/10000, Score: -300.0, Epsilon: 0.00
Episode: 315/10000, Score: -300.0, Epsilon: 0.00
Episode: 316/10000, Score: -300.0, Epsilon: 0.00
Episode: 317/10000, Score: -300.0, Epsilon: 0.00
Episode: 318/10000, Score: -300.0, Epsilon: 0.00
Episode: 319/10000, Score: -300.0, Epsilon: 0.00
Episode: 320/10000, Score: -300.0, Epsilon: 0.00
Episode: 321/10000, Score: -300.0, Epsilon: 0.00
Episode: 322/10000, Score: -300.0, Epsilon: 0.00
Episode: 323/10000, Score: -300.0, Epsilon: 0.00
Episode: 324/10000, Score: -300.0, Epsilon: 0.00
Episode: 325/10000, Score: -300.0, Epsilon: 0.00
Episode: 326/10000, Score: -300.0, Epsilon: 0.00
Episode: 327/10000, Score: -300.0, Epsilon: 0.00
Episode: 328/10000, Score: -300.0, Epsilon: 0.00
Episode: 329/10000, Score: -300.0, Epsilon: 0.00
Episode: 330/10000, Score: -300.0, Epsilon: 0.00
Episode: 331/10000, Score: -300.0, Epsilon: 0.00
Episode: 332/10000, Score: -300.0, Epsilon: 0.00
Episode: 333/10000, Score: -300.0, Epsilon: 0.00
Episode: 334/10000, Score: -300.0, Epsilon: 0.00
Episode: 335/10000, Score: -300.0, Epsilon: 0.00
Episode: 336/10000, Score: -300.0, Epsilon: 0.00
Episode: 337/10000, Score: -300.0, Epsilon: 0.00
Episode: 338/10000, Score: -300.0, Epsilon: 0.00
Episode: 339/10000, Score: -300.0, Epsilon: 0.00
Episode: 340/10000, Score: -300.0, Epsilon: 0.00
Episode: 341/10000, Score: -300.0, Epsilon: 0.00
Episode: 342/10000, Score: -300.0, Epsilon: 0.00
Episode: 343/10000, Score: -300.0, Epsilon: 0.00
Episode: 344/10000, Score: -300.0, Epsilon: 0.00
Episode: 345/10000, Score: -300.0, Epsilon: 0.00
Episode: 346/10000, Score: -300.0, Epsilon: 0.00
Episode: 347/10000, Score: -300.0, Epsilon: 0.00
Episode: 348/10000, Score: -300.0, Epsilon: 0.00
Episode: 349/10000, Score: -300.0, Epsilon: 0.00
Episode: 350/10000, Score: -300.0, Epsilon: 0.00
Episode: 351/10000, Score: -300.0, Epsilon: 0.00
Episode: 352/10000, Score: -300.0, Epsilon: 0.00
Episode: 353/10000, Score: -300.0, Epsilon: 0.00
Episode: 354/10000, Score: -300.0, Epsilon: 0.00
Episode: 355/10000, Score: -300.0, Epsilon: 0.00
Episode: 356/10000, Score: -300.0, Epsilon: 0.00
Episode: 357/10000, Score: -300.0, Epsilon: 0.00
Episode: 358/10000, Score: -300.0, Epsilon: 0.00
Episode: 359/10000, Score: -300.0, Epsilon: 0.00
Episode: 360/10000, Score: -300.0, Epsilon: 0.00
Episode: 361/10000, Score: -300.0, Epsilon: 0.00
Episode: 362/10000, Score: -300.0, Epsilon: 0.00
Episode: 363/10000, Score: -300.0, Epsilon: 0.00
Episode: 364/10000, Score: -300.0, Epsilon: 0.00
Episode: 365/10000, Score: -300.0, Epsilon: 0.00
Episode: 366/10000, Score: -300.0, Epsilon: 0.00
Episode: 367/10000, Score: -300.0, Epsilon: 0.00
Episode: 368/10000, Score: -300.0, Epsilon: 0.00
Episode: 369/10000, Score: -300.0, Epsilon: 0.00
Episode: 370/10000, Score: -300.0, Epsilon: 0.00
Episode: 371/10000, Score: -300.0, Epsilon: 0.00
Episode: 372/10000, Score: -300.0, Epsilon: 0.00
Episode: 373/10000, Score: -300.0, Epsilon: 0.00
Episode: 374/10000, Score: -300.0, Epsilon: 0.00
Episode: 375/10000, Score: -300.0, Epsilon: 0.00
Episode: 376/10000, Score: -300.0, Epsilon: 0.00
Episode: 377/10000, Score: -300.0, Epsilon: 0.00
Episode: 378/10000, Score: -300.0, Epsilon: 0.00
Episode: 379/10000, Score: -300.0, Epsilon: 0.00
Episode: 380/10000, Score: -300.0, Epsilon: 0.00
Episode: 381/10000, Score: -300.0, Epsilon: 0.00
Episode: 382/10000, Score: -300.0, Epsilon: 0.00
Episode: 383/10000, Score: -300.0, Epsilon: 0.00
Episode: 384/10000, Score: -300.0, Epsilon: 0.00
Episode: 385/10000, Score: -300.0, Epsilon: 0.00
Episode: 386/10000, Score: -300.0, Epsilon: 0.00
Episode: 387/10000, Score: -300.0, Epsilon: 0.00
Episode: 388/10000, Score: -300.0, Epsilon: 0.00
Episode: 389/10000, Score: -300.0, Epsilon: 0.00
Episode: 390/10000, Score: -300.0, Epsilon: 0.00
Episode: 391/10000, Score: -300.0, Epsilon: 0.00
Episode: 392/10000, Score: -300.0, Epsilon: 0.00
Episode: 393/10000, Score: -300.0, Epsilon: 0.00
Episode: 394/10000, Score: -300.0, Epsilon: 0.00
Episode: 395/10000, Score: -300.0, Epsilon: 0.00
Episode: 396/10000, Score: -300.0, Epsilon: 0.00
Episode: 397/10000, Score: -300.0, Epsilon: 0.00
Episode: 398/10000, Score: -300.0, Epsilon: 0.00
Episode: 399/10000, Score: -300.0, Epsilon: 0.00
Episode: 400/10000, Score: -300.0, Epsilon: 0.00
Episode: 401/10000, Score: -300.0, Epsilon: 0.00
Episode: 402/10000, Score: -300.0, Epsilon: 0.00
Episode: 403/10000, Score: -300.0, Epsilon: 0.00
Episode: 404/10000, Score: -300.0, Epsilon: 0.00
Episode: 405/10000, Score: -300.0, Epsilon: 0.00
Episode: 406/10000, Score: -300.0, Epsilon: 0.00
Episode: 407/10000, Score: -300.0, Epsilon: 0.00
Episode: 408/10000, Score: -300.0, Epsilon: 0.00
Episode: 409/10000, Score: -300.0, Epsilon: 0.00
Episode: 410/10000, Score: -300.0, Epsilon: 0.00
Episode: 411/10000, Score: -300.0, Epsilon: 0.00
Episode: 412/10000, Score: -300.0, Epsilon: 0.00
Episode: 413/10000, Score: -300.0, Epsilon: 0.00
Episode: 414/10000, Score: -300.0, Epsilon: 0.00
Episode: 415/10000, Score: -300.0, Epsilon: 0.00
Episode: 416/10000, Score: -300.0, Epsilon: 0.00
Episode: 417/10000, Score: -300.0, Epsilon: 0.00
Episode: 418/10000, Score: -300.0, Epsilon: 0.00
Episode: 419/10000, Score: -300.0, Epsilon: 0.00
Episode: 420/10000, Score: -300.0, Epsilon: 0.00
Episode: 421/10000, Score: -300.0, Epsilon: 0.00
Episode: 422/10000, Score: -300.0, Epsilon: 0.00
Episode: 423/10000, Score: -300.0, Epsilon: 0.00
Episode: 424/10000, Score: -300.0, Epsilon: 0.00
Episode: 425/10000, Score: -300.0, Epsilon: 0.00
Episode: 426/10000, Score: -300.0, Epsilon: 0.00
Episode: 427/10000, Score: -300.0, Epsilon: 0.00
Episode: 428/10000, Score: -300.0, Epsilon: 0.00
Episode: 429/10000, Score: -300.0, Epsilon: 0.00
Episode: 430/10000, Score: -300.0, Epsilon: 0.00
Episode: 431/10000, Score: -300.0, Epsilon: 0.00
Episode: 432/10000, Score: -300.0, Epsilon: 0.00
Episode: 433/10000, Score: -300.0, Epsilon: 0.00
Episode: 434/10000, Score: -300.0, Epsilon: 0.00
Episode: 435/10000, Score: -300.0, Epsilon: 0.00
Episode: 436/10000, Score: -300.0, Epsilon: 0.00
Episode: 437/10000, Score: -300.0, Epsilon: 0.00
Episode: 438/10000, Score: -300.0, Epsilon: 0.00
Episode: 439/10000, Score: -300.0, Epsilon: 0.00
Episode: 440/10000, Score: -300.0, Epsilon: 0.00
Episode: 441/10000, Score: -300.0, Epsilon: 0.00
Episode: 442/10000, Score: -300.0, Epsilon: 0.00
Episode: 443/10000, Score: -300.0, Epsilon: 0.00
Episode: 444/10000, Score: -300.0, Epsilon: 0.00
Episode: 445/10000, Score: -300.0, Epsilon: 0.00
Episode: 446/10000, Score: -300.0, Epsilon: 0.00
Episode: 447/10000, Score: -300.0, Epsilon: 0.00
Episode: 448/10000, Score: -300.0, Epsilon: 0.00
Episode: 449/10000, Score: -300.0, Epsilon: 0.00
Episode: 450/10000, Score: -300.0, Epsilon: 0.00
Episode: 451/10000, Score: -300.0, Epsilon: 0.00
Episode: 452/10000, Score: -300.0, Epsilon: 0.00
Episode: 453/10000, Score: -300.0, Epsilon: 0.00
Episode: 454/10000, Score: -300.0, Epsilon: 0.00
Episode: 455/10000, Score: -300.0, Epsilon: 0.00
Episode: 456/10000, Score: -300.0, Epsilon: 0.00
Episode: 457/10000, Score: -300.0, Epsilon: 0.00
Episode: 458/10000, Score: -300.0, Epsilon: 0.00
Episode: 459/10000, Score: -300.0, Epsilon: 0.00
Episode: 460/10000, Score: -300.0, Epsilon: 0.00
Episode: 461/10000, Score: -300.0, Epsilon: 0.00
Episode: 462/10000, Score: -300.0, Epsilon: 0.00
Episode: 463/10000, Score: -300.0, Epsilon: 0.00
Episode: 464/10000, Score: -300.0, Epsilon: 0.00
Episode: 465/10000, Score: -300.0, Epsilon: 0.00
Episode: 466/10000, Score: -300.0, Epsilon: 0.00
Episode: 467/10000, Score: -300.0, Epsilon: 0.00
Episode: 468/10000, Score: -300.0, Epsilon: 0.00
Episode: 469/10000, Score: -300.0, Epsilon: 0.00
Episode: 470/10000, Score: -300.0, Epsilon: 0.00
Episode: 471/10000, Score: -300.0, Epsilon: 0.00
Episode: 472/10000, Score: -300.0, Epsilon: 0.00
Episode: 473/10000, Score: -300.0, Epsilon: 0.00
Episode: 474/10000, Score: -300.0, Epsilon: 0.00
Episode: 475/10000, Score: -300.0, Epsilon: 0.00
Episode: 476/10000, Score: -300.0, Epsilon: 0.00
Episode: 477/10000, Score: -300.0, Epsilon: 0.00
Episode: 478/10000, Score: -300.0, Epsilon: 0.00
Episode: 479/10000, Score: -300.0, Epsilon: 0.00
Episode: 480/10000, Score: -300.0, Epsilon: 0.00
Episode: 481/10000, Score: -300.0, Epsilon: 0.00
Episode: 482/10000, Score: -300.0, Epsilon: 0.00
Episode: 483/10000, Score: -300.0, Epsilon: 0.00
Episode: 484/10000, Score: -300.0, Epsilon: 0.00
Episode: 485/10000, Score: -300.0, Epsilon: 0.00
Episode: 486/10000, Score: -300.0, Epsilon: 0.00
Episode: 487/10000, Score: -300.0, Epsilon: 0.00
Episode: 488/10000, Score: -300.0, Epsilon: 0.00
Episode: 489/10000, Score: -300.0, Epsilon: 0.00
Episode: 490/10000, Score: -300.0, Epsilon: 0.00
Episode: 491/10000, Score: -300.0, Epsilon: 0.00
Episode: 492/10000, Score: -300.0, Epsilon: 0.00
Episode: 493/10000, Score: -300.0, Epsilon: 0.00
Episode: 494/10000, Score: -300.0, Epsilon: 0.00
Episode: 495/10000, Score: -300.0, Epsilon: 0.00
Episode: 496/10000, Score: -300.0, Epsilon: 0.00
Episode: 497/10000, Score: -300.0, Epsilon: 0.00
Episode: 498/10000, Score: -300.0, Epsilon: 0.00
Episode: 499/10000, Score: -300.0, Epsilon: 0.00
Episode: 500/10000, Score: -300.0, Epsilon: 0.00
Episode: 501/10000, Score: -300.0, Epsilon: 0.00
Episode: 502/10000, Score: -300.0, Epsilon: 0.00
Episode: 503/10000, Score: -300.0, Epsilon: 0.00
Episode: 504/10000, Score: -300.0, Epsilon: 0.00
Episode: 505/10000, Score: -300.0, Epsilon: 0.00
Episode: 506/10000, Score: -300.0, Epsilon: 0.00
Episode: 507/10000, Score: -300.0, Epsilon: 0.00
Episode: 508/10000, Score: -300.0, Epsilon: 0.00
Episode: 509/10000, Score: -300.0, Epsilon: 0.00
Episode: 510/10000, Score: -300.0, Epsilon: 0.00
Episode: 511/10000, Score: -300.0, Epsilon: 0.00
Episode: 512/10000, Score: -300.0, Epsilon: 0.00
Episode: 513/10000, Score: -300.0, Epsilon: 0.00
Episode: 514/10000, Score: -300.0, Epsilon: 0.00
Episode: 515/10000, Score: -300.0, Epsilon: 0.00
Episode: 516/10000, Score: -300.0, Epsilon: 0.00
Episode: 517/10000, Score: -300.0, Epsilon: 0.00
Episode: 518/10000, Score: -300.0, Epsilon: 0.00
Episode: 519/10000, Score: -300.0, Epsilon: 0.00
Episode: 520/10000, Score: -300.0, Epsilon: 0.00
Episode: 521/10000, Score: -300.0, Epsilon: 0.00
Episode: 522/10000, Score: -300.0, Epsilon: 0.00
Episode: 523/10000, Score: -300.0, Epsilon: 0.00
Episode: 524/10000, Score: -300.0, Epsilon: 0.00
Episode: 525/10000, Score: -300.0, Epsilon: 0.00
Episode: 526/10000, Score: -300.0, Epsilon: 0.00
Episode: 527/10000, Score: -300.0, Epsilon: 0.00
Episode: 528/10000, Score: -300.0, Epsilon: 0.00
Episode: 529/10000, Score: -300.0, Epsilon: 0.00
Episode: 530/10000, Score: -300.0, Epsilon: 0.00
Episode: 531/10000, Score: -300.0, Epsilon: 0.00
Episode: 532/10000, Score: -300.0, Epsilon: 0.00
Episode: 533/10000, Score: -300.0, Epsilon: 0.00
Episode: 534/10000, Score: -300.0, Epsilon: 0.00
Episode: 535/10000, Score: -300.0, Epsilon: 0.00
Episode: 536/10000, Score: -300.0, Epsilon: 0.00
Episode: 537/10000, Score: -300.0, Epsilon: 0.00
Episode: 538/10000, Score: -300.0, Epsilon: 0.00
Episode: 539/10000, Score: -300.0, Epsilon: 0.00
Episode: 540/10000, Score: -300.0, Epsilon: 0.00
Episode: 541/10000, Score: -300.0, Epsilon: 0.00
Episode: 542/10000, Score: -300.0, Epsilon: 0.00
Episode: 543/10000, Score: -300.0, Epsilon: 0.00
Episode: 544/10000, Score: -300.0, Epsilon: 0.00
Episode: 545/10000, Score: -300.0, Epsilon: 0.00
Episode: 546/10000, Score: -300.0, Epsilon: 0.00
Episode: 547/10000, Score: -300.0, Epsilon: 0.00
Episode: 548/10000, Score: -300.0, Epsilon: 0.00
Episode: 549/10000, Score: -300.0, Epsilon: 0.00
Episode: 550/10000, Score: -300.0, Epsilon: 0.00
Episode: 551/10000, Score: -300.0, Epsilon: 0.00
Episode: 552/10000, Score: -300.0, Epsilon: 0.00
Episode: 553/10000, Score: -300.0, Epsilon: 0.00
Episode: 554/10000, Score: -300.0, Epsilon: 0.00
Episode: 555/10000, Score: -300.0, Epsilon: 0.00
Episode: 556/10000, Score: -300.0, Epsilon: 0.00
Episode: 557/10000, Score: -300.0, Epsilon: 0.00
Episode: 558/10000, Score: -300.0, Epsilon: 0.00
Episode: 559/10000, Score: -300.0, Epsilon: 0.00
Episode: 560/10000, Score: -300.0, Epsilon: 0.00
Episode: 561/10000, Score: -300.0, Epsilon: 0.00
Episode: 562/10000, Score: -300.0, Epsilon: 0.00
Episode: 563/10000, Score: -300.0, Epsilon: 0.00
Episode: 564/10000, Score: -300.0, Epsilon: 0.00
Episode: 565/10000, Score: -300.0, Epsilon: 0.00
Episode: 566/10000, Score: -300.0, Epsilon: 0.00
Episode: 567/10000, Score: -300.0, Epsilon: 0.00
Episode: 568/10000, Score: -300.0, Epsilon: 0.00
Episode: 569/10000, Score: -300.0, Epsilon: 0.00
Episode: 570/10000, Score: -300.0, Epsilon: 0.00
Episode: 571/10000, Score: -300.0, Epsilon: 0.00
Episode: 572/10000, Score: -300.0, Epsilon: 0.00
Episode: 573/10000, Score: -300.0, Epsilon: 0.00
Episode: 574/10000, Score: -300.0, Epsilon: 0.00
Episode: 575/10000, Score: -300.0, Epsilon: 0.00
Episode: 576/10000, Score: -300.0, Epsilon: 0.00
Episode: 577/10000, Score: -300.0, Epsilon: 0.00
Episode: 578/10000, Score: -300.0, Epsilon: 0.00
Episode: 579/10000, Score: -300.0, Epsilon: 0.00
Episode: 580/10000, Score: -300.0, Epsilon: 0.00
Episode: 581/10000, Score: -300.0, Epsilon: 0.00
Episode: 582/10000, Score: -300.0, Epsilon: 0.00
Episode: 583/10000, Score: -300.0, Epsilon: 0.00
Episode: 584/10000, Score: -300.0, Epsilon: 0.00
Episode: 585/10000, Score: -300.0, Epsilon: 0.00
Episode: 586/10000, Score: -300.0, Epsilon: 0.00
Episode: 587/10000, Score: -300.0, Epsilon: 0.00
Episode: 588/10000, Score: -300.0, Epsilon: 0.00
Episode: 589/10000, Score: -300.0, Epsilon: 0.00
Episode: 590/10000, Score: -300.0, Epsilon: 0.00
Episode: 591/10000, Score: -300.0, Epsilon: 0.00
Episode: 592/10000, Score: -300.0, Epsilon: 0.00
Episode: 593/10000, Score: -300.0, Epsilon: 0.00
Episode: 594/10000, Score: -300.0, Epsilon: 0.00
Episode: 595/10000, Score: -300.0, Epsilon: 0.00
Episode: 596/10000, Score: -300.0, Epsilon: 0.00
Episode: 597/10000, Score: -300.0, Epsilon: 0.00
Episode: 598/10000, Score: -300.0, Epsilon: 0.00
Episode: 599/10000, Score: -300.0, Epsilon: 0.00
Episode: 600/10000, Score: -300.0, Epsilon: 0.00
Episode: 601/10000, Score: -300.0, Epsilon: 0.00
Episode: 602/10000, Score: -300.0, Epsilon: 0.00
Episode: 603/10000, Score: -300.0, Epsilon: 0.00
Episode: 604/10000, Score: -300.0, Epsilon: 0.00
Episode: 605/10000, Score: -300.0, Epsilon: 0.00
Episode: 606/10000, Score: -300.0, Epsilon: 0.00
Episode: 607/10000, Score: -300.0, Epsilon: 0.00
Episode: 608/10000, Score: -300.0, Epsilon: 0.00
Episode: 609/10000, Score: -300.0, Epsilon: 0.00
Episode: 610/10000, Score: -300.0, Epsilon: 0.00
Episode: 611/10000, Score: -300.0, Epsilon: 0.00
Episode: 612/10000, Score: -300.0, Epsilon: 0.00
Episode: 613/10000, Score: -300.0, Epsilon: 0.00
Episode: 614/10000, Score: -300.0, Epsilon: 0.00
Episode: 615/10000, Score: -300.0, Epsilon: 0.00
Episode: 616/10000, Score: -300.0, Epsilon: 0.00
Episode: 617/10000, Score: -300.0, Epsilon: 0.00
Episode: 618/10000, Score: -300.0, Epsilon: 0.00
Episode: 619/10000, Score: -300.0, Epsilon: 0.00
Episode: 620/10000, Score: -300.0, Epsilon: 0.00
Episode: 621/10000, Score: -300.0, Epsilon: 0.00
Episode: 622/10000, Score: -300.0, Epsilon: 0.00
Episode: 623/10000, Score: -300.0, Epsilon: 0.00
Episode: 624/10000, Score: -300.0, Epsilon: 0.00
Episode: 625/10000, Score: -300.0, Epsilon: 0.00
Episode: 626/10000, Score: -300.0, Epsilon: 0.00
Episode: 627/10000, Score: -300.0, Epsilon: 0.00
Episode: 628/10000, Score: -300.0, Epsilon: 0.00
Episode: 629/10000, Score: -300.0, Epsilon: 0.00
Episode: 630/10000, Score: -300.0, Epsilon: 0.00
Episode: 631/10000, Score: -300.0, Epsilon: 0.00
Episode: 632/10000, Score: -300.0, Epsilon: 0.00
Episode: 633/10000, Score: -300.0, Epsilon: 0.00
Episode: 634/10000, Score: -300.0, Epsilon: 0.00
Episode: 635/10000, Score: -300.0, Epsilon: 0.00
Episode: 636/10000, Score: -300.0, Epsilon: 0.00
Episode: 637/10000, Score: -300.0, Epsilon: 0.00
Episode: 638/10000, Score: -300.0, Epsilon: 0.00
Episode: 639/10000, Score: -300.0, Epsilon: 0.00
Episode: 640/10000, Score: -300.0, Epsilon: 0.00
Episode: 641/10000, Score: -300.0, Epsilon: 0.00
Episode: 642/10000, Score: -300.0, Epsilon: 0.00
Episode: 643/10000, Score: -300.0, Epsilon: 0.00
Episode: 644/10000, Score: -300.0, Epsilon: 0.00
Episode: 645/10000, Score: -300.0, Epsilon: 0.00
Episode: 646/10000, Score: -300.0, Epsilon: 0.00
Episode: 647/10000, Score: -300.0, Epsilon: 0.00
Episode: 648/10000, Score: -300.0, Epsilon: 0.00
Episode: 649/10000, Score: -300.0, Epsilon: 0.00
Episode: 650/10000, Score: -300.0, Epsilon: 0.00
Episode: 651/10000, Score: -300.0, Epsilon: 0.00
Episode: 652/10000, Score: -300.0, Epsilon: 0.00
Episode: 653/10000, Score: -300.0, Epsilon: 0.00
Episode: 654/10000, Score: -300.0, Epsilon: 0.00
Episode: 655/10000, Score: -300.0, Epsilon: 0.00
Episode: 656/10000, Score: -300.0, Epsilon: 0.00
Episode: 657/10000, Score: -300.0, Epsilon: 0.00
Episode: 658/10000, Score: -300.0, Epsilon: 0.00
Episode: 659/10000, Score: -300.0, Epsilon: 0.00
Episode: 660/10000, Score: -300.0, Epsilon: 0.00
Episode: 661/10000, Score: -300.0, Epsilon: 0.00
Episode: 662/10000, Score: -300.0, Epsilon: 0.00
Episode: 663/10000, Score: -300.0, Epsilon: 0.00
Episode: 664/10000, Score: -300.0, Epsilon: 0.00
Episode: 665/10000, Score: -300.0, Epsilon: 0.00
Episode: 666/10000, Score: -300.0, Epsilon: 0.00
Episode: 667/10000, Score: -300.0, Epsilon: 0.00
Episode: 668/10000, Score: -300.0, Epsilon: 0.00
Episode: 669/10000, Score: -300.0, Epsilon: 0.00
Episode: 670/10000, Score: -300.0, Epsilon: 0.00
Episode: 671/10000, Score: -300.0, Epsilon: 0.00
Episode: 672/10000, Score: -300.0, Epsilon: 0.00
Episode: 673/10000, Score: -300.0, Epsilon: 0.00
Episode: 674/10000, Score: -300.0, Epsilon: 0.00
Episode: 675/10000, Score: -300.0, Epsilon: 0.00
Episode: 676/10000, Score: -300.0, Epsilon: 0.00
Episode: 677/10000, Score: -300.0, Epsilon: 0.00
Episode: 678/10000, Score: -300.0, Epsilon: 0.00
Episode: 679/10000, Score: -300.0, Epsilon: 0.00
Episode: 680/10000, Score: -300.0, Epsilon: 0.00
Episode: 681/10000, Score: -300.0, Epsilon: 0.00
Episode: 682/10000, Score: -300.0, Epsilon: 0.00
Episode: 683/10000, Score: -300.0, Epsilon: 0.00
Episode: 684/10000, Score: -300.0, Epsilon: 0.00
Episode: 685/10000, Score: -300.0, Epsilon: 0.00
Episode: 686/10000, Score: -300.0, Epsilon: 0.00
Episode: 687/10000, Score: -300.0, Epsilon: 0.00
Episode: 688/10000, Score: -300.0, Epsilon: 0.00
Episode: 689/10000, Score: -300.0, Epsilon: 0.00
Episode: 690/10000, Score: -300.0, Epsilon: 0.00
Episode: 691/10000, Score: -300.0, Epsilon: 0.00
Episode: 692/10000, Score: -300.0, Epsilon: 0.00
Episode: 693/10000, Score: -300.0, Epsilon: 0.00
Episode: 694/10000, Score: -300.0, Epsilon: 0.00
Episode: 695/10000, Score: -300.0, Epsilon: 0.00
Episode: 696/10000, Score: -300.0, Epsilon: 0.00
Episode: 697/10000, Score: -300.0, Epsilon: 0.00
Episode: 698/10000, Score: -300.0, Epsilon: 0.00
Episode: 699/10000, Score: -300.0, Epsilon: 0.00
Episode: 700/10000, Score: -300.0, Epsilon: 0.00
Episode: 701/10000, Score: -300.0, Epsilon: 0.00
Episode: 702/10000, Score: -300.0, Epsilon: 0.00
Episode: 703/10000, Score: -300.0, Epsilon: 0.00
Episode: 704/10000, Score: -300.0, Epsilon: 0.00
Episode: 705/10000, Score: -300.0, Epsilon: 0.00
Episode: 706/10000, Score: -300.0, Epsilon: 0.00
Episode: 707/10000, Score: -300.0, Epsilon: 0.00
Episode: 708/10000, Score: -300.0, Epsilon: 0.00
Episode: 709/10000, Score: -300.0, Epsilon: 0.00
Episode: 710/10000, Score: -300.0, Epsilon: 0.00
Episode: 711/10000, Score: -300.0, Epsilon: 0.00
Episode: 712/10000, Score: -300.0, Epsilon: 0.00
Episode: 713/10000, Score: -300.0, Epsilon: 0.00
Episode: 714/10000, Score: -300.0, Epsilon: 0.00
Episode: 715/10000, Score: -300.0, Epsilon: 0.00
Episode: 716/10000, Score: -300.0, Epsilon: 0.00
Episode: 717/10000, Score: -300.0, Epsilon: 0.00
Episode: 718/10000, Score: -300.0, Epsilon: 0.00
Episode: 719/10000, Score: -300.0, Epsilon: 0.00
Episode: 720/10000, Score: -300.0, Epsilon: 0.00
Episode: 721/10000, Score: -300.0, Epsilon: 0.00
Episode: 722/10000, Score: -300.0, Epsilon: 0.00
Episode: 723/10000, Score: -300.0, Epsilon: 0.00
Episode: 724/10000, Score: -300.0, Epsilon: 0.00
Episode: 725/10000, Score: -300.0, Epsilon: 0.00
Episode: 726/10000, Score: -300.0, Epsilon: 0.00
Episode: 727/10000, Score: -300.0, Epsilon: 0.00
Episode: 728/10000, Score: -300.0, Epsilon: 0.00
Episode: 729/10000, Score: -300.0, Epsilon: 0.00
Episode: 730/10000, Score: -300.0, Epsilon: 0.00
Episode: 731/10000, Score: -300.0, Epsilon: 0.00
Episode: 732/10000, Score: -300.0, Epsilon: 0.00
Episode: 733/10000, Score: -300.0, Epsilon: 0.00
Episode: 734/10000, Score: -300.0, Epsilon: 0.00
Episode: 735/10000, Score: -300.0, Epsilon: 0.00
Episode: 736/10000, Score: -300.0, Epsilon: 0.00
Episode: 737/10000, Score: -300.0, Epsilon: 0.00
Episode: 738/10000, Score: -300.0, Epsilon: 0.00
Episode: 739/10000, Score: -300.0, Epsilon: 0.00
Episode: 740/10000, Score: -300.0, Epsilon: 0.00
Episode: 741/10000, Score: -300.0, Epsilon: 0.00
Episode: 742/10000, Score: -300.0, Epsilon: 0.00
Episode: 743/10000, Score: -300.0, Epsilon: 0.00
Episode: 744/10000, Score: -300.0, Epsilon: 0.00
Episode: 745/10000, Score: -300.0, Epsilon: 0.00
Episode: 746/10000, Score: -300.0, Epsilon: 0.00
Episode: 747/10000, Score: -300.0, Epsilon: 0.00
Episode: 748/10000, Score: -300.0, Epsilon: 0.00
Episode: 749/10000, Score: -300.0, Epsilon: 0.00
Episode: 750/10000, Score: -300.0, Epsilon: 0.00
Episode: 751/10000, Score: -300.0, Epsilon: 0.00
Episode: 752/10000, Score: -300.0, Epsilon: 0.00
Episode: 753/10000, Score: -300.0, Epsilon: 0.00
Episode: 754/10000, Score: -300.0, Epsilon: 0.00
Episode: 755/10000, Score: -300.0, Epsilon: 0.00
Episode: 756/10000, Score: -300.0, Epsilon: 0.00
Episode: 757/10000, Score: -300.0, Epsilon: 0.00
Episode: 758/10000, Score: -300.0, Epsilon: 0.00
Episode: 759/10000, Score: -300.0, Epsilon: 0.00
Episode: 760/10000, Score: -300.0, Epsilon: 0.00
Episode: 761/10000, Score: -300.0, Epsilon: 0.00
Episode: 762/10000, Score: -300.0, Epsilon: 0.00
Episode: 763/10000, Score: -300.0, Epsilon: 0.00
Episode: 764/10000, Score: -300.0, Epsilon: 0.00
Episode: 765/10000, Score: -300.0, Epsilon: 0.00
Episode: 766/10000, Score: -300.0, Epsilon: 0.00
Episode: 767/10000, Score: -300.0, Epsilon: 0.00
Episode: 768/10000, Score: -300.0, Epsilon: 0.00
Episode: 769/10000, Score: -300.0, Epsilon: 0.00
Episode: 770/10000, Score: -300.0, Epsilon: 0.00
Episode: 771/10000, Score: -300.0, Epsilon: 0.00
Episode: 772/10000, Score: -300.0, Epsilon: 0.00
Episode: 773/10000, Score: -300.0, Epsilon: 0.00
Episode: 774/10000, Score: -300.0, Epsilon: 0.00
Episode: 775/10000, Score: -300.0, Epsilon: 0.00
Episode: 776/10000, Score: -300.0, Epsilon: 0.00
Episode: 777/10000, Score: -300.0, Epsilon: 0.00
Episode: 778/10000, Score: -300.0, Epsilon: 0.00
Episode: 779/10000, Score: -300.0, Epsilon: 0.00
Episode: 780/10000, Score: -300.0, Epsilon: 0.00
Episode: 781/10000, Score: -300.0, Epsilon: 0.00
Episode: 782/10000, Score: -300.0, Epsilon: 0.00
Episode: 783/10000, Score: -300.0, Epsilon: 0.00
Episode: 784/10000, Score: -300.0, Epsilon: 0.00
Episode: 785/10000, Score: -300.0, Epsilon: 0.00
Episode: 786/10000, Score: -300.0, Epsilon: 0.00
Episode: 787/10000, Score: -300.0, Epsilon: 0.00
Episode: 788/10000, Score: -300.0, Epsilon: 0.00
Episode: 789/10000, Score: -300.0, Epsilon: 0.00
Episode: 790/10000, Score: -300.0, Epsilon: 0.00
Episode: 791/10000, Score: -300.0, Epsilon: 0.00
Episode: 792/10000, Score: -300.0, Epsilon: 0.00
Episode: 793/10000, Score: -300.0, Epsilon: 0.00
Episode: 794/10000, Score: -300.0, Epsilon: 0.00
Episode: 795/10000, Score: -300.0, Epsilon: 0.00
Episode: 796/10000, Score: -300.0, Epsilon: 0.00
Episode: 797/10000, Score: -300.0, Epsilon: 0.00
Episode: 798/10000, Score: -300.0, Epsilon: 0.00
Episode: 799/10000, Score: -300.0, Epsilon: 0.00
Episode: 800/10000, Score: -300.0, Epsilon: 0.00
Episode: 801/10000, Score: -300.0, Epsilon: 0.00
Episode: 802/10000, Score: -300.0, Epsilon: 0.00
Episode: 803/10000, Score: -300.0, Epsilon: 0.00
Episode: 804/10000, Score: -300.0, Epsilon: 0.00
Episode: 805/10000, Score: -300.0, Epsilon: 0.00
Episode: 806/10000, Score: -300.0, Epsilon: 0.00
Episode: 807/10000, Score: -300.0, Epsilon: 0.00
Episode: 808/10000, Score: -300.0, Epsilon: 0.00
Episode: 809/10000, Score: -300.0, Epsilon: 0.00
Episode: 810/10000, Score: -300.0, Epsilon: 0.00
Episode: 811/10000, Score: -300.0, Epsilon: 0.00
Episode: 812/10000, Score: -300.0, Epsilon: 0.00
Episode: 813/10000, Score: -300.0, Epsilon: 0.00
Episode: 814/10000, Score: -300.0, Epsilon: 0.00
Episode: 815/10000, Score: -300.0, Epsilon: 0.00
Episode: 816/10000, Score: -300.0, Epsilon: 0.00
Episode: 817/10000, Score: -300.0, Epsilon: 0.00
Episode: 818/10000, Score: -300.0, Epsilon: 0.00
Episode: 819/10000, Score: -300.0, Epsilon: 0.00
Episode: 820/10000, Score: -300.0, Epsilon: 0.00
Episode: 821/10000, Score: -300.0, Epsilon: 0.00
Episode: 822/10000, Score: -300.0, Epsilon: 0.00
Episode: 823/10000, Score: -300.0, Epsilon: 0.00
Episode: 824/10000, Score: -300.0, Epsilon: 0.00
Episode: 825/10000, Score: -300.0, Epsilon: 0.00
Episode: 826/10000, Score: -300.0, Epsilon: 0.00
Episode: 827/10000, Score: -300.0, Epsilon: 0.00
Episode: 828/10000, Score: -300.0, Epsilon: 0.00
Episode: 829/10000, Score: -300.0, Epsilon: 0.00
Episode: 830/10000, Score: -300.0, Epsilon: 0.00
Episode: 831/10000, Score: -300.0, Epsilon: 0.00
Episode: 832/10000, Score: -300.0, Epsilon: 0.00
Episode: 833/10000, Score: -300.0, Epsilon: 0.00
Episode: 834/10000, Score: -300.0, Epsilon: 0.00
Episode: 835/10000, Score: -300.0, Epsilon: 0.00
Episode: 836/10000, Score: -300.0, Epsilon: 0.00
Episode: 837/10000, Score: -300.0, Epsilon: 0.00
Episode: 838/10000, Score: -300.0, Epsilon: 0.00
Episode: 839/10000, Score: -300.0, Epsilon: 0.00
Episode: 840/10000, Score: -300.0, Epsilon: 0.00
Episode: 841/10000, Score: -300.0, Epsilon: 0.00
Episode: 842/10000, Score: -300.0, Epsilon: 0.00
Episode: 843/10000, Score: -300.0, Epsilon: 0.00
Episode: 844/10000, Score: -300.0, Epsilon: 0.00
Episode: 845/10000, Score: -300.0, Epsilon: 0.00
Episode: 846/10000, Score: -300.0, Epsilon: 0.00
Episode: 847/10000, Score: -300.0, Epsilon: 0.00
Episode: 848/10000, Score: -300.0, Epsilon: 0.00
Episode: 849/10000, Score: -300.0, Epsilon: 0.00
Episode: 850/10000, Score: -300.0, Epsilon: 0.00
Episode: 851/10000, Score: -300.0, Epsilon: 0.00
Episode: 852/10000, Score: -300.0, Epsilon: 0.00
Episode: 853/10000, Score: -300.0, Epsilon: 0.00
Episode: 854/10000, Score: -300.0, Epsilon: 0.00
Episode: 855/10000, Score: -300.0, Epsilon: 0.00
Episode: 856/10000, Score: -300.0, Epsilon: 0.00
Episode: 857/10000, Score: -300.0, Epsilon: 0.00
Episode: 858/10000, Score: -300.0, Epsilon: 0.00
Episode: 859/10000, Score: -300.0, Epsilon: 0.00
Episode: 860/10000, Score: -300.0, Epsilon: 0.00
Episode: 861/10000, Score: -300.0, Epsilon: 0.00
Episode: 862/10000, Score: -300.0, Epsilon: 0.00
Episode: 863/10000, Score: -300.0, Epsilon: 0.00
Episode: 864/10000, Score: -300.0, Epsilon: 0.00
Episode: 865/10000, Score: -300.0, Epsilon: 0.00
Episode: 866/10000, Score: -300.0, Epsilon: 0.00
Episode: 867/10000, Score: -300.0, Epsilon: 0.00
Episode: 868/10000, Score: -300.0, Epsilon: 0.00
Episode: 869/10000, Score: -300.0, Epsilon: 0.00
Episode: 870/10000, Score: -300.0, Epsilon: 0.00
Episode: 871/10000, Score: -300.0, Epsilon: 0.00
Episode: 872/10000, Score: -300.0, Epsilon: 0.00
Episode: 873/10000, Score: -300.0, Epsilon: 0.00
Episode: 874/10000, Score: -300.0, Epsilon: 0.00
Episode: 875/10000, Score: -300.0, Epsilon: 0.00
Episode: 876/10000, Score: -300.0, Epsilon: 0.00
Episode: 877/10000, Score: -300.0, Epsilon: 0.00
Episode: 878/10000, Score: -300.0, Epsilon: 0.00
Episode: 879/10000, Score: -300.0, Epsilon: 0.00
Episode: 880/10000, Score: -300.0, Epsilon: 0.00
Episode: 881/10000, Score: -300.0, Epsilon: 0.00
Episode: 882/10000, Score: -300.0, Epsilon: 0.00
Episode: 883/10000, Score: -300.0, Epsilon: 0.00
Episode: 884/10000, Score: -300.0, Epsilon: 0.00
Episode: 885/10000, Score: -300.0, Epsilon: 0.00
Episode: 886/10000, Score: -300.0, Epsilon: 0.00
Episode: 887/10000, Score: -300.0, Epsilon: 0.00
Episode: 888/10000, Score: -300.0, Epsilon: 0.00
Episode: 889/10000, Score: -300.0, Epsilon: 0.00
Episode: 890/10000, Score: -300.0, Epsilon: 0.00
Episode: 891/10000, Score: -300.0, Epsilon: 0.00
Episode: 892/10000, Score: -300.0, Epsilon: 0.00
Episode: 893/10000, Score: -300.0, Epsilon: 0.00
Episode: 894/10000, Score: -300.0, Epsilon: 0.00
Episode: 895/10000, Score: -300.0, Epsilon: 0.00
Episode: 896/10000, Score: -300.0, Epsilon: 0.00
Episode: 897/10000, Score: -300.0, Epsilon: 0.00
Episode: 898/10000, Score: -300.0, Epsilon: 0.00
Episode: 899/10000, Score: -300.0, Epsilon: 0.00
Episode: 900/10000, Score: -300.0, Epsilon: 0.00
Episode: 901/10000, Score: -300.0, Epsilon: 0.00
Episode: 902/10000, Score: -300.0, Epsilon: 0.00
Episode: 903/10000, Score: -300.0, Epsilon: 0.00
Episode: 904/10000, Score: -300.0, Epsilon: 0.00
Episode: 905/10000, Score: -300.0, Epsilon: 0.00
Episode: 906/10000, Score: -300.0, Epsilon: 0.00
Episode: 907/10000, Score: -300.0, Epsilon: 0.00
Episode: 908/10000, Score: -300.0, Epsilon: 0.00
Episode: 909/10000, Score: -300.0, Epsilon: 0.00
Episode: 910/10000, Score: -300.0, Epsilon: 0.00
Episode: 911/10000, Score: -300.0, Epsilon: 0.00
Episode: 912/10000, Score: -300.0, Epsilon: 0.00
Episode: 913/10000, Score: -300.0, Epsilon: 0.00
Episode: 914/10000, Score: -300.0, Epsilon: 0.00
Episode: 915/10000, Score: -300.0, Epsilon: 0.00
Episode: 916/10000, Score: -300.0, Epsilon: 0.00
Episode: 917/10000, Score: -300.0, Epsilon: 0.00
Episode: 918/10000, Score: -300.0, Epsilon: 0.00
Episode: 919/10000, Score: -300.0, Epsilon: 0.00
Episode: 920/10000, Score: -300.0, Epsilon: 0.00
Episode: 921/10000, Score: -300.0, Epsilon: 0.00
Episode: 922/10000, Score: -300.0, Epsilon: 0.00
Episode: 923/10000, Score: -300.0, Epsilon: 0.00
Episode: 924/10000, Score: -300.0, Epsilon: 0.00
Episode: 925/10000, Score: -300.0, Epsilon: 0.00
Episode: 926/10000, Score: -300.0, Epsilon: 0.00
Episode: 927/10000, Score: -300.0, Epsilon: 0.00
Episode: 928/10000, Score: -300.0, Epsilon: 0.00
Episode: 929/10000, Score: -300.0, Epsilon: 0.00
Episode: 930/10000, Score: -300.0, Epsilon: 0.00
Episode: 931/10000, Score: -300.0, Epsilon: 0.00
Episode: 932/10000, Score: -300.0, Epsilon: 0.00
Episode: 933/10000, Score: -300.0, Epsilon: 0.00
Episode: 934/10000, Score: -300.0, Epsilon: 0.00
Episode: 935/10000, Score: -300.0, Epsilon: 0.00
Episode: 936/10000, Score: -300.0, Epsilon: 0.00
Episode: 937/10000, Score: -300.0, Epsilon: 0.00
Episode: 938/10000, Score: -300.0, Epsilon: 0.00
Episode: 939/10000, Score: -300.0, Epsilon: 0.00
Episode: 940/10000, Score: -300.0, Epsilon: 0.00
Episode: 941/10000, Score: -300.0, Epsilon: 0.00
Episode: 942/10000, Score: -300.0, Epsilon: 0.00
Episode: 943/10000, Score: -300.0, Epsilon: 0.00
Episode: 944/10000, Score: -300.0, Epsilon: 0.00
Episode: 945/10000, Score: -300.0, Epsilon: 0.00
Episode: 946/10000, Score: -300.0, Epsilon: 0.00
Episode: 947/10000, Score: -300.0, Epsilon: 0.00
Episode: 948/10000, Score: -300.0, Epsilon: 0.00
Episode: 949/10000, Score: -300.0, Epsilon: 0.00
Episode: 950/10000, Score: -300.0, Epsilon: 0.00
Episode: 951/10000, Score: -300.0, Epsilon: 0.00
Episode: 952/10000, Score: -300.0, Epsilon: 0.00
Episode: 953/10000, Score: -300.0, Epsilon: 0.00
Episode: 954/10000, Score: -300.0, Epsilon: 0.00
Episode: 955/10000, Score: -300.0, Epsilon: 0.00
Episode: 956/10000, Score: -300.0, Epsilon: 0.00
Episode: 957/10000, Score: -300.0, Epsilon: 0.00
Episode: 958/10000, Score: -300.0, Epsilon: 0.00
Episode: 959/10000, Score: -300.0, Epsilon: 0.00
Episode: 960/10000, Score: -300.0, Epsilon: 0.00
Episode: 961/10000, Score: -300.0, Epsilon: 0.00
Episode: 962/10000, Score: -300.0, Epsilon: 0.00
Episode: 963/10000, Score: -300.0, Epsilon: 0.00
Episode: 964/10000, Score: -300.0, Epsilon: 0.00
Episode: 965/10000, Score: -300.0, Epsilon: 0.00
Episode: 966/10000, Score: -300.0, Epsilon: 0.00
Episode: 967/10000, Score: -300.0, Epsilon: 0.00
Episode: 968/10000, Score: -300.0, Epsilon: 0.00
Episode: 969/10000, Score: -300.0, Epsilon: 0.00
Episode: 970/10000, Score: -300.0, Epsilon: 0.00
Episode: 971/10000, Score: -300.0, Epsilon: 0.00
Episode: 972/10000, Score: -300.0, Epsilon: 0.00
Episode: 973/10000, Score: -300.0, Epsilon: 0.00
Episode: 974/10000, Score: -300.0, Epsilon: 0.00
Episode: 975/10000, Score: -300.0, Epsilon: 0.00
Episode: 976/10000, Score: -300.0, Epsilon: 0.00
Episode: 977/10000, Score: -300.0, Epsilon: 0.00
Episode: 978/10000, Score: -300.0, Epsilon: 0.00
Episode: 979/10000, Score: -300.0, Epsilon: 0.00
Episode: 980/10000, Score: -300.0, Epsilon: 0.00
Episode: 981/10000, Score: -300.0, Epsilon: 0.00
Episode: 982/10000, Score: -300.0, Epsilon: 0.00
Episode: 983/10000, Score: -300.0, Epsilon: 0.00
Episode: 984/10000, Score: -300.0, Epsilon: 0.00
Episode: 985/10000, Score: -300.0, Epsilon: 0.00
Episode: 986/10000, Score: -300.0, Epsilon: 0.00
Episode: 987/10000, Score: -300.0, Epsilon: 0.00
Episode: 988/10000, Score: -300.0, Epsilon: 0.00
Episode: 989/10000, Score: -300.0, Epsilon: 0.00
Episode: 990/10000, Score: -300.0, Epsilon: 0.00
Episode: 991/10000, Score: -300.0, Epsilon: 0.00
Episode: 992/10000, Score: -300.0, Epsilon: 0.00
Episode: 993/10000, Score: -300.0, Epsilon: 0.00
Episode: 994/10000, Score: -300.0, Epsilon: 0.00
Episode: 995/10000, Score: -300.0, Epsilon: 0.00
Episode: 996/10000, Score: -300.0, Epsilon: 0.00
Episode: 997/10000, Score: -300.0, Epsilon: 0.00
Episode: 998/10000, Score: -300.0, Epsilon: 0.00
Episode: 999/10000, Score: -300.0, Epsilon: 0.00
Episode: 1000/10000, Score: -300.0, Epsilon: 0.00
Episode: 1001/10000, Score: -300.0, Epsilon: 0.00
Episode: 1002/10000, Score: -300.0, Epsilon: 0.00
Episode: 1003/10000, Score: -300.0, Epsilon: 0.00
Episode: 1004/10000, Score: -300.0, Epsilon: 0.00
Episode: 1005/10000, Score: -300.0, Epsilon: 0.00
Episode: 1006/10000, Score: -300.0, Epsilon: 0.00
Episode: 1007/10000, Score: -300.0, Epsilon: 0.00
Episode: 1008/10000, Score: -300.0, Epsilon: 0.00
Episode: 1009/10000, Score: -300.0, Epsilon: 0.00
Episode: 1010/10000, Score: -300.0, Epsilon: 0.00
Episode: 1011/10000, Score: -300.0, Epsilon: 0.00
Episode: 1012/10000, Score: -300.0, Epsilon: 0.00
Episode: 1013/10000, Score: -300.0, Epsilon: 0.00
Episode: 1014/10000, Score: -300.0, Epsilon: 0.00
Episode: 1015/10000, Score: -300.0, Epsilon: 0.00
Episode: 1016/10000, Score: -300.0, Epsilon: 0.00
Episode: 1017/10000, Score: -300.0, Epsilon: 0.00
Episode: 1018/10000, Score: -300.0, Epsilon: 0.00
Episode: 1019/10000, Score: -300.0, Epsilon: 0.00
Episode: 1020/10000, Score: -300.0, Epsilon: 0.00
Episode: 1021/10000, Score: -300.0, Epsilon: 0.00
Episode: 1022/10000, Score: -300.0, Epsilon: 0.00
Episode: 1023/10000, Score: -300.0, Epsilon: 0.00
Episode: 1024/10000, Score: -300.0, Epsilon: 0.00
Episode: 1025/10000, Score: -300.0, Epsilon: 0.00
Episode: 1026/10000, Score: -300.0, Epsilon: 0.00
Episode: 1027/10000, Score: -300.0, Epsilon: 0.00
Episode: 1028/10000, Score: -300.0, Epsilon: 0.00
Episode: 1029/10000, Score: -300.0, Epsilon: 0.00
Episode: 1030/10000, Score: -300.0, Epsilon: 0.00
Episode: 1031/10000, Score: -300.0, Epsilon: 0.00
Episode: 1032/10000, Score: -300.0, Epsilon: 0.00
Episode: 1033/10000, Score: -300.0, Epsilon: 0.00
Episode: 1034/10000, Score: -300.0, Epsilon: 0.00
Episode: 1035/10000, Score: -300.0, Epsilon: 0.00
Episode: 1036/10000, Score: -300.0, Epsilon: 0.00
Episode: 1037/10000, Score: -300.0, Epsilon: 0.00
Episode: 1038/10000, Score: -300.0, Epsilon: 0.00
Episode: 1039/10000, Score: -300.0, Epsilon: 0.00
Episode: 1040/10000, Score: -300.0, Epsilon: 0.00
Episode: 1041/10000, Score: -300.0, Epsilon: 0.00
Episode: 1042/10000, Score: -300.0, Epsilon: 0.00
Episode: 1043/10000, Score: -300.0, Epsilon: 0.00
Episode: 1044/10000, Score: -300.0, Epsilon: 0.00
Episode: 1045/10000, Score: -300.0, Epsilon: 0.00
Episode: 1046/10000, Score: -300.0, Epsilon: 0.00
Episode: 1047/10000, Score: -300.0, Epsilon: 0.00
Episode: 1048/10000, Score: -300.0, Epsilon: 0.00
Episode: 1049/10000, Score: -300.0, Epsilon: 0.00
Episode: 1050/10000, Score: -300.0, Epsilon: 0.00
Episode: 1051/10000, Score: -300.0, Epsilon: 0.00
Episode: 1052/10000, Score: -300.0, Epsilon: 0.00
Episode: 1053/10000, Score: -300.0, Epsilon: 0.00
Episode: 1054/10000, Score: -300.0, Epsilon: 0.00
Episode: 1055/10000, Score: -300.0, Epsilon: 0.00
Episode: 1056/10000, Score: -300.0, Epsilon: 0.00
Episode: 1057/10000, Score: -300.0, Epsilon: 0.00
Episode: 1058/10000, Score: -300.0, Epsilon: 0.00
Episode: 1059/10000, Score: -300.0, Epsilon: 0.00
Episode: 1060/10000, Score: -300.0, Epsilon: 0.00
Episode: 1061/10000, Score: -300.0, Epsilon: 0.00
Episode: 1062/10000, Score: -300.0, Epsilon: 0.00
Episode: 1063/10000, Score: -300.0, Epsilon: 0.00
Episode: 1064/10000, Score: -300.0, Epsilon: 0.00
Episode: 1065/10000, Score: -300.0, Epsilon: 0.00
Episode: 1066/10000, Score: -300.0, Epsilon: 0.00
Episode: 1067/10000, Score: -300.0, Epsilon: 0.00
Episode: 1068/10000, Score: -300.0, Epsilon: 0.00
Episode: 1069/10000, Score: -300.0, Epsilon: 0.00
Episode: 1070/10000, Score: -300.0, Epsilon: 0.00
Episode: 1071/10000, Score: -300.0, Epsilon: 0.00
Episode: 1072/10000, Score: -300.0, Epsilon: 0.00
Episode: 1073/10000, Score: -300.0, Epsilon: 0.00
Episode: 1074/10000, Score: -300.0, Epsilon: 0.00
Episode: 1075/10000, Score: -300.0, Epsilon: 0.00
Episode: 1076/10000, Score: -300.0, Epsilon: 0.00
Episode: 1077/10000, Score: -300.0, Epsilon: 0.00
Episode: 1078/10000, Score: -300.0, Epsilon: 0.00
Episode: 1079/10000, Score: -300.0, Epsilon: 0.00
Episode: 1080/10000, Score: -300.0, Epsilon: 0.00
Episode: 1081/10000, Score: -300.0, Epsilon: 0.00
Episode: 1082/10000, Score: -300.0, Epsilon: 0.00
Episode: 1083/10000, Score: -300.0, Epsilon: 0.00
Episode: 1084/10000, Score: -300.0, Epsilon: 0.00
Episode: 1085/10000, Score: -300.0, Epsilon: 0.00
Episode: 1086/10000, Score: -300.0, Epsilon: 0.00
Episode: 1087/10000, Score: -300.0, Epsilon: 0.00
Episode: 1088/10000, Score: -300.0, Epsilon: 0.00
Episode: 1089/10000, Score: -300.0, Epsilon: 0.00
Episode: 1090/10000, Score: -300.0, Epsilon: 0.00
Episode: 1091/10000, Score: -300.0, Epsilon: 0.00
Episode: 1092/10000, Score: -300.0, Epsilon: 0.00
Episode: 1093/10000, Score: -300.0, Epsilon: 0.00
Episode: 1094/10000, Score: -300.0, Epsilon: 0.00
Episode: 1095/10000, Score: -300.0, Epsilon: 0.00
Episode: 1096/10000, Score: -300.0, Epsilon: 0.00
Episode: 1097/10000, Score: -300.0, Epsilon: 0.00
Episode: 1098/10000, Score: -300.0, Epsilon: 0.00
Episode: 1099/10000, Score: -300.0, Epsilon: 0.00
Episode: 1100/10000, Score: -300.0, Epsilon: 0.00
Episode: 1101/10000, Score: -300.0, Epsilon: 0.00
Episode: 1102/10000, Score: -300.0, Epsilon: 0.00
Episode: 1103/10000, Score: -300.0, Epsilon: 0.00
Episode: 1104/10000, Score: -300.0, Epsilon: 0.00
Episode: 1105/10000, Score: -300.0, Epsilon: 0.00
Episode: 1106/10000, Score: -300.0, Epsilon: 0.00
Episode: 1107/10000, Score: -300.0, Epsilon: 0.00
Episode: 1108/10000, Score: -300.0, Epsilon: 0.00
Episode: 1109/10000, Score: -300.0, Epsilon: 0.00
Episode: 1110/10000, Score: -300.0, Epsilon: 0.00
Episode: 1111/10000, Score: -300.0, Epsilon: 0.00
Episode: 1112/10000, Score: -300.0, Epsilon: 0.00
Episode: 1113/10000, Score: -300.0, Epsilon: 0.00
Episode: 1114/10000, Score: -300.0, Epsilon: 0.00
Episode: 1115/10000, Score: -300.0, Epsilon: 0.00
Episode: 1116/10000, Score: -300.0, Epsilon: 0.00
Episode: 1117/10000, Score: -300.0, Epsilon: 0.00
Episode: 1118/10000, Score: -300.0, Epsilon: 0.00
Episode: 1119/10000, Score: -300.0, Epsilon: 0.00
Episode: 1120/10000, Score: -300.0, Epsilon: 0.00
Episode: 1121/10000, Score: -300.0, Epsilon: 0.00
Episode: 1122/10000, Score: -300.0, Epsilon: 0.00
Episode: 1123/10000, Score: -300.0, Epsilon: 0.00
Episode: 1124/10000, Score: -300.0, Epsilon: 0.00
Episode: 1125/10000, Score: -300.0, Epsilon: 0.00
Episode: 1126/10000, Score: -300.0, Epsilon: 0.00
Episode: 1127/10000, Score: -300.0, Epsilon: 0.00
Episode: 1128/10000, Score: -300.0, Epsilon: 0.00
Episode: 1129/10000, Score: -300.0, Epsilon: 0.00
Episode: 1130/10000, Score: -300.0, Epsilon: 0.00
Episode: 1131/10000, Score: -300.0, Epsilon: 0.00
Episode: 1132/10000, Score: -300.0, Epsilon: 0.00
Episode: 1133/10000, Score: -300.0, Epsilon: 0.00
Episode: 1134/10000, Score: -300.0, Epsilon: 0.00
Episode: 1135/10000, Score: -300.0, Epsilon: 0.00
Episode: 1136/10000, Score: -300.0, Epsilon: 0.00
Episode: 1137/10000, Score: -300.0, Epsilon: 0.00
Episode: 1138/10000, Score: -300.0, Epsilon: 0.00
Episode: 1139/10000, Score: -300.0, Epsilon: 0.00
Episode: 1140/10000, Score: -300.0, Epsilon: 0.00
Episode: 1141/10000, Score: -300.0, Epsilon: 0.00
Episode: 1142/10000, Score: -300.0, Epsilon: 0.00
Episode: 1143/10000, Score: -300.0, Epsilon: 0.00
Episode: 1144/10000, Score: -300.0, Epsilon: 0.00
Episode: 1145/10000, Score: -300.0, Epsilon: 0.00
Episode: 1146/10000, Score: -300.0, Epsilon: 0.00
Episode: 1147/10000, Score: -300.0, Epsilon: 0.00
Episode: 1148/10000, Score: -300.0, Epsilon: 0.00
Episode: 1149/10000, Score: -300.0, Epsilon: 0.00
Episode: 1150/10000, Score: -300.0, Epsilon: 0.00
Episode: 1151/10000, Score: -300.0, Epsilon: 0.00
Episode: 1152/10000, Score: -300.0, Epsilon: 0.00
Episode: 1153/10000, Score: -300.0, Epsilon: 0.00
Episode: 1154/10000, Score: -300.0, Epsilon: 0.00
Episode: 1155/10000, Score: -300.0, Epsilon: 0.00
Episode: 1156/10000, Score: -300.0, Epsilon: 0.00
Episode: 1157/10000, Score: -300.0, Epsilon: 0.00
Episode: 1158/10000, Score: -300.0, Epsilon: 0.00
Episode: 1159/10000, Score: -300.0, Epsilon: 0.00
Episode: 1160/10000, Score: -300.0, Epsilon: 0.00
Episode: 1161/10000, Score: -300.0, Epsilon: 0.00
Episode: 1162/10000, Score: -300.0, Epsilon: 0.00
Episode: 1163/10000, Score: -300.0, Epsilon: 0.00
Episode: 1164/10000, Score: -300.0, Epsilon: 0.00
Episode: 1165/10000, Score: -300.0, Epsilon: 0.00
Episode: 1166/10000, Score: -300.0, Epsilon: 0.00
Episode: 1167/10000, Score: -300.0, Epsilon: 0.00
Episode: 1168/10000, Score: -300.0, Epsilon: 0.00
Episode: 1169/10000, Score: -300.0, Epsilon: 0.00
Episode: 1170/10000, Score: -300.0, Epsilon: 0.00
Episode: 1171/10000, Score: -300.0, Epsilon: 0.00
Episode: 1172/10000, Score: -300.0, Epsilon: 0.00
Episode: 1173/10000, Score: -300.0, Epsilon: 0.00
Episode: 1174/10000, Score: -300.0, Epsilon: 0.00
Episode: 1175/10000, Score: -300.0, Epsilon: 0.00
Episode: 1176/10000, Score: -300.0, Epsilon: 0.00
Episode: 1177/10000, Score: -300.0, Epsilon: 0.00
Episode: 1178/10000, Score: -300.0, Epsilon: 0.00
Episode: 1179/10000, Score: -300.0, Epsilon: 0.00
Episode: 1180/10000, Score: -300.0, Epsilon: 0.00
Episode: 1181/10000, Score: -300.0, Epsilon: 0.00
Episode: 1182/10000, Score: -300.0, Epsilon: 0.00
Episode: 1183/10000, Score: -300.0, Epsilon: 0.00
Episode: 1184/10000, Score: -300.0, Epsilon: 0.00
Episode: 1185/10000, Score: -300.0, Epsilon: 0.00
Episode: 1186/10000, Score: -300.0, Epsilon: 0.00
Episode: 1187/10000, Score: -300.0, Epsilon: 0.00
Episode: 1188/10000, Score: -300.0, Epsilon: 0.00
Episode: 1189/10000, Score: -300.0, Epsilon: 0.00
Episode: 1190/10000, Score: -300.0, Epsilon: 0.00
Episode: 1191/10000, Score: -300.0, Epsilon: 0.00
Episode: 1192/10000, Score: -300.0, Epsilon: 0.00
Episode: 1193/10000, Score: -300.0, Epsilon: 0.00
Episode: 1194/10000, Score: -300.0, Epsilon: 0.00
Episode: 1195/10000, Score: -300.0, Epsilon: 0.00
Episode: 1196/10000, Score: -300.0, Epsilon: 0.00
Episode: 1197/10000, Score: -300.0, Epsilon: 0.00
Episode: 1198/10000, Score: -300.0, Epsilon: 0.00
Episode: 1199/10000, Score: -300.0, Epsilon: 0.00
Episode: 1200/10000, Score: -300.0, Epsilon: 0.00
Episode: 1201/10000, Score: -300.0, Epsilon: 0.00
Episode: 1202/10000, Score: -300.0, Epsilon: 0.00
Episode: 1203/10000, Score: -300.0, Epsilon: 0.00
Episode: 1204/10000, Score: -300.0, Epsilon: 0.00
Episode: 1205/10000, Score: -300.0, Epsilon: 0.00
Episode: 1206/10000, Score: -300.0, Epsilon: 0.00
Episode: 1207/10000, Score: -300.0, Epsilon: 0.00
Episode: 1208/10000, Score: -300.0, Epsilon: 0.00
Episode: 1209/10000, Score: -300.0, Epsilon: 0.00
Episode: 1210/10000, Score: -300.0, Epsilon: 0.00
Episode: 1211/10000, Score: -300.0, Epsilon: 0.00
Episode: 1212/10000, Score: -300.0, Epsilon: 0.00
Episode: 1213/10000, Score: -300.0, Epsilon: 0.00
Episode: 1214/10000, Score: -300.0, Epsilon: 0.00
Episode: 1215/10000, Score: -300.0, Epsilon: 0.00
Episode: 1216/10000, Score: -300.0, Epsilon: 0.00
Episode: 1217/10000, Score: -300.0, Epsilon: 0.00
Episode: 1218/10000, Score: -300.0, Epsilon: 0.00
Episode: 1219/10000, Score: -300.0, Epsilon: 0.00
Episode: 1220/10000, Score: -300.0, Epsilon: 0.00
Episode: 1221/10000, Score: -300.0, Epsilon: 0.00
Episode: 1222/10000, Score: -300.0, Epsilon: 0.00
Episode: 1223/10000, Score: -300.0, Epsilon: 0.00
Episode: 1224/10000, Score: -300.0, Epsilon: 0.00
Episode: 1225/10000, Score: -300.0, Epsilon: 0.00
Episode: 1226/10000, Score: -300.0, Epsilon: 0.00
Episode: 1227/10000, Score: -300.0, Epsilon: 0.00
Episode: 1228/10000, Score: -300.0, Epsilon: 0.00
Episode: 1229/10000, Score: -300.0, Epsilon: 0.00
Episode: 1230/10000, Score: -300.0, Epsilon: 0.00
Episode: 1231/10000, Score: -300.0, Epsilon: 0.00
Episode: 1232/10000, Score: -300.0, Epsilon: 0.00
Episode: 1233/10000, Score: -300.0, Epsilon: 0.00
Episode: 1234/10000, Score: -300.0, Epsilon: 0.00
Episode: 1235/10000, Score: -300.0, Epsilon: 0.00
Episode: 1236/10000, Score: -300.0, Epsilon: 0.00
Episode: 1237/10000, Score: -300.0, Epsilon: 0.00
Episode: 1238/10000, Score: -300.0, Epsilon: 0.00
Episode: 1239/10000, Score: -300.0, Epsilon: 0.00
Episode: 1240/10000, Score: -300.0, Epsilon: 0.00
Episode: 1241/10000, Score: -300.0, Epsilon: 0.00
Episode: 1242/10000, Score: -300.0, Epsilon: 0.00
Episode: 1243/10000, Score: -300.0, Epsilon: 0.00
Episode: 1244/10000, Score: -300.0, Epsilon: 0.00
Episode: 1245/10000, Score: -300.0, Epsilon: 0.00
Episode: 1246/10000, Score: -300.0, Epsilon: 0.00
Episode: 1247/10000, Score: -300.0, Epsilon: 0.00
Episode: 1248/10000, Score: -300.0, Epsilon: 0.00
Episode: 1249/10000, Score: -300.0, Epsilon: 0.00
Episode: 1250/10000, Score: -300.0, Epsilon: 0.00
Episode: 1251/10000, Score: -300.0, Epsilon: 0.00
Episode: 1252/10000, Score: -300.0, Epsilon: 0.00
Episode: 1253/10000, Score: -300.0, Epsilon: 0.00
Episode: 1254/10000, Score: -300.0, Epsilon: 0.00
Episode: 1255/10000, Score: -300.0, Epsilon: 0.00
Episode: 1256/10000, Score: -300.0, Epsilon: 0.00
Episode: 1257/10000, Score: -300.0, Epsilon: 0.00
Episode: 1258/10000, Score: -300.0, Epsilon: 0.00
Episode: 1259/10000, Score: -300.0, Epsilon: 0.00
Episode: 1260/10000, Score: -300.0, Epsilon: 0.00
Episode: 1261/10000, Score: -300.0, Epsilon: 0.00
Episode: 1262/10000, Score: -300.0, Epsilon: 0.00
Episode: 1263/10000, Score: -300.0, Epsilon: 0.00
Episode: 1264/10000, Score: -300.0, Epsilon: 0.00
Episode: 1265/10000, Score: -300.0, Epsilon: 0.00
Episode: 1266/10000, Score: -300.0, Epsilon: 0.00
Episode: 1267/10000, Score: -300.0, Epsilon: 0.00
Episode: 1268/10000, Score: -300.0, Epsilon: 0.00
Episode: 1269/10000, Score: -300.0, Epsilon: 0.00
Episode: 1270/10000, Score: -300.0, Epsilon: 0.00
Episode: 1271/10000, Score: -300.0, Epsilon: 0.00
Episode: 1272/10000, Score: -300.0, Epsilon: 0.00
Episode: 1273/10000, Score: -300.0, Epsilon: 0.00
Episode: 1274/10000, Score: -300.0, Epsilon: 0.00
Episode: 1275/10000, Score: -300.0, Epsilon: 0.00
Episode: 1276/10000, Score: -300.0, Epsilon: 0.00
Episode: 1277/10000, Score: -300.0, Epsilon: 0.00
Episode: 1278/10000, Score: -300.0, Epsilon: 0.00
Episode: 1279/10000, Score: -300.0, Epsilon: 0.00
Episode: 1280/10000, Score: -300.0, Epsilon: 0.00
Episode: 1281/10000, Score: -300.0, Epsilon: 0.00
Episode: 1282/10000, Score: -300.0, Epsilon: 0.00
Episode: 1283/10000, Score: -300.0, Epsilon: 0.00
Episode: 1284/10000, Score: -300.0, Epsilon: 0.00
Episode: 1285/10000, Score: -300.0, Epsilon: 0.00
Episode: 1286/10000, Score: -300.0, Epsilon: 0.00
Episode: 1287/10000, Score: -300.0, Epsilon: 0.00
Episode: 1288/10000, Score: -300.0, Epsilon: 0.00
Episode: 1289/10000, Score: -300.0, Epsilon: 0.00
Episode: 1290/10000, Score: -300.0, Epsilon: 0.00
Episode: 1291/10000, Score: -300.0, Epsilon: 0.00
Episode: 1292/10000, Score: -300.0, Epsilon: 0.00
Episode: 1293/10000, Score: -300.0, Epsilon: 0.00
Episode: 1294/10000, Score: -300.0, Epsilon: 0.00
Episode: 1295/10000, Score: -300.0, Epsilon: 0.00
Episode: 1296/10000, Score: -300.0, Epsilon: 0.00
Episode: 1297/10000, Score: -300.0, Epsilon: 0.00
Episode: 1298/10000, Score: -300.0, Epsilon: 0.00
Episode: 1299/10000, Score: -300.0, Epsilon: 0.00
Episode: 1300/10000, Score: -300.0, Epsilon: 0.00
Episode: 1301/10000, Score: -300.0, Epsilon: 0.00
Episode: 1302/10000, Score: -300.0, Epsilon: 0.00
Episode: 1303/10000, Score: -300.0, Epsilon: 0.00
Episode: 1304/10000, Score: -300.0, Epsilon: 0.00
Episode: 1305/10000, Score: -300.0, Epsilon: 0.00
Episode: 1306/10000, Score: -300.0, Epsilon: 0.00
Episode: 1307/10000, Score: -300.0, Epsilon: 0.00
Episode: 1308/10000, Score: -300.0, Epsilon: 0.00
Episode: 1309/10000, Score: -300.0, Epsilon: 0.00
Episode: 1310/10000, Score: -300.0, Epsilon: 0.00
Episode: 1311/10000, Score: -300.0, Epsilon: 0.00
Episode: 1312/10000, Score: -300.0, Epsilon: 0.00
Episode: 1313/10000, Score: -300.0, Epsilon: 0.00
Episode: 1314/10000, Score: -300.0, Epsilon: 0.00
Episode: 1315/10000, Score: -300.0, Epsilon: 0.00
Episode: 1316/10000, Score: -300.0, Epsilon: 0.00
Episode: 1317/10000, Score: -300.0, Epsilon: 0.00
Episode: 1318/10000, Score: -300.0, Epsilon: 0.00
Episode: 1319/10000, Score: -300.0, Epsilon: 0.00
Episode: 1320/10000, Score: -300.0, Epsilon: 0.00
Episode: 1321/10000, Score: -300.0, Epsilon: 0.00
Episode: 1322/10000, Score: -300.0, Epsilon: 0.00
Episode: 1323/10000, Score: -300.0, Epsilon: 0.00
Episode: 1324/10000, Score: -300.0, Epsilon: 0.00
Episode: 1325/10000, Score: -300.0, Epsilon: 0.00
Episode: 1326/10000, Score: -300.0, Epsilon: 0.00
Episode: 1327/10000, Score: -300.0, Epsilon: 0.00
Episode: 1328/10000, Score: -300.0, Epsilon: 0.00
Episode: 1329/10000, Score: -300.0, Epsilon: 0.00
Episode: 1330/10000, Score: -300.0, Epsilon: 0.00
Episode: 1331/10000, Score: -300.0, Epsilon: 0.00
Episode: 1332/10000, Score: -300.0, Epsilon: 0.00
Episode: 1333/10000, Score: -300.0, Epsilon: 0.00
Episode: 1334/10000, Score: -300.0, Epsilon: 0.00
Episode: 1335/10000, Score: -300.0, Epsilon: 0.00
Episode: 1336/10000, Score: -300.0, Epsilon: 0.00
Episode: 1337/10000, Score: -300.0, Epsilon: 0.00
Episode: 1338/10000, Score: -300.0, Epsilon: 0.00
Episode: 1339/10000, Score: -300.0, Epsilon: 0.00
Episode: 1340/10000, Score: -300.0, Epsilon: 0.00
Episode: 1341/10000, Score: -300.0, Epsilon: 0.00
Episode: 1342/10000, Score: -300.0, Epsilon: 0.00
Episode: 1343/10000, Score: -300.0, Epsilon: 0.00
Episode: 1344/10000, Score: -300.0, Epsilon: 0.00
Episode: 1345/10000, Score: -300.0, Epsilon: 0.00
Episode: 1346/10000, Score: -300.0, Epsilon: 0.00
Episode: 1347/10000, Score: -300.0, Epsilon: 0.00
Episode: 1348/10000, Score: -300.0, Epsilon: 0.00
Episode: 1349/10000, Score: -300.0, Epsilon: 0.00
Episode: 1350/10000, Score: -300.0, Epsilon: 0.00
Episode: 1351/10000, Score: -300.0, Epsilon: 0.00
Episode: 1352/10000, Score: -300.0, Epsilon: 0.00
Episode: 1353/10000, Score: -300.0, Epsilon: 0.00
Episode: 1354/10000, Score: -300.0, Epsilon: 0.00
Episode: 1355/10000, Score: -300.0, Epsilon: 0.00
Episode: 1356/10000, Score: -300.0, Epsilon: 0.00
Episode: 1357/10000, Score: -300.0, Epsilon: 0.00
Episode: 1358/10000, Score: -300.0, Epsilon: 0.00
Episode: 1359/10000, Score: -300.0, Epsilon: 0.00
Episode: 1360/10000, Score: -300.0, Epsilon: 0.00
Episode: 1361/10000, Score: -300.0, Epsilon: 0.00
Episode: 1362/10000, Score: -300.0, Epsilon: 0.00
Episode: 1363/10000, Score: -300.0, Epsilon: 0.00
Episode: 1364/10000, Score: -300.0, Epsilon: 0.00
Episode: 1365/10000, Score: -300.0, Epsilon: 0.00
Episode: 1366/10000, Score: -300.0, Epsilon: 0.00
Episode: 1367/10000, Score: -300.0, Epsilon: 0.00
Episode: 1368/10000, Score: -300.0, Epsilon: 0.00
Episode: 1369/10000, Score: -300.0, Epsilon: 0.00
Episode: 1370/10000, Score: -300.0, Epsilon: 0.00
Episode: 1371/10000, Score: -300.0, Epsilon: 0.00
Episode: 1372/10000, Score: -300.0, Epsilon: 0.00
Episode: 1373/10000, Score: -300.0, Epsilon: 0.00
Episode: 1374/10000, Score: -300.0, Epsilon: 0.00
Episode: 1375/10000, Score: -300.0, Epsilon: 0.00
Episode: 1376/10000, Score: -300.0, Epsilon: 0.00
Episode: 1377/10000, Score: -300.0, Epsilon: 0.00
Episode: 1378/10000, Score: -300.0, Epsilon: 0.00
Episode: 1379/10000, Score: -300.0, Epsilon: 0.00
Episode: 1380/10000, Score: -300.0, Epsilon: 0.00
Episode: 1381/10000, Score: -300.0, Epsilon: 0.00
Episode: 1382/10000, Score: -300.0, Epsilon: 0.00
Episode: 1383/10000, Score: -300.0, Epsilon: 0.00
Episode: 1384/10000, Score: -300.0, Epsilon: 0.00
Episode: 1385/10000, Score: -300.0, Epsilon: 0.00
Episode: 1386/10000, Score: -300.0, Epsilon: 0.00
Episode: 1387/10000, Score: -300.0, Epsilon: 0.00
Episode: 1388/10000, Score: -300.0, Epsilon: 0.00
Episode: 1389/10000, Score: -300.0, Epsilon: 0.00
Episode: 1390/10000, Score: -300.0, Epsilon: 0.00
Episode: 1391/10000, Score: -300.0, Epsilon: 0.00
Episode: 1392/10000, Score: -300.0, Epsilon: 0.00
Episode: 1393/10000, Score: -300.0, Epsilon: 0.00
Episode: 1394/10000, Score: -300.0, Epsilon: 0.00
Episode: 1395/10000, Score: -300.0, Epsilon: 0.00
Episode: 1396/10000, Score: -300.0, Epsilon: 0.00
Episode: 1397/10000, Score: -300.0, Epsilon: 0.00
Episode: 1398/10000, Score: -300.0, Epsilon: 0.00
Episode: 1399/10000, Score: -300.0, Epsilon: 0.00
Episode: 1400/10000, Score: -300.0, Epsilon: 0.00
Episode: 1401/10000, Score: -300.0, Epsilon: 0.00
Episode: 1402/10000, Score: -300.0, Epsilon: 0.00
Episode: 1403/10000, Score: -300.0, Epsilon: 0.00
Episode: 1404/10000, Score: -300.0, Epsilon: 0.00
Episode: 1405/10000, Score: -300.0, Epsilon: 0.00
Episode: 1406/10000, Score: -300.0, Epsilon: 0.00
Episode: 1407/10000, Score: -300.0, Epsilon: 0.00
Episode: 1408/10000, Score: -300.0, Epsilon: 0.00
Episode: 1409/10000, Score: -300.0, Epsilon: 0.00
Episode: 1410/10000, Score: -300.0, Epsilon: 0.00
Episode: 1411/10000, Score: -300.0, Epsilon: 0.00
Episode: 1412/10000, Score: -300.0, Epsilon: 0.00
Episode: 1413/10000, Score: -300.0, Epsilon: 0.00
Episode: 1414/10000, Score: -300.0, Epsilon: 0.00
Episode: 1415/10000, Score: -300.0, Epsilon: 0.00
Episode: 1416/10000, Score: -300.0, Epsilon: 0.00
Episode: 1417/10000, Score: -300.0, Epsilon: 0.00
Episode: 1418/10000, Score: -300.0, Epsilon: 0.00
Episode: 1419/10000, Score: -300.0, Epsilon: 0.00
Episode: 1420/10000, Score: -300.0, Epsilon: 0.00
Episode: 1421/10000, Score: -300.0, Epsilon: 0.00
Episode: 1422/10000, Score: -300.0, Epsilon: 0.00
Episode: 1423/10000, Score: -300.0, Epsilon: 0.00
Episode: 1424/10000, Score: -300.0, Epsilon: 0.00
Episode: 1425/10000, Score: -300.0, Epsilon: 0.00
Episode: 1426/10000, Score: -300.0, Epsilon: 0.00
Episode: 1427/10000, Score: -300.0, Epsilon: 0.00
Episode: 1428/10000, Score: -300.0, Epsilon: 0.00
Episode: 1429/10000, Score: -300.0, Epsilon: 0.00
Episode: 1430/10000, Score: -300.0, Epsilon: 0.00
Episode: 1431/10000, Score: -300.0, Epsilon: 0.00
Episode: 1432/10000, Score: -300.0, Epsilon: 0.00
Episode: 1433/10000, Score: -300.0, Epsilon: 0.00
Episode: 1434/10000, Score: -300.0, Epsilon: 0.00
Episode: 1435/10000, Score: -300.0, Epsilon: 0.00
Episode: 1436/10000, Score: -300.0, Epsilon: 0.00
Episode: 1437/10000, Score: -300.0, Epsilon: 0.00
Episode: 1438/10000, Score: -300.0, Epsilon: 0.00
Episode: 1439/10000, Score: -300.0, Epsilon: 0.00
Episode: 1440/10000, Score: -300.0, Epsilon: 0.00
Episode: 1441/10000, Score: -300.0, Epsilon: 0.00
Episode: 1442/10000, Score: -300.0, Epsilon: 0.00
Episode: 1443/10000, Score: -300.0, Epsilon: 0.00
Episode: 1444/10000, Score: -300.0, Epsilon: 0.00
Episode: 1445/10000, Score: -300.0, Epsilon: 0.00
Episode: 1446/10000, Score: -300.0, Epsilon: 0.00
Episode: 1447/10000, Score: -300.0, Epsilon: 0.00
Episode: 1448/10000, Score: -300.0, Epsilon: 0.00
Episode: 1449/10000, Score: -300.0, Epsilon: 0.00
Episode: 1450/10000, Score: -300.0, Epsilon: 0.00
Episode: 1451/10000, Score: -300.0, Epsilon: 0.00
Episode: 1452/10000, Score: -300.0, Epsilon: 0.00
Episode: 1453/10000, Score: -300.0, Epsilon: 0.00
Episode: 1454/10000, Score: -300.0, Epsilon: 0.00
Episode: 1455/10000, Score: -300.0, Epsilon: 0.00
Episode: 1456/10000, Score: -300.0, Epsilon: 0.00
Episode: 1457/10000, Score: -300.0, Epsilon: 0.00
Episode: 1458/10000, Score: -300.0, Epsilon: 0.00
Episode: 1459/10000, Score: -300.0, Epsilon: 0.00
Episode: 1460/10000, Score: -300.0, Epsilon: 0.00
Episode: 1461/10000, Score: -300.0, Epsilon: 0.00
Episode: 1462/10000, Score: -300.0, Epsilon: 0.00
Episode: 1463/10000, Score: -300.0, Epsilon: 0.00
Episode: 1464/10000, Score: -300.0, Epsilon: 0.00
Episode: 1465/10000, Score: -300.0, Epsilon: 0.00
Episode: 1466/10000, Score: -300.0, Epsilon: 0.00
Episode: 1467/10000, Score: -300.0, Epsilon: 0.00
Episode: 1468/10000, Score: -300.0, Epsilon: 0.00
Episode: 1469/10000, Score: -300.0, Epsilon: 0.00
Episode: 1470/10000, Score: -300.0, Epsilon: 0.00
Episode: 1471/10000, Score: -300.0, Epsilon: 0.00
Episode: 1472/10000, Score: -300.0, Epsilon: 0.00
Episode: 1473/10000, Score: -300.0, Epsilon: 0.00
Episode: 1474/10000, Score: -300.0, Epsilon: 0.00
Episode: 1475/10000, Score: -300.0, Epsilon: 0.00
Episode: 1476/10000, Score: -300.0, Epsilon: 0.00
Episode: 1477/10000, Score: -300.0, Epsilon: 0.00
Episode: 1478/10000, Score: -300.0, Epsilon: 0.00
Episode: 1479/10000, Score: -300.0, Epsilon: 0.00
Episode: 1480/10000, Score: -300.0, Epsilon: 0.00
Episode: 1481/10000, Score: -300.0, Epsilon: 0.00
Episode: 1482/10000, Score: -300.0, Epsilon: 0.00
Episode: 1483/10000, Score: -300.0, Epsilon: 0.00
Episode: 1484/10000, Score: -300.0, Epsilon: 0.00
Episode: 1485/10000, Score: -300.0, Epsilon: 0.00
Episode: 1486/10000, Score: -300.0, Epsilon: 0.00
Episode: 1487/10000, Score: -300.0, Epsilon: 0.00
Episode: 1488/10000, Score: -300.0, Epsilon: 0.00
Episode: 1489/10000, Score: -300.0, Epsilon: 0.00
Episode: 1490/10000, Score: -300.0, Epsilon: 0.00
Episode: 1491/10000, Score: -300.0, Epsilon: 0.00
Episode: 1492/10000, Score: -300.0, Epsilon: 0.00
Episode: 1493/10000, Score: -300.0, Epsilon: 0.00
Episode: 1494/10000, Score: -300.0, Epsilon: 0.00
Episode: 1495/10000, Score: -300.0, Epsilon: 0.00
Episode: 1496/10000, Score: -300.0, Epsilon: 0.00
Episode: 1497/10000, Score: -300.0, Epsilon: 0.00
Episode: 1498/10000, Score: -300.0, Epsilon: 0.00
Episode: 1499/10000, Score: -300.0, Epsilon: 0.00
Episode: 1500/10000, Score: -300.0, Epsilon: 0.00
Episode: 1501/10000, Score: -300.0, Epsilon: 0.00
Episode: 1502/10000, Score: -300.0, Epsilon: 0.00
Episode: 1503/10000, Score: -300.0, Epsilon: 0.00
Episode: 1504/10000, Score: -300.0, Epsilon: 0.00
Episode: 1505/10000, Score: -300.0, Epsilon: 0.00
Episode: 1506/10000, Score: -300.0, Epsilon: 0.00
Episode: 1507/10000, Score: -300.0, Epsilon: 0.00
Episode: 1508/10000, Score: -300.0, Epsilon: 0.00
Episode: 1509/10000, Score: -300.0, Epsilon: 0.00
Episode: 1510/10000, Score: -300.0, Epsilon: 0.00
Episode: 1511/10000, Score: -300.0, Epsilon: 0.00
Episode: 1512/10000, Score: -300.0, Epsilon: 0.00
Episode: 1513/10000, Score: -300.0, Epsilon: 0.00
Episode: 1514/10000, Score: -300.0, Epsilon: 0.00
Episode: 1515/10000, Score: -300.0, Epsilon: 0.00
Episode: 1516/10000, Score: -300.0, Epsilon: 0.00
Episode: 1517/10000, Score: -300.0, Epsilon: 0.00
Episode: 1518/10000, Score: -300.0, Epsilon: 0.00
Episode: 1519/10000, Score: -300.0, Epsilon: 0.00
Episode: 1520/10000, Score: -300.0, Epsilon: 0.00
Episode: 1521/10000, Score: -300.0, Epsilon: 0.00
Episode: 1522/10000, Score: -300.0, Epsilon: 0.00
Episode: 1523/10000, Score: -300.0, Epsilon: 0.00
Episode: 1524/10000, Score: -300.0, Epsilon: 0.00
Episode: 1525/10000, Score: -300.0, Epsilon: 0.00
Episode: 1526/10000, Score: -300.0, Epsilon: 0.00
Episode: 1527/10000, Score: -300.0, Epsilon: 0.00
Episode: 1528/10000, Score: -300.0, Epsilon: 0.00
Episode: 1529/10000, Score: -300.0, Epsilon: 0.00
Episode: 1530/10000, Score: -300.0, Epsilon: 0.00
Episode: 1531/10000, Score: -300.0, Epsilon: 0.00
Episode: 1532/10000, Score: -300.0, Epsilon: 0.00
Episode: 1533/10000, Score: -300.0, Epsilon: 0.00
Episode: 1534/10000, Score: -300.0, Epsilon: 0.00
Episode: 1535/10000, Score: -300.0, Epsilon: 0.00
Episode: 1536/10000, Score: -300.0, Epsilon: 0.00
Episode: 1537/10000, Score: -300.0, Epsilon: 0.00
Episode: 1538/10000, Score: -300.0, Epsilon: 0.00
Episode: 1539/10000, Score: -300.0, Epsilon: 0.00
Episode: 1540/10000, Score: -300.0, Epsilon: 0.00
Episode: 1541/10000, Score: -300.0, Epsilon: 0.00
Episode: 1542/10000, Score: -300.0, Epsilon: 0.00
Episode: 1543/10000, Score: -300.0, Epsilon: 0.00
Episode: 1544/10000, Score: -300.0, Epsilon: 0.00
Episode: 1545/10000, Score: -300.0, Epsilon: 0.00
Episode: 1546/10000, Score: -300.0, Epsilon: 0.00
Episode: 1547/10000, Score: -300.0, Epsilon: 0.00
Episode: 1548/10000, Score: -300.0, Epsilon: 0.00
Episode: 1549/10000, Score: -300.0, Epsilon: 0.00
Episode: 1550/10000, Score: -300.0, Epsilon: 0.00
Episode: 1551/10000, Score: -300.0, Epsilon: 0.00
Episode: 1552/10000, Score: -300.0, Epsilon: 0.00
Episode: 1553/10000, Score: -300.0, Epsilon: 0.00
Episode: 1554/10000, Score: -300.0, Epsilon: 0.00
Episode: 1555/10000, Score: -300.0, Epsilon: 0.00
Episode: 1556/10000, Score: -300.0, Epsilon: 0.00
Episode: 1557/10000, Score: -300.0, Epsilon: 0.00
Episode: 1558/10000, Score: -300.0, Epsilon: 0.00
Episode: 1559/10000, Score: -300.0, Epsilon: 0.00
Episode: 1560/10000, Score: -300.0, Epsilon: 0.00
Episode: 1561/10000, Score: -300.0, Epsilon: 0.00
Episode: 1562/10000, Score: -300.0, Epsilon: 0.00
Episode: 1563/10000, Score: -300.0, Epsilon: 0.00
Episode: 1564/10000, Score: -300.0, Epsilon: 0.00
Episode: 1565/10000, Score: -300.0, Epsilon: 0.00
Episode: 1566/10000, Score: -300.0, Epsilon: 0.00
Episode: 1567/10000, Score: -300.0, Epsilon: 0.00
Episode: 1568/10000, Score: -300.0, Epsilon: 0.00
Episode: 1569/10000, Score: -300.0, Epsilon: 0.00
Episode: 1570/10000, Score: -300.0, Epsilon: 0.00
Episode: 1571/10000, Score: -300.0, Epsilon: 0.00
Episode: 1572/10000, Score: -300.0, Epsilon: 0.00
Episode: 1573/10000, Score: -300.0, Epsilon: 0.00
Episode: 1574/10000, Score: -300.0, Epsilon: 0.00
Episode: 1575/10000, Score: -300.0, Epsilon: 0.00
Episode: 1576/10000, Score: -300.0, Epsilon: 0.00
Episode: 1577/10000, Score: -300.0, Epsilon: 0.00
Episode: 1578/10000, Score: -300.0, Epsilon: 0.00
Episode: 1579/10000, Score: -300.0, Epsilon: 0.00
Episode: 1580/10000, Score: -300.0, Epsilon: 0.00
Episode: 1581/10000, Score: -300.0, Epsilon: 0.00
Episode: 1582/10000, Score: -300.0, Epsilon: 0.00
Episode: 1583/10000, Score: -300.0, Epsilon: 0.00
Episode: 1584/10000, Score: -300.0, Epsilon: 0.00
Episode: 1585/10000, Score: -300.0, Epsilon: 0.00
Episode: 1586/10000, Score: -300.0, Epsilon: 0.00
Episode: 1587/10000, Score: -300.0, Epsilon: 0.00
Episode: 1588/10000, Score: -300.0, Epsilon: 0.00
Episode: 1589/10000, Score: -300.0, Epsilon: 0.00
Episode: 1590/10000, Score: -300.0, Epsilon: 0.00
Episode: 1591/10000, Score: -300.0, Epsilon: 0.00
Episode: 1592/10000, Score: -300.0, Epsilon: 0.00
Episode: 1593/10000, Score: -300.0, Epsilon: 0.00
Episode: 1594/10000, Score: -300.0, Epsilon: 0.00
Episode: 1595/10000, Score: -300.0, Epsilon: 0.00
Episode: 1596/10000, Score: -300.0, Epsilon: 0.00
Episode: 1597/10000, Score: -300.0, Epsilon: 0.00
Episode: 1598/10000, Score: -300.0, Epsilon: 0.00
Episode: 1599/10000, Score: -300.0, Epsilon: 0.00
Episode: 1600/10000, Score: -300.0, Epsilon: 0.00
Episode: 1601/10000, Score: -300.0, Epsilon: 0.00
Episode: 1602/10000, Score: -300.0, Epsilon: 0.00
Episode: 1603/10000, Score: -300.0, Epsilon: 0.00
Episode: 1604/10000, Score: -300.0, Epsilon: 0.00
Episode: 1605/10000, Score: -300.0, Epsilon: 0.00
Episode: 1606/10000, Score: -300.0, Epsilon: 0.00
Episode: 1607/10000, Score: -300.0, Epsilon: 0.00
Episode: 1608/10000, Score: -300.0, Epsilon: 0.00
Episode: 1609/10000, Score: -300.0, Epsilon: 0.00
Episode: 1610/10000, Score: -300.0, Epsilon: 0.00
Episode: 1611/10000, Score: -300.0, Epsilon: 0.00
Episode: 1612/10000, Score: -300.0, Epsilon: 0.00
Episode: 1613/10000, Score: -300.0, Epsilon: 0.00
Episode: 1614/10000, Score: -300.0, Epsilon: 0.00
Episode: 1615/10000, Score: -300.0, Epsilon: 0.00
Episode: 1616/10000, Score: -300.0, Epsilon: 0.00
Episode: 1617/10000, Score: -300.0, Epsilon: 0.00
Episode: 1618/10000, Score: -300.0, Epsilon: 0.00
Episode: 1619/10000, Score: -300.0, Epsilon: 0.00
Episode: 1620/10000, Score: -300.0, Epsilon: 0.00
Episode: 1621/10000, Score: -300.0, Epsilon: 0.00
Episode: 1622/10000, Score: -300.0, Epsilon: 0.00
Episode: 1623/10000, Score: -300.0, Epsilon: 0.00
Episode: 1624/10000, Score: -300.0, Epsilon: 0.00
Episode: 1625/10000, Score: -300.0, Epsilon: 0.00
Episode: 1626/10000, Score: -300.0, Epsilon: 0.00
Episode: 1627/10000, Score: -300.0, Epsilon: 0.00
Episode: 1628/10000, Score: -300.0, Epsilon: 0.00
Episode: 1629/10000, Score: -300.0, Epsilon: 0.00
Episode: 1630/10000, Score: -300.0, Epsilon: 0.00
Episode: 1631/10000, Score: -300.0, Epsilon: 0.00
Episode: 1632/10000, Score: -300.0, Epsilon: 0.00
Episode: 1633/10000, Score: -300.0, Epsilon: 0.00
Episode: 1634/10000, Score: -300.0, Epsilon: 0.00
Episode: 1635/10000, Score: -300.0, Epsilon: 0.00
Episode: 1636/10000, Score: -300.0, Epsilon: 0.00
Episode: 1637/10000, Score: -300.0, Epsilon: 0.00
Episode: 1638/10000, Score: -300.0, Epsilon: 0.00
Episode: 1639/10000, Score: -300.0, Epsilon: 0.00
Episode: 1640/10000, Score: -300.0, Epsilon: 0.00
Episode: 1641/10000, Score: -300.0, Epsilon: 0.00
Episode: 1642/10000, Score: -300.0, Epsilon: 0.00
Episode: 1643/10000, Score: -300.0, Epsilon: 0.00
Episode: 1644/10000, Score: -300.0, Epsilon: 0.00
Episode: 1645/10000, Score: -300.0, Epsilon: 0.00
Episode: 1646/10000, Score: -300.0, Epsilon: 0.00
Episode: 1647/10000, Score: -300.0, Epsilon: 0.00
Episode: 1648/10000, Score: -300.0, Epsilon: 0.00
Episode: 1649/10000, Score: -300.0, Epsilon: 0.00
Episode: 1650/10000, Score: -300.0, Epsilon: 0.00
Episode: 1651/10000, Score: -300.0, Epsilon: 0.00
Episode: 1652/10000, Score: -300.0, Epsilon: 0.00
Episode: 1653/10000, Score: -300.0, Epsilon: 0.00
Episode: 1654/10000, Score: -300.0, Epsilon: 0.00
Episode: 1655/10000, Score: -300.0, Epsilon: 0.00
Episode: 1656/10000, Score: -300.0, Epsilon: 0.00
Episode: 1657/10000, Score: -300.0, Epsilon: 0.00
Episode: 1658/10000, Score: -300.0, Epsilon: 0.00
Episode: 1659/10000, Score: -300.0, Epsilon: 0.00
Episode: 1660/10000, Score: -300.0, Epsilon: 0.00
Episode: 1661/10000, Score: -300.0, Epsilon: 0.00
Episode: 1662/10000, Score: -300.0, Epsilon: 0.00
Episode: 1663/10000, Score: -300.0, Epsilon: 0.00
Episode: 1664/10000, Score: -300.0, Epsilon: 0.00
Episode: 1665/10000, Score: -300.0, Epsilon: 0.00
Episode: 1666/10000, Score: -300.0, Epsilon: 0.00
Episode: 1667/10000, Score: -300.0, Epsilon: 0.00
Episode: 1668/10000, Score: -300.0, Epsilon: 0.00
Episode: 1669/10000, Score: -300.0, Epsilon: 0.00
Episode: 1670/10000, Score: -300.0, Epsilon: 0.00
Episode: 1671/10000, Score: -300.0, Epsilon: 0.00
Episode: 1672/10000, Score: -300.0, Epsilon: 0.00
Episode: 1673/10000, Score: -300.0, Epsilon: 0.00
Episode: 1674/10000, Score: -300.0, Epsilon: 0.00
Episode: 1675/10000, Score: -300.0, Epsilon: 0.00
Episode: 1676/10000, Score: -300.0, Epsilon: 0.00
Episode: 1677/10000, Score: -300.0, Epsilon: 0.00
Episode: 1678/10000, Score: -300.0, Epsilon: 0.00
Episode: 1679/10000, Score: -300.0, Epsilon: 0.00
Episode: 1680/10000, Score: -300.0, Epsilon: 0.00
Episode: 1681/10000, Score: -300.0, Epsilon: 0.00
Episode: 1682/10000, Score: -300.0, Epsilon: 0.00
Episode: 1683/10000, Score: -300.0, Epsilon: 0.00
Episode: 1684/10000, Score: -300.0, Epsilon: 0.00
Episode: 1685/10000, Score: -300.0, Epsilon: 0.00
Episode: 1686/10000, Score: -300.0, Epsilon: 0.00
Episode: 1687/10000, Score: -300.0, Epsilon: 0.00
Episode: 1688/10000, Score: -300.0, Epsilon: 0.00
Episode: 1689/10000, Score: -300.0, Epsilon: 0.00
Episode: 1690/10000, Score: -300.0, Epsilon: 0.00
Episode: 1691/10000, Score: -300.0, Epsilon: 0.00
Episode: 1692/10000, Score: -300.0, Epsilon: 0.00
Episode: 1693/10000, Score: -300.0, Epsilon: 0.00
Episode: 1694/10000, Score: -300.0, Epsilon: 0.00
Episode: 1695/10000, Score: -300.0, Epsilon: 0.00
Episode: 1696/10000, Score: -300.0, Epsilon: 0.00
Episode: 1697/10000, Score: -300.0, Epsilon: 0.00
Episode: 1698/10000, Score: -300.0, Epsilon: 0.00
Episode: 1699/10000, Score: -300.0, Epsilon: 0.00
Episode: 1700/10000, Score: -300.0, Epsilon: 0.00
Episode: 1701/10000, Score: -300.0, Epsilon: 0.00
Episode: 1702/10000, Score: -300.0, Epsilon: 0.00
Episode: 1703/10000, Score: -300.0, Epsilon: 0.00
Episode: 1704/10000, Score: -300.0, Epsilon: 0.00
Episode: 1705/10000, Score: -300.0, Epsilon: 0.00
Episode: 1706/10000, Score: -300.0, Epsilon: 0.00
Episode: 1707/10000, Score: -300.0, Epsilon: 0.00
Episode: 1708/10000, Score: -300.0, Epsilon: 0.00
Episode: 1709/10000, Score: -300.0, Epsilon: 0.00
Episode: 1710/10000, Score: -300.0, Epsilon: 0.00
Episode: 1711/10000, Score: -300.0, Epsilon: 0.00
Episode: 1712/10000, Score: -300.0, Epsilon: 0.00
Episode: 1713/10000, Score: -300.0, Epsilon: 0.00
Episode: 1714/10000, Score: -300.0, Epsilon: 0.00
Episode: 1715/10000, Score: -300.0, Epsilon: 0.00
Episode: 1716/10000, Score: -300.0, Epsilon: 0.00
Episode: 1717/10000, Score: -300.0, Epsilon: 0.00
Episode: 1718/10000, Score: -300.0, Epsilon: 0.00
Episode: 1719/10000, Score: -300.0, Epsilon: 0.00
Episode: 1720/10000, Score: -300.0, Epsilon: 0.00
Episode: 1721/10000, Score: -300.0, Epsilon: 0.00
Episode: 1722/10000, Score: -300.0, Epsilon: 0.00
Episode: 1723/10000, Score: -300.0, Epsilon: 0.00
Episode: 1724/10000, Score: -300.0, Epsilon: 0.00
Episode: 1725/10000, Score: -300.0, Epsilon: 0.00
Episode: 1726/10000, Score: -300.0, Epsilon: 0.00
Episode: 1727/10000, Score: -300.0, Epsilon: 0.00
Episode: 1728/10000, Score: -300.0, Epsilon: 0.00
Episode: 1729/10000, Score: -300.0, Epsilon: 0.00
Episode: 1730/10000, Score: -300.0, Epsilon: 0.00
Episode: 1731/10000, Score: -300.0, Epsilon: 0.00
Episode: 1732/10000, Score: -300.0, Epsilon: 0.00
Episode: 1733/10000, Score: -300.0, Epsilon: 0.00
Episode: 1734/10000, Score: -300.0, Epsilon: 0.00
Episode: 1735/10000, Score: -300.0, Epsilon: 0.00
Episode: 1736/10000, Score: -300.0, Epsilon: 0.00
Episode: 1737/10000, Score: -300.0, Epsilon: 0.00
Episode: 1738/10000, Score: -300.0, Epsilon: 0.00
Episode: 1739/10000, Score: -300.0, Epsilon: 0.00
Episode: 1740/10000, Score: -300.0, Epsilon: 0.00
Episode: 1741/10000, Score: -300.0, Epsilon: 0.00
Episode: 1742/10000, Score: -300.0, Epsilon: 0.00
Episode: 1743/10000, Score: -300.0, Epsilon: 0.00
Episode: 1744/10000, Score: -300.0, Epsilon: 0.00
Episode: 1745/10000, Score: -300.0, Epsilon: 0.00
Episode: 1746/10000, Score: -300.0, Epsilon: 0.00
Episode: 1747/10000, Score: -300.0, Epsilon: 0.00
Episode: 1748/10000, Score: -300.0, Epsilon: 0.00
Episode: 1749/10000, Score: -300.0, Epsilon: 0.00
Episode: 1750/10000, Score: -300.0, Epsilon: 0.00
Episode: 1751/10000, Score: -300.0, Epsilon: 0.00
Episode: 1752/10000, Score: -300.0, Epsilon: 0.00
Episode: 1753/10000, Score: -300.0, Epsilon: 0.00
Episode: 1754/10000, Score: -300.0, Epsilon: 0.00
Episode: 1755/10000, Score: -300.0, Epsilon: 0.00
Episode: 1756/10000, Score: -300.0, Epsilon: 0.00
Episode: 1757/10000, Score: -300.0, Epsilon: 0.00
Episode: 1758/10000, Score: -300.0, Epsilon: 0.00
Episode: 1759/10000, Score: -300.0, Epsilon: 0.00
Episode: 1760/10000, Score: -300.0, Epsilon: 0.00
Episode: 1761/10000, Score: -300.0, Epsilon: 0.00
Episode: 1762/10000, Score: -300.0, Epsilon: 0.00
Episode: 1763/10000, Score: -300.0, Epsilon: 0.00
Episode: 1764/10000, Score: -300.0, Epsilon: 0.00
Episode: 1765/10000, Score: -300.0, Epsilon: 0.00
Episode: 1766/10000, Score: -300.0, Epsilon: 0.00
Episode: 1767/10000, Score: -300.0, Epsilon: 0.00
Episode: 1768/10000, Score: -300.0, Epsilon: 0.00
Episode: 1769/10000, Score: -300.0, Epsilon: 0.00
Episode: 1770/10000, Score: -300.0, Epsilon: 0.00
Episode: 1771/10000, Score: -300.0, Epsilon: 0.00
Episode: 1772/10000, Score: -300.0, Epsilon: 0.00
Episode: 1773/10000, Score: -300.0, Epsilon: 0.00
Episode: 1774/10000, Score: -300.0, Epsilon: 0.00
Episode: 1775/10000, Score: -300.0, Epsilon: 0.00
Episode: 1776/10000, Score: -300.0, Epsilon: 0.00
Episode: 1777/10000, Score: -300.0, Epsilon: 0.00
Episode: 1778/10000, Score: -300.0, Epsilon: 0.00
Episode: 1779/10000, Score: -300.0, Epsilon: 0.00
Episode: 1780/10000, Score: -300.0, Epsilon: 0.00
Episode: 1781/10000, Score: -300.0, Epsilon: 0.00
Episode: 1782/10000, Score: -300.0, Epsilon: 0.00
Episode: 1783/10000, Score: -300.0, Epsilon: 0.00
Episode: 1784/10000, Score: -300.0, Epsilon: 0.00
Episode: 1785/10000, Score: -300.0, Epsilon: 0.00
Episode: 1786/10000, Score: -300.0, Epsilon: 0.00
Episode: 1787/10000, Score: -300.0, Epsilon: 0.00
Episode: 1788/10000, Score: -300.0, Epsilon: 0.00
Episode: 1789/10000, Score: -300.0, Epsilon: 0.00
Episode: 1790/10000, Score: -300.0, Epsilon: 0.00
Episode: 1791/10000, Score: -300.0, Epsilon: 0.00
Episode: 1792/10000, Score: -300.0, Epsilon: 0.00
Episode: 1793/10000, Score: -300.0, Epsilon: 0.00
Episode: 1794/10000, Score: -300.0, Epsilon: 0.00
Episode: 1795/10000, Score: -300.0, Epsilon: 0.00
Episode: 1796/10000, Score: -300.0, Epsilon: 0.00
Episode: 1797/10000, Score: -300.0, Epsilon: 0.00
Episode: 1798/10000, Score: -300.0, Epsilon: 0.00
Episode: 1799/10000, Score: -300.0, Epsilon: 0.00
Episode: 1800/10000, Score: -300.0, Epsilon: 0.00
Episode: 1801/10000, Score: -300.0, Epsilon: 0.00
Episode: 1802/10000, Score: -300.0, Epsilon: 0.00
Episode: 1803/10000, Score: -300.0, Epsilon: 0.00
Episode: 1804/10000, Score: -300.0, Epsilon: 0.00
Episode: 1805/10000, Score: -300.0, Epsilon: 0.00
Episode: 1806/10000, Score: -300.0, Epsilon: 0.00
Episode: 1807/10000, Score: -300.0, Epsilon: 0.00
Episode: 1808/10000, Score: -300.0, Epsilon: 0.00
Episode: 1809/10000, Score: -300.0, Epsilon: 0.00
Episode: 1810/10000, Score: -300.0, Epsilon: 0.00
Episode: 1811/10000, Score: -300.0, Epsilon: 0.00
Episode: 1812/10000, Score: -300.0, Epsilon: 0.00
Episode: 1813/10000, Score: -300.0, Epsilon: 0.00
Episode: 1814/10000, Score: -300.0, Epsilon: 0.00
Episode: 1815/10000, Score: -300.0, Epsilon: 0.00
Episode: 1816/10000, Score: -300.0, Epsilon: 0.00
Episode: 1817/10000, Score: -300.0, Epsilon: 0.00
Episode: 1818/10000, Score: -300.0, Epsilon: 0.00
Episode: 1819/10000, Score: -300.0, Epsilon: 0.00
Episode: 1820/10000, Score: -300.0, Epsilon: 0.00
Episode: 1821/10000, Score: -300.0, Epsilon: 0.00
Episode: 1822/10000, Score: -300.0, Epsilon: 0.00
Episode: 1823/10000, Score: -300.0, Epsilon: 0.00
Episode: 1824/10000, Score: -300.0, Epsilon: 0.00
Episode: 1825/10000, Score: -300.0, Epsilon: 0.00
Episode: 1826/10000, Score: -300.0, Epsilon: 0.00
Episode: 1827/10000, Score: -300.0, Epsilon: 0.00
Episode: 1828/10000, Score: -300.0, Epsilon: 0.00
Episode: 1829/10000, Score: -300.0, Epsilon: 0.00
Episode: 1830/10000, Score: -300.0, Epsilon: 0.00
Episode: 1831/10000, Score: -300.0, Epsilon: 0.00
Episode: 1832/10000, Score: -300.0, Epsilon: 0.00
Episode: 1833/10000, Score: -300.0, Epsilon: 0.00
Episode: 1834/10000, Score: -300.0, Epsilon: 0.00
Episode: 1835/10000, Score: -300.0, Epsilon: 0.00
Episode: 1836/10000, Score: -300.0, Epsilon: 0.00
Episode: 1837/10000, Score: -300.0, Epsilon: 0.00
Episode: 1838/10000, Score: -300.0, Epsilon: 0.00
Episode: 1839/10000, Score: -300.0, Epsilon: 0.00
Episode: 1840/10000, Score: -300.0, Epsilon: 0.00
Episode: 1841/10000, Score: -300.0, Epsilon: 0.00
Episode: 1842/10000, Score: -300.0, Epsilon: 0.00
Episode: 1843/10000, Score: -300.0, Epsilon: 0.00
Episode: 1844/10000, Score: -300.0, Epsilon: 0.00
Episode: 1845/10000, Score: -300.0, Epsilon: 0.00
Episode: 1846/10000, Score: -300.0, Epsilon: 0.00
Episode: 1847/10000, Score: -300.0, Epsilon: 0.00
Episode: 1848/10000, Score: -300.0, Epsilon: 0.00
Episode: 1849/10000, Score: -300.0, Epsilon: 0.00
Episode: 1850/10000, Score: -300.0, Epsilon: 0.00
Episode: 1851/10000, Score: -300.0, Epsilon: 0.00
Episode: 1852/10000, Score: -300.0, Epsilon: 0.00
Episode: 1853/10000, Score: -300.0, Epsilon: 0.00
Episode: 1854/10000, Score: -300.0, Epsilon: 0.00
Episode: 1855/10000, Score: -300.0, Epsilon: 0.00
Episode: 1856/10000, Score: -300.0, Epsilon: 0.00
Episode: 1857/10000, Score: -300.0, Epsilon: 0.00
Episode: 1858/10000, Score: -300.0, Epsilon: 0.00
Episode: 1859/10000, Score: -300.0, Epsilon: 0.00
Episode: 1860/10000, Score: -300.0, Epsilon: 0.00
Episode: 1861/10000, Score: -300.0, Epsilon: 0.00
Episode: 1862/10000, Score: -300.0, Epsilon: 0.00
Episode: 1863/10000, Score: -300.0, Epsilon: 0.00
Episode: 1864/10000, Score: -300.0, Epsilon: 0.00
Episode: 1865/10000, Score: -300.0, Epsilon: 0.00
Episode: 1866/10000, Score: -300.0, Epsilon: 0.00
Episode: 1867/10000, Score: -300.0, Epsilon: 0.00
Episode: 1868/10000, Score: -300.0, Epsilon: 0.00
Episode: 1869/10000, Score: -300.0, Epsilon: 0.00
Episode: 1870/10000, Score: -300.0, Epsilon: 0.00
Episode: 1871/10000, Score: -300.0, Epsilon: 0.00
Episode: 1872/10000, Score: -300.0, Epsilon: 0.00
Episode: 1873/10000, Score: -300.0, Epsilon: 0.00
Episode: 1874/10000, Score: -300.0, Epsilon: 0.00
Episode: 1875/10000, Score: -300.0, Epsilon: 0.00
Episode: 1876/10000, Score: -300.0, Epsilon: 0.00
Episode: 1877/10000, Score: -300.0, Epsilon: 0.00
Episode: 1878/10000, Score: -300.0, Epsilon: 0.00
Episode: 1879/10000, Score: -300.0, Epsilon: 0.00
Episode: 1880/10000, Score: -300.0, Epsilon: 0.00
Episode: 1881/10000, Score: -300.0, Epsilon: 0.00
Episode: 1882/10000, Score: -300.0, Epsilon: 0.00
Episode: 1883/10000, Score: -300.0, Epsilon: 0.00
Episode: 1884/10000, Score: -300.0, Epsilon: 0.00
Episode: 1885/10000, Score: -300.0, Epsilon: 0.00
Episode: 1886/10000, Score: -300.0, Epsilon: 0.00
Episode: 1887/10000, Score: -300.0, Epsilon: 0.00
Episode: 1888/10000, Score: -300.0, Epsilon: 0.00
Episode: 1889/10000, Score: -300.0, Epsilon: 0.00
Episode: 1890/10000, Score: -300.0, Epsilon: 0.00
Episode: 1891/10000, Score: -300.0, Epsilon: 0.00
Episode: 1892/10000, Score: -300.0, Epsilon: 0.00
Episode: 1893/10000, Score: -300.0, Epsilon: 0.00
Episode: 1894/10000, Score: -300.0, Epsilon: 0.00
Episode: 1895/10000, Score: -300.0, Epsilon: 0.00
Episode: 1896/10000, Score: -300.0, Epsilon: 0.00
Episode: 1897/10000, Score: -300.0, Epsilon: 0.00
Episode: 1898/10000, Score: -300.0, Epsilon: 0.00
Episode: 1899/10000, Score: -300.0, Epsilon: 0.00
Episode: 1900/10000, Score: -300.0, Epsilon: 0.00
Episode: 1901/10000, Score: -300.0, Epsilon: 0.00
Episode: 1902/10000, Score: -300.0, Epsilon: 0.00
Episode: 1903/10000, Score: -300.0, Epsilon: 0.00
Episode: 1904/10000, Score: -300.0, Epsilon: 0.00
Episode: 1905/10000, Score: -300.0, Epsilon: 0.00
Episode: 1906/10000, Score: -300.0, Epsilon: 0.00
Episode: 1907/10000, Score: -300.0, Epsilon: 0.00
Episode: 1908/10000, Score: -300.0, Epsilon: 0.00
Episode: 1909/10000, Score: -300.0, Epsilon: 0.00
Episode: 1910/10000, Score: -300.0, Epsilon: 0.00
Episode: 1911/10000, Score: -300.0, Epsilon: 0.00
Episode: 1912/10000, Score: -300.0, Epsilon: 0.00
Episode: 1913/10000, Score: -300.0, Epsilon: 0.00
Episode: 1914/10000, Score: -300.0, Epsilon: 0.00
Episode: 1915/10000, Score: -300.0, Epsilon: 0.00
Episode: 1916/10000, Score: -300.0, Epsilon: 0.00
Episode: 1917/10000, Score: -300.0, Epsilon: 0.00
Episode: 1918/10000, Score: -300.0, Epsilon: 0.00
Episode: 1919/10000, Score: -300.0, Epsilon: 0.00
Episode: 1920/10000, Score: -300.0, Epsilon: 0.00
Episode: 1921/10000, Score: -300.0, Epsilon: 0.00
Episode: 1922/10000, Score: -300.0, Epsilon: 0.00
Episode: 1923/10000, Score: -300.0, Epsilon: 0.00
Episode: 1924/10000, Score: -300.0, Epsilon: 0.00
Episode: 1925/10000, Score: -300.0, Epsilon: 0.00
Episode: 1926/10000, Score: -300.0, Epsilon: 0.00
Episode: 1927/10000, Score: -300.0, Epsilon: 0.00
Episode: 1928/10000, Score: -300.0, Epsilon: 0.00
Episode: 1929/10000, Score: -300.0, Epsilon: 0.00
Episode: 1930/10000, Score: -300.0, Epsilon: 0.00
Episode: 1931/10000, Score: -300.0, Epsilon: 0.00
Episode: 1932/10000, Score: -300.0, Epsilon: 0.00
Episode: 1933/10000, Score: -300.0, Epsilon: 0.00
Episode: 1934/10000, Score: -300.0, Epsilon: 0.00
Episode: 1935/10000, Score: -300.0, Epsilon: 0.00
Episode: 1936/10000, Score: -300.0, Epsilon: 0.00
Episode: 1937/10000, Score: -300.0, Epsilon: 0.00
Episode: 1938/10000, Score: -300.0, Epsilon: 0.00
Episode: 1939/10000, Score: -300.0, Epsilon: 0.00
Episode: 1940/10000, Score: -300.0, Epsilon: 0.00
Episode: 1941/10000, Score: -300.0, Epsilon: 0.00
Episode: 1942/10000, Score: -300.0, Epsilon: 0.00
Episode: 1943/10000, Score: -300.0, Epsilon: 0.00
Episode: 1944/10000, Score: -300.0, Epsilon: 0.00
Episode: 1945/10000, Score: -300.0, Epsilon: 0.00
Episode: 1946/10000, Score: -300.0, Epsilon: 0.00
Episode: 1947/10000, Score: -300.0, Epsilon: 0.00
Episode: 1948/10000, Score: -300.0, Epsilon: 0.00
Episode: 1949/10000, Score: -300.0, Epsilon: 0.00
Episode: 1950/10000, Score: -300.0, Epsilon: 0.00
Episode: 1951/10000, Score: -300.0, Epsilon: 0.00
Episode: 1952/10000, Score: -300.0, Epsilon: 0.00
Episode: 1953/10000, Score: -300.0, Epsilon: 0.00
Episode: 1954/10000, Score: -300.0, Epsilon: 0.00
Episode: 1955/10000, Score: -300.0, Epsilon: 0.00
Episode: 1956/10000, Score: -300.0, Epsilon: 0.00
Episode: 1957/10000, Score: -300.0, Epsilon: 0.00
Episode: 1958/10000, Score: -300.0, Epsilon: 0.00
Episode: 1959/10000, Score: -300.0, Epsilon: 0.00
Episode: 1960/10000, Score: -300.0, Epsilon: 0.00
Episode: 1961/10000, Score: -300.0, Epsilon: 0.00
Episode: 1962/10000, Score: -300.0, Epsilon: 0.00
Episode: 1963/10000, Score: -300.0, Epsilon: 0.00
Episode: 1964/10000, Score: -300.0, Epsilon: 0.00
Episode: 1965/10000, Score: -300.0, Epsilon: 0.00
Episode: 1966/10000, Score: -300.0, Epsilon: 0.00
Episode: 1967/10000, Score: -300.0, Epsilon: 0.00
Episode: 1968/10000, Score: -300.0, Epsilon: 0.00
Episode: 1969/10000, Score: -300.0, Epsilon: 0.00
Episode: 1970/10000, Score: -300.0, Epsilon: 0.00
Episode: 1971/10000, Score: -300.0, Epsilon: 0.00
Episode: 1972/10000, Score: -300.0, Epsilon: 0.00
Episode: 1973/10000, Score: -300.0, Epsilon: 0.00
Episode: 1974/10000, Score: -300.0, Epsilon: 0.00
Episode: 1975/10000, Score: -300.0, Epsilon: 0.00
Episode: 1976/10000, Score: -300.0, Epsilon: 0.00
Episode: 1977/10000, Score: -300.0, Epsilon: 0.00
Episode: 1978/10000, Score: -300.0, Epsilon: 0.00
Episode: 1979/10000, Score: -300.0, Epsilon: 0.00
Episode: 1980/10000, Score: -300.0, Epsilon: 0.00
Episode: 1981/10000, Score: -300.0, Epsilon: 0.00
Episode: 1982/10000, Score: -300.0, Epsilon: 0.00
