wandb: Currently logged in as: naddeok. Use `wandb login --relogin` to force relogin
wandb: wandb version 0.15.3 is available!  To upgrade, please run:
wandb:  $ pip install wandb --upgrade
wandb: Tracking run with wandb version 0.14.2
wandb: Run data is saved locally in /home/naddeok5/exVDP-exRL/wandb/run-20230525_003507-9ymclim4
wandb: Run `wandb offline` to turn off syncing.
wandb: Syncing run faithful-surf-2
wandb: ⭐️ View project at https://wandb.ai/naddeok/VDP%20DQN%20Acrobot%20-%20Negative
wandb: 🚀 View run at https://wandb.ai/naddeok/VDP%20DQN%20Acrobot%20-%20Negative/runs/9ymclim4
Episode: 1/10000, Score: -300.0, Epsilon: 1.00
Episode: 2/10000, Score: -300.0, Epsilon: 1.00
Episode: 3/10000, Score: -300.0, Epsilon: 1.00
Episode: 4/10000, Score: -300.0, Epsilon: 0.99
Episode: 5/10000, Score: -300.0, Epsilon: 0.98
Episode: 6/10000, Score: -300.0, Epsilon: 0.96
Episode: 7/10000, Score: -300.0, Epsilon: 0.95
Episode: 8/10000, Score: -300.0, Epsilon: 0.93
Episode: 9/10000, Score: -300.0, Epsilon: 0.92
Episode: 10/10000, Score: -300.0, Epsilon: 0.91
Episode: 11/10000, Score: -300.0, Epsilon: 0.89
Episode: 12/10000, Score: -300.0, Epsilon: 0.88
Episode: 13/10000, Score: -300.0, Epsilon: 0.87
Episode: 14/10000, Score: -300.0, Epsilon: 0.85
Episode: 15/10000, Score: -300.0, Epsilon: 0.84
Episode: 16/10000, Score: -300.0, Epsilon: 0.83
Episode: 17/10000, Score: -300.0, Epsilon: 0.82
Episode: 18/10000, Score: -300.0, Epsilon: 0.80
Episode: 19/10000, Score: -300.0, Epsilon: 0.79
Episode: 20/10000, Score: -300.0, Epsilon: 0.78
Episode: 21/10000, Score: -300.0, Epsilon: 0.77
Episode: 22/10000, Score: -300.0, Epsilon: 0.76
Episode: 23/10000, Score: -300.0, Epsilon: 0.75
Episode: 24/10000, Score: -300.0, Epsilon: 0.73
Episode: 25/10000, Score: -300.0, Epsilon: 0.72
Episode: 26/10000, Score: -300.0, Epsilon: 0.71
Episode: 27/10000, Score: -300.0, Epsilon: 0.70
Episode: 28/10000, Score: -300.0, Epsilon: 0.69
Episode: 29/10000, Score: -300.0, Epsilon: 0.68
Episode: 30/10000, Score: -300.0, Epsilon: 0.67
Episode: 31/10000, Score: -300.0, Epsilon: 0.66
Episode: 32/10000, Score: -300.0, Epsilon: 0.65
Episode: 33/10000, Score: -300.0, Epsilon: 0.64
Episode: 34/10000, Score: -300.0, Epsilon: 0.63
Episode: 35/10000, Score: -300.0, Epsilon: 0.62
Episode: 36/10000, Score: -300.0, Epsilon: 0.61
Episode: 37/10000, Score: -300.0, Epsilon: 0.60
Episode: 38/10000, Score: -300.0, Epsilon: 0.60
Episode: 39/10000, Score: -300.0, Epsilon: 0.59
Episode: 40/10000, Score: -300.0, Epsilon: 0.58
Episode: 41/10000, Score: -300.0, Epsilon: 0.57
Episode: 42/10000, Score: -300.0, Epsilon: 0.56
Episode: 43/10000, Score: -300.0, Epsilon: 0.55
Episode: 44/10000, Score: -300.0, Epsilon: 0.54
Episode: 45/10000, Score: -300.0, Epsilon: 0.54
Episode: 46/10000, Score: -300.0, Epsilon: 0.53
Episode: 47/10000, Score: -300.0, Epsilon: 0.52
Episode: 48/10000, Score: -300.0, Epsilon: 0.51
Episode: 49/10000, Score: -300.0, Epsilon: 0.50
Episode: 50/10000, Score: -300.0, Epsilon: 0.50
Episode: 51/10000, Score: -300.0, Epsilon: 0.49
Episode: 52/10000, Score: -300.0, Epsilon: 0.48
Episode: 53/10000, Score: -300.0, Epsilon: 0.48
Episode: 54/10000, Score: -300.0, Epsilon: 0.47
Episode: 55/10000, Score: -300.0, Epsilon: 0.46
Episode: 56/10000, Score: -300.0, Epsilon: 0.45
Episode: 57/10000, Score: -300.0, Epsilon: 0.45
Episode: 58/10000, Score: -300.0, Epsilon: 0.44
Episode: 59/10000, Score: -300.0, Epsilon: 0.43
Episode: 60/10000, Score: -300.0, Epsilon: 0.43
Episode: 61/10000, Score: -300.0, Epsilon: 0.42
Episode: 62/10000, Score: -300.0, Epsilon: 0.42
Episode: 63/10000, Score: -300.0, Epsilon: 0.41
Episode: 64/10000, Score: -300.0, Epsilon: 0.40
Episode: 65/10000, Score: -300.0, Epsilon: 0.40
Episode: 66/10000, Score: -300.0, Epsilon: 0.39
Episode: 67/10000, Score: -300.0, Epsilon: 0.39
Episode: 68/10000, Score: -300.0, Epsilon: 0.38
Episode: 69/10000, Score: -300.0, Epsilon: 0.37
Episode: 70/10000, Score: -300.0, Epsilon: 0.37
Episode: 71/10000, Score: -300.0, Epsilon: 0.36
Episode: 72/10000, Score: -300.0, Epsilon: 0.36
Episode: 73/10000, Score: -300.0, Epsilon: 0.35
Episode: 74/10000, Score: -300.0, Epsilon: 0.35
Episode: 75/10000, Score: -300.0, Epsilon: 0.34
Episode: 76/10000, Score: -300.0, Epsilon: 0.34
Episode: 77/10000, Score: -300.0, Epsilon: 0.33
Episode: 78/10000, Score: -300.0, Epsilon: 0.33
Episode: 79/10000, Score: -300.0, Epsilon: 0.32
Episode: 80/10000, Score: -300.0, Epsilon: 0.32
Episode: 81/10000, Score: -300.0, Epsilon: 0.31
Episode: 82/10000, Score: -300.0, Epsilon: 0.31
Episode: 83/10000, Score: -300.0, Epsilon: 0.30
Episode: 84/10000, Score: -300.0, Epsilon: 0.30
Episode: 85/10000, Score: -300.0, Epsilon: 0.29
Episode: 86/10000, Score: -300.0, Epsilon: 0.29
Episode: 87/10000, Score: -300.0, Epsilon: 0.29
Episode: 88/10000, Score: -300.0, Epsilon: 0.28
Episode: 89/10000, Score: -300.0, Epsilon: 0.28
Episode: 90/10000, Score: -300.0, Epsilon: 0.27
Episode: 91/10000, Score: -300.0, Epsilon: 0.27
Episode: 92/10000, Score: -300.0, Epsilon: 0.26
Episode: 93/10000, Score: -300.0, Epsilon: 0.26
Episode: 94/10000, Score: -300.0, Epsilon: 0.26
Episode: 95/10000, Score: -300.0, Epsilon: 0.25
Episode: 96/10000, Score: -300.0, Epsilon: 0.25
Episode: 97/10000, Score: -300.0, Epsilon: 0.25
Episode: 98/10000, Score: -300.0, Epsilon: 0.24
Episode: 99/10000, Score: -300.0, Epsilon: 0.24
Episode: 100/10000, Score: -300.0, Epsilon: 0.23
LunarLander solved in 100 episodes!
Episode: 101/10000, Score: -300.0, Epsilon: 0.23
Episode: 102/10000, Score: -300.0, Epsilon: 0.23
Episode: 103/10000, Score: -300.0, Epsilon: 0.22
Episode: 104/10000, Score: -300.0, Epsilon: 0.22
Episode: 105/10000, Score: -300.0, Epsilon: 0.22
Episode: 106/10000, Score: -300.0, Epsilon: 0.21
Episode: 107/10000, Score: -300.0, Epsilon: 0.21
Episode: 108/10000, Score: -300.0, Epsilon: 0.21
Episode: 109/10000, Score: -300.0, Epsilon: 0.21
Episode: 110/10000, Score: -300.0, Epsilon: 0.20
Episode: 111/10000, Score: -300.0, Epsilon: 0.20
Episode: 112/10000, Score: -300.0, Epsilon: 0.20
Episode: 113/10000, Score: -300.0, Epsilon: 0.19
Episode: 114/10000, Score: -300.0, Epsilon: 0.19
Episode: 115/10000, Score: -300.0, Epsilon: 0.19
Episode: 116/10000, Score: -300.0, Epsilon: 0.18
Episode: 117/10000, Score: -300.0, Epsilon: 0.18
Episode: 118/10000, Score: -300.0, Epsilon: 0.18
Episode: 119/10000, Score: -300.0, Epsilon: 0.18
Episode: 120/10000, Score: -300.0, Epsilon: 0.17
Episode: 121/10000, Score: -300.0, Epsilon: 0.17
Episode: 122/10000, Score: -300.0, Epsilon: 0.17
Episode: 123/10000, Score: -300.0, Epsilon: 0.17
Episode: 124/10000, Score: -300.0, Epsilon: 0.16
Episode: 125/10000, Score: -300.0, Epsilon: 0.16
Episode: 126/10000, Score: -300.0, Epsilon: 0.16
Episode: 127/10000, Score: -300.0, Epsilon: 0.16
Episode: 128/10000, Score: -300.0, Epsilon: 0.15
Episode: 129/10000, Score: -300.0, Epsilon: 0.15
Episode: 130/10000, Score: -300.0, Epsilon: 0.15
Episode: 131/10000, Score: -300.0, Epsilon: 0.15
Episode: 132/10000, Score: -300.0, Epsilon: 0.15
Episode: 133/10000, Score: -300.0, Epsilon: 0.14
Episode: 134/10000, Score: -300.0, Epsilon: 0.14
Episode: 135/10000, Score: -300.0, Epsilon: 0.14
Episode: 136/10000, Score: -300.0, Epsilon: 0.14
Episode: 137/10000, Score: -300.0, Epsilon: 0.13
Episode: 138/10000, Score: -300.0, Epsilon: 0.13
Episode: 139/10000, Score: -300.0, Epsilon: 0.13
Episode: 140/10000, Score: -300.0, Epsilon: 0.13
Episode: 141/10000, Score: -300.0, Epsilon: 0.13
Episode: 142/10000, Score: -300.0, Epsilon: 0.13
Episode: 143/10000, Score: -300.0, Epsilon: 0.12
Episode: 144/10000, Score: -300.0, Epsilon: 0.12
Episode: 145/10000, Score: -300.0, Epsilon: 0.12
Episode: 146/10000, Score: -300.0, Epsilon: 0.12
Episode: 147/10000, Score: -300.0, Epsilon: 0.12
Episode: 148/10000, Score: -300.0, Epsilon: 0.11
Episode: 149/10000, Score: -300.0, Epsilon: 0.11
Episode: 150/10000, Score: -300.0, Epsilon: 0.11
Episode: 151/10000, Score: -300.0, Epsilon: 0.11
Episode: 152/10000, Score: -300.0, Epsilon: 0.11
Episode: 153/10000, Score: -300.0, Epsilon: 0.11
Episode: 154/10000, Score: -300.0, Epsilon: 0.10
Episode: 155/10000, Score: -300.0, Epsilon: 0.10
Episode: 156/10000, Score: -300.0, Epsilon: 0.10
Episode: 157/10000, Score: -300.0, Epsilon: 0.10
Episode: 158/10000, Score: -300.0, Epsilon: 0.10
Episode: 159/10000, Score: -300.0, Epsilon: 0.10
Episode: 160/10000, Score: -300.0, Epsilon: 0.10
Episode: 161/10000, Score: -300.0, Epsilon: 0.09
Episode: 162/10000, Score: -300.0, Epsilon: 0.09
Episode: 163/10000, Score: -300.0, Epsilon: 0.09
Episode: 164/10000, Score: -300.0, Epsilon: 0.09
Episode: 165/10000, Score: -300.0, Epsilon: 0.09
Episode: 166/10000, Score: -300.0, Epsilon: 0.09
Episode: 167/10000, Score: -300.0, Epsilon: 0.09
Episode: 168/10000, Score: -300.0, Epsilon: 0.08
Episode: 169/10000, Score: -300.0, Epsilon: 0.08
Episode: 170/10000, Score: -300.0, Epsilon: 0.08
Episode: 171/10000, Score: -300.0, Epsilon: 0.08
Episode: 172/10000, Score: -300.0, Epsilon: 0.08
Episode: 173/10000, Score: -300.0, Epsilon: 0.08
Episode: 174/10000, Score: -300.0, Epsilon: 0.08
Episode: 175/10000, Score: -300.0, Epsilon: 0.08
Episode: 176/10000, Score: -300.0, Epsilon: 0.08
Episode: 177/10000, Score: -300.0, Epsilon: 0.07
Episode: 178/10000, Score: -300.0, Epsilon: 0.07
Episode: 179/10000, Score: -300.0, Epsilon: 0.07
Episode: 180/10000, Score: -300.0, Epsilon: 0.07
Episode: 181/10000, Score: -300.0, Epsilon: 0.07
Episode: 182/10000, Score: -300.0, Epsilon: 0.07
Episode: 183/10000, Score: -300.0, Epsilon: 0.07
Episode: 184/10000, Score: -300.0, Epsilon: 0.07
Episode: 185/10000, Score: -300.0, Epsilon: 0.07
Episode: 186/10000, Score: -300.0, Epsilon: 0.06
Episode: 187/10000, Score: -300.0, Epsilon: 0.06
Episode: 188/10000, Score: -300.0, Epsilon: 0.06
Episode: 189/10000, Score: -300.0, Epsilon: 0.06
Episode: 190/10000, Score: -300.0, Epsilon: 0.06
Episode: 191/10000, Score: -300.0, Epsilon: 0.06
Episode: 192/10000, Score: -300.0, Epsilon: 0.06
Episode: 193/10000, Score: -300.0, Epsilon: 0.06
Episode: 194/10000, Score: -300.0, Epsilon: 0.06
Episode: 195/10000, Score: -300.0, Epsilon: 0.06
Episode: 196/10000, Score: -300.0, Epsilon: 0.06
Episode: 197/10000, Score: -300.0, Epsilon: 0.05
Episode: 198/10000, Score: -300.0, Epsilon: 0.05
Episode: 199/10000, Score: -300.0, Epsilon: 0.05
Episode: 200/10000, Score: -300.0, Epsilon: 0.05
Episode: 201/10000, Score: -300.0, Epsilon: 0.05
Episode: 202/10000, Score: -300.0, Epsilon: 0.05
Episode: 203/10000, Score: -300.0, Epsilon: 0.05
Episode: 204/10000, Score: -300.0, Epsilon: 0.05
Episode: 205/10000, Score: -300.0, Epsilon: 0.05
Episode: 206/10000, Score: -300.0, Epsilon: 0.05
Episode: 207/10000, Score: -300.0, Epsilon: 0.05
Episode: 208/10000, Score: -300.0, Epsilon: 0.05
Episode: 209/10000, Score: -300.0, Epsilon: 0.05
Episode: 210/10000, Score: -300.0, Epsilon: 0.05
Episode: 211/10000, Score: -300.0, Epsilon: 0.04
Episode: 212/10000, Score: -300.0, Epsilon: 0.04
Episode: 213/10000, Score: -300.0, Epsilon: 0.04
Episode: 214/10000, Score: -300.0, Epsilon: 0.04
Episode: 215/10000, Score: -300.0, Epsilon: 0.04
Episode: 216/10000, Score: -300.0, Epsilon: 0.04
Episode: 217/10000, Score: -300.0, Epsilon: 0.04
Episode: 218/10000, Score: -300.0, Epsilon: 0.04
Episode: 219/10000, Score: -300.0, Epsilon: 0.04
Episode: 220/10000, Score: -300.0, Epsilon: 0.04
Episode: 221/10000, Score: -300.0, Epsilon: 0.04
Episode: 222/10000, Score: -300.0, Epsilon: 0.04
Episode: 223/10000, Score: -300.0, Epsilon: 0.04
Episode: 224/10000, Score: -300.0, Epsilon: 0.04
Episode: 225/10000, Score: -300.0, Epsilon: 0.04
Episode: 226/10000, Score: -300.0, Epsilon: 0.04
Episode: 227/10000, Score: -300.0, Epsilon: 0.03
Episode: 228/10000, Score: -300.0, Epsilon: 0.03
Episode: 229/10000, Score: -300.0, Epsilon: 0.03
Episode: 230/10000, Score: -300.0, Epsilon: 0.03
Episode: 231/10000, Score: -300.0, Epsilon: 0.03
Episode: 232/10000, Score: -300.0, Epsilon: 0.03
Episode: 233/10000, Score: -300.0, Epsilon: 0.03
Episode: 234/10000, Score: -300.0, Epsilon: 0.03
Episode: 235/10000, Score: -300.0, Epsilon: 0.03
Episode: 236/10000, Score: -300.0, Epsilon: 0.03
Episode: 237/10000, Score: -300.0, Epsilon: 0.03
Episode: 238/10000, Score: -300.0, Epsilon: 0.03
Episode: 239/10000, Score: -300.0, Epsilon: 0.03
Episode: 240/10000, Score: -300.0, Epsilon: 0.03
Episode: 241/10000, Score: -300.0, Epsilon: 0.03
Episode: 242/10000, Score: -300.0, Epsilon: 0.03
Episode: 243/10000, Score: -300.0, Epsilon: 0.03
Episode: 244/10000, Score: -300.0, Epsilon: 0.03
Episode: 245/10000, Score: -300.0, Epsilon: 0.03
Episode: 246/10000, Score: -300.0, Epsilon: 0.03
Episode: 247/10000, Score: -300.0, Epsilon: 0.03
Episode: 248/10000, Score: -300.0, Epsilon: 0.03
Episode: 249/10000, Score: -300.0, Epsilon: 0.03
Episode: 250/10000, Score: -300.0, Epsilon: 0.02
Episode: 251/10000, Score: -300.0, Epsilon: 0.02
Episode: 252/10000, Score: -300.0, Epsilon: 0.02
Episode: 253/10000, Score: -300.0, Epsilon: 0.02
Episode: 254/10000, Score: -300.0, Epsilon: 0.02
Episode: 255/10000, Score: -300.0, Epsilon: 0.02
Episode: 256/10000, Score: -300.0, Epsilon: 0.02
Episode: 257/10000, Score: -300.0, Epsilon: 0.02
Episode: 258/10000, Score: -300.0, Epsilon: 0.02
Episode: 259/10000, Score: -300.0, Epsilon: 0.02
Episode: 260/10000, Score: -300.0, Epsilon: 0.02
Episode: 261/10000, Score: -300.0, Epsilon: 0.02
Episode: 262/10000, Score: -300.0, Epsilon: 0.02
Episode: 263/10000, Score: -300.0, Epsilon: 0.02
Episode: 264/10000, Score: -300.0, Epsilon: 0.02
Episode: 265/10000, Score: -300.0, Epsilon: 0.02
Episode: 266/10000, Score: -300.0, Epsilon: 0.02
Episode: 267/10000, Score: -300.0, Epsilon: 0.02
Episode: 268/10000, Score: -300.0, Epsilon: 0.02
Episode: 269/10000, Score: -300.0, Epsilon: 0.02
Episode: 270/10000, Score: -300.0, Epsilon: 0.02
Episode: 271/10000, Score: -300.0, Epsilon: 0.02
Episode: 272/10000, Score: -300.0, Epsilon: 0.02
Episode: 273/10000, Score: -300.0, Epsilon: 0.02
Episode: 274/10000, Score: -300.0, Epsilon: 0.02
Episode: 275/10000, Score: -300.0, Epsilon: 0.02
Episode: 276/10000, Score: -300.0, Epsilon: 0.02
Episode: 277/10000, Score: -300.0, Epsilon: 0.02
Episode: 278/10000, Score: -300.0, Epsilon: 0.02
Episode: 279/10000, Score: -300.0, Epsilon: 0.02
Episode: 280/10000, Score: -300.0, Epsilon: 0.02
Episode: 281/10000, Score: -300.0, Epsilon: 0.02
Episode: 282/10000, Score: -300.0, Epsilon: 0.02
Episode: 283/10000, Score: -300.0, Epsilon: 0.02
Episode: 284/10000, Score: -300.0, Epsilon: 0.01
Episode: 285/10000, Score: -300.0, Epsilon: 0.01
Episode: 286/10000, Score: -300.0, Epsilon: 0.01
Episode: 287/10000, Score: -300.0, Epsilon: 0.01
Episode: 288/10000, Score: -300.0, Epsilon: 0.01
Episode: 289/10000, Score: -300.0, Epsilon: 0.01
Episode: 290/10000, Score: -300.0, Epsilon: 0.01
Episode: 291/10000, Score: -300.0, Epsilon: 0.01
Episode: 292/10000, Score: -300.0, Epsilon: 0.01
Episode: 293/10000, Score: -300.0, Epsilon: 0.01
Episode: 294/10000, Score: -300.0, Epsilon: 0.01
Episode: 295/10000, Score: -300.0, Epsilon: 0.01
Episode: 296/10000, Score: -300.0, Epsilon: 0.01
Episode: 297/10000, Score: -300.0, Epsilon: 0.01
Episode: 298/10000, Score: -300.0, Epsilon: 0.01
Episode: 299/10000, Score: -300.0, Epsilon: 0.01
Episode: 300/10000, Score: -300.0, Epsilon: 0.01
Episode: 301/10000, Score: -300.0, Epsilon: 0.01
Episode: 302/10000, Score: -300.0, Epsilon: 0.01
Episode: 303/10000, Score: -300.0, Epsilon: 0.01
Episode: 304/10000, Score: -300.0, Epsilon: 0.01
Episode: 305/10000, Score: -300.0, Epsilon: 0.01
Episode: 306/10000, Score: -300.0, Epsilon: 0.01
Episode: 307/10000, Score: -300.0, Epsilon: 0.01
Episode: 308/10000, Score: -300.0, Epsilon: 0.01
Episode: 309/10000, Score: -300.0, Epsilon: 0.01
Episode: 310/10000, Score: -300.0, Epsilon: 0.01
Episode: 311/10000, Score: -300.0, Epsilon: 0.01
Episode: 312/10000, Score: -300.0, Epsilon: 0.01
Episode: 313/10000, Score: -300.0, Epsilon: 0.01
Episode: 314/10000, Score: -300.0, Epsilon: 0.01
Episode: 315/10000, Score: -300.0, Epsilon: 0.01
Episode: 316/10000, Score: -300.0, Epsilon: 0.01
Episode: 317/10000, Score: -300.0, Epsilon: 0.01
Episode: 318/10000, Score: -300.0, Epsilon: 0.01
Episode: 319/10000, Score: -300.0, Epsilon: 0.01
Episode: 320/10000, Score: -300.0, Epsilon: 0.01
Episode: 321/10000, Score: -300.0, Epsilon: 0.01
Episode: 322/10000, Score: -300.0, Epsilon: 0.01
Episode: 323/10000, Score: -300.0, Epsilon: 0.01
Episode: 324/10000, Score: -300.0, Epsilon: 0.01
Episode: 325/10000, Score: -300.0, Epsilon: 0.01
Episode: 326/10000, Score: -300.0, Epsilon: 0.01
Episode: 327/10000, Score: -300.0, Epsilon: 0.01
Episode: 328/10000, Score: -300.0, Epsilon: 0.01
Episode: 329/10000, Score: -300.0, Epsilon: 0.01
Episode: 330/10000, Score: -300.0, Epsilon: 0.01
Episode: 331/10000, Score: -300.0, Epsilon: 0.01
Episode: 332/10000, Score: -300.0, Epsilon: 0.01
Episode: 333/10000, Score: -300.0, Epsilon: 0.01
Episode: 334/10000, Score: -300.0, Epsilon: 0.01
Episode: 335/10000, Score: -300.0, Epsilon: 0.01
Episode: 336/10000, Score: -300.0, Epsilon: 0.01
Episode: 337/10000, Score: -300.0, Epsilon: 0.01
Episode: 338/10000, Score: -300.0, Epsilon: 0.01
Episode: 339/10000, Score: -300.0, Epsilon: 0.01
Episode: 340/10000, Score: -300.0, Epsilon: 0.01
Episode: 341/10000, Score: -300.0, Epsilon: 0.01
Episode: 342/10000, Score: -300.0, Epsilon: 0.01
Episode: 343/10000, Score: -300.0, Epsilon: 0.01
Episode: 344/10000, Score: -300.0, Epsilon: 0.01
Episode: 345/10000, Score: -300.0, Epsilon: 0.01
Episode: 346/10000, Score: -300.0, Epsilon: 0.01
Episode: 347/10000, Score: -300.0, Epsilon: 0.01
Episode: 348/10000, Score: -300.0, Epsilon: 0.01
Episode: 349/10000, Score: -300.0, Epsilon: 0.01
Episode: 350/10000, Score: -300.0, Epsilon: 0.01
Episode: 351/10000, Score: -300.0, Epsilon: 0.01
Episode: 352/10000, Score: -300.0, Epsilon: 0.01
Episode: 353/10000, Score: -300.0, Epsilon: 0.01
Episode: 354/10000, Score: -300.0, Epsilon: 0.01
Episode: 355/10000, Score: -300.0, Epsilon: 0.01
Episode: 356/10000, Score: -300.0, Epsilon: 0.01
Episode: 357/10000, Score: -300.0, Epsilon: 0.01
Episode: 358/10000, Score: -300.0, Epsilon: 0.01
Episode: 359/10000, Score: -300.0, Epsilon: 0.01
Episode: 360/10000, Score: -300.0, Epsilon: 0.01
Episode: 361/10000, Score: -300.0, Epsilon: 0.01
Episode: 362/10000, Score: -300.0, Epsilon: 0.01
Episode: 363/10000, Score: -300.0, Epsilon: 0.01
Episode: 364/10000, Score: -300.0, Epsilon: 0.01
Episode: 365/10000, Score: -300.0, Epsilon: 0.01
Episode: 366/10000, Score: -300.0, Epsilon: 0.01
Episode: 367/10000, Score: -300.0, Epsilon: 0.01
Episode: 368/10000, Score: -300.0, Epsilon: 0.01
Episode: 369/10000, Score: -300.0, Epsilon: 0.01
Episode: 370/10000, Score: -300.0, Epsilon: 0.01
Episode: 371/10000, Score: -300.0, Epsilon: 0.01
Episode: 372/10000, Score: -300.0, Epsilon: 0.01
Episode: 373/10000, Score: -300.0, Epsilon: 0.01
Episode: 374/10000, Score: -300.0, Epsilon: 0.01
Episode: 375/10000, Score: -300.0, Epsilon: 0.01
Episode: 376/10000, Score: -300.0, Epsilon: 0.01
Episode: 377/10000, Score: -300.0, Epsilon: 0.01
Episode: 378/10000, Score: -300.0, Epsilon: 0.01
Episode: 379/10000, Score: -300.0, Epsilon: 0.01
Episode: 380/10000, Score: -300.0, Epsilon: 0.01
Episode: 381/10000, Score: -300.0, Epsilon: 0.01
Episode: 382/10000, Score: -300.0, Epsilon: 0.01
Episode: 383/10000, Score: -300.0, Epsilon: 0.01
Episode: 384/10000, Score: -300.0, Epsilon: 0.01
Episode: 385/10000, Score: -300.0, Epsilon: 0.01
Episode: 386/10000, Score: -300.0, Epsilon: 0.01
Episode: 387/10000, Score: -300.0, Epsilon: 0.01
Episode: 388/10000, Score: -300.0, Epsilon: 0.01
Episode: 389/10000, Score: -300.0, Epsilon: 0.01
Episode: 390/10000, Score: -300.0, Epsilon: 0.01
Episode: 391/10000, Score: -300.0, Epsilon: 0.01
Episode: 392/10000, Score: -300.0, Epsilon: 0.01
Episode: 393/10000, Score: -300.0, Epsilon: 0.01
Episode: 394/10000, Score: -300.0, Epsilon: 0.01
Episode: 395/10000, Score: -300.0, Epsilon: 0.01
Episode: 396/10000, Score: -300.0, Epsilon: 0.01
Episode: 397/10000, Score: -300.0, Epsilon: 0.01
Episode: 398/10000, Score: -300.0, Epsilon: 0.01
Episode: 399/10000, Score: -300.0, Epsilon: 0.01
Episode: 400/10000, Score: -300.0, Epsilon: 0.01
Episode: 401/10000, Score: -300.0, Epsilon: 0.01
Episode: 402/10000, Score: -300.0, Epsilon: 0.01
Episode: 403/10000, Score: -300.0, Epsilon: 0.01
Episode: 404/10000, Score: -300.0, Epsilon: 0.01
Episode: 405/10000, Score: -300.0, Epsilon: 0.01
Episode: 406/10000, Score: -300.0, Epsilon: 0.01
Episode: 407/10000, Score: -300.0, Epsilon: 0.01
Episode: 408/10000, Score: -300.0, Epsilon: 0.01
Episode: 409/10000, Score: -300.0, Epsilon: 0.01
Episode: 410/10000, Score: -300.0, Epsilon: 0.01
Episode: 411/10000, Score: -300.0, Epsilon: 0.01
Episode: 412/10000, Score: -300.0, Epsilon: 0.01
Episode: 413/10000, Score: -300.0, Epsilon: 0.01
Episode: 414/10000, Score: -300.0, Epsilon: 0.01
Episode: 415/10000, Score: -300.0, Epsilon: 0.01
Episode: 416/10000, Score: -300.0, Epsilon: 0.01
Episode: 417/10000, Score: -300.0, Epsilon: 0.01
Episode: 418/10000, Score: -300.0, Epsilon: 0.01
Episode: 419/10000, Score: -300.0, Epsilon: 0.01
Episode: 420/10000, Score: -300.0, Epsilon: 0.01
Episode: 421/10000, Score: -300.0, Epsilon: 0.01
Episode: 422/10000, Score: -300.0, Epsilon: 0.01
Episode: 423/10000, Score: -300.0, Epsilon: 0.01
Episode: 424/10000, Score: -300.0, Epsilon: 0.01
Episode: 425/10000, Score: -300.0, Epsilon: 0.01
Episode: 426/10000, Score: -300.0, Epsilon: 0.01
Episode: 427/10000, Score: -300.0, Epsilon: 0.01
Episode: 428/10000, Score: -300.0, Epsilon: 0.01
Episode: 429/10000, Score: -300.0, Epsilon: 0.01
Episode: 430/10000, Score: -300.0, Epsilon: 0.01
Episode: 431/10000, Score: -300.0, Epsilon: 0.01
Episode: 432/10000, Score: -300.0, Epsilon: 0.01
Episode: 433/10000, Score: -300.0, Epsilon: 0.01
Episode: 434/10000, Score: -300.0, Epsilon: 0.01
Episode: 435/10000, Score: -300.0, Epsilon: 0.01
Episode: 436/10000, Score: -300.0, Epsilon: 0.01
Episode: 437/10000, Score: -300.0, Epsilon: 0.01
Episode: 438/10000, Score: -300.0, Epsilon: 0.01
Episode: 439/10000, Score: -300.0, Epsilon: 0.01
Episode: 440/10000, Score: -300.0, Epsilon: 0.01
Episode: 441/10000, Score: -300.0, Epsilon: 0.01
Episode: 442/10000, Score: -300.0, Epsilon: 0.01
Episode: 443/10000, Score: -300.0, Epsilon: 0.01
Episode: 444/10000, Score: -300.0, Epsilon: 0.01
Episode: 445/10000, Score: -300.0, Epsilon: 0.01
Episode: 446/10000, Score: -300.0, Epsilon: 0.01
Episode: 447/10000, Score: -300.0, Epsilon: 0.01
Episode: 448/10000, Score: -300.0, Epsilon: 0.01
Episode: 449/10000, Score: -300.0, Epsilon: 0.01
Episode: 450/10000, Score: -300.0, Epsilon: 0.01
Episode: 451/10000, Score: -300.0, Epsilon: 0.01
Episode: 452/10000, Score: -300.0, Epsilon: 0.01
Episode: 453/10000, Score: -300.0, Epsilon: 0.01
Episode: 454/10000, Score: -300.0, Epsilon: 0.01
Episode: 455/10000, Score: -300.0, Epsilon: 0.01
Episode: 456/10000, Score: -300.0, Epsilon: 0.01
Episode: 457/10000, Score: -300.0, Epsilon: 0.01
Episode: 458/10000, Score: -300.0, Epsilon: 0.01
Episode: 459/10000, Score: -300.0, Epsilon: 0.01
Episode: 460/10000, Score: -300.0, Epsilon: 0.01
Episode: 461/10000, Score: -300.0, Epsilon: 0.01
Episode: 462/10000, Score: -300.0, Epsilon: 0.01
Episode: 463/10000, Score: -300.0, Epsilon: 0.01
Episode: 464/10000, Score: -300.0, Epsilon: 0.01
Episode: 465/10000, Score: -300.0, Epsilon: 0.01
Episode: 466/10000, Score: -300.0, Epsilon: 0.01
Episode: 467/10000, Score: -300.0, Epsilon: 0.01
Episode: 468/10000, Score: -300.0, Epsilon: 0.01
Episode: 469/10000, Score: -300.0, Epsilon: 0.01
Episode: 470/10000, Score: -300.0, Epsilon: 0.01
Episode: 471/10000, Score: -300.0, Epsilon: 0.01
Episode: 472/10000, Score: -300.0, Epsilon: 0.01
Episode: 473/10000, Score: -300.0, Epsilon: 0.01
Episode: 474/10000, Score: -300.0, Epsilon: 0.01
Episode: 475/10000, Score: -300.0, Epsilon: 0.01
Episode: 476/10000, Score: -300.0, Epsilon: 0.01
Episode: 477/10000, Score: -300.0, Epsilon: 0.01
Episode: 478/10000, Score: -300.0, Epsilon: 0.01
Episode: 479/10000, Score: -300.0, Epsilon: 0.01
Episode: 480/10000, Score: -300.0, Epsilon: 0.01
Episode: 481/10000, Score: -300.0, Epsilon: 0.01
Episode: 482/10000, Score: -300.0, Epsilon: 0.01
Episode: 483/10000, Score: -300.0, Epsilon: 0.01
Episode: 484/10000, Score: -300.0, Epsilon: 0.01
Episode: 485/10000, Score: -300.0, Epsilon: 0.01
Episode: 486/10000, Score: -300.0, Epsilon: 0.01
Episode: 487/10000, Score: -300.0, Epsilon: 0.01
Episode: 488/10000, Score: -300.0, Epsilon: 0.01
Episode: 489/10000, Score: -300.0, Epsilon: 0.01
Episode: 490/10000, Score: -300.0, Epsilon: 0.01
Episode: 491/10000, Score: -300.0, Epsilon: 0.01
Episode: 492/10000, Score: -300.0, Epsilon: 0.01
Episode: 493/10000, Score: -300.0, Epsilon: 0.01
Episode: 494/10000, Score: -300.0, Epsilon: 0.01
Episode: 495/10000, Score: -300.0, Epsilon: 0.01
Episode: 496/10000, Score: -300.0, Epsilon: 0.01
Episode: 497/10000, Score: -300.0, Epsilon: 0.01
Episode: 498/10000, Score: -300.0, Epsilon: 0.01
Episode: 499/10000, Score: -300.0, Epsilon: 0.01
Episode: 500/10000, Score: -300.0, Epsilon: 0.01
Episode: 501/10000, Score: -300.0, Epsilon: 0.01
Episode: 502/10000, Score: -300.0, Epsilon: 0.01
Episode: 503/10000, Score: -300.0, Epsilon: 0.01
Episode: 504/10000, Score: -300.0, Epsilon: 0.01
Episode: 505/10000, Score: -300.0, Epsilon: 0.01
Episode: 506/10000, Score: -300.0, Epsilon: 0.01
Episode: 507/10000, Score: -300.0, Epsilon: 0.01
Episode: 508/10000, Score: -300.0, Epsilon: 0.01
Episode: 509/10000, Score: -300.0, Epsilon: 0.01
Episode: 510/10000, Score: -300.0, Epsilon: 0.01
Episode: 511/10000, Score: -300.0, Epsilon: 0.01
Episode: 512/10000, Score: -300.0, Epsilon: 0.01
Episode: 513/10000, Score: -300.0, Epsilon: 0.01
Episode: 514/10000, Score: -300.0, Epsilon: 0.01
Episode: 515/10000, Score: -300.0, Epsilon: 0.01
Episode: 516/10000, Score: -300.0, Epsilon: 0.01
Episode: 517/10000, Score: -300.0, Epsilon: 0.01
Episode: 518/10000, Score: -300.0, Epsilon: 0.01
Episode: 519/10000, Score: -300.0, Epsilon: 0.01
Episode: 520/10000, Score: -300.0, Epsilon: 0.01
Episode: 521/10000, Score: -300.0, Epsilon: 0.01
Episode: 522/10000, Score: -300.0, Epsilon: 0.01
Episode: 523/10000, Score: -300.0, Epsilon: 0.01
Episode: 524/10000, Score: -300.0, Epsilon: 0.01
Episode: 525/10000, Score: -300.0, Epsilon: 0.01
Episode: 526/10000, Score: -300.0, Epsilon: 0.01
Episode: 527/10000, Score: -300.0, Epsilon: 0.01
Episode: 528/10000, Score: -300.0, Epsilon: 0.01
Episode: 529/10000, Score: -300.0, Epsilon: 0.01
Episode: 530/10000, Score: -300.0, Epsilon: 0.01
Episode: 531/10000, Score: -300.0, Epsilon: 0.01
Episode: 532/10000, Score: -300.0, Epsilon: 0.01
Episode: 533/10000, Score: -300.0, Epsilon: 0.01
Episode: 534/10000, Score: -300.0, Epsilon: 0.01
Episode: 535/10000, Score: -300.0, Epsilon: 0.01
Episode: 536/10000, Score: -300.0, Epsilon: 0.01
Episode: 537/10000, Score: -300.0, Epsilon: 0.01
Episode: 538/10000, Score: -300.0, Epsilon: 0.01
Episode: 539/10000, Score: -300.0, Epsilon: 0.01
Episode: 540/10000, Score: -300.0, Epsilon: 0.01
Episode: 541/10000, Score: -300.0, Epsilon: 0.01
Episode: 542/10000, Score: -300.0, Epsilon: 0.01
Episode: 543/10000, Score: -300.0, Epsilon: 0.01
Episode: 544/10000, Score: -300.0, Epsilon: 0.01
Episode: 545/10000, Score: -300.0, Epsilon: 0.01
Episode: 546/10000, Score: -300.0, Epsilon: 0.01
Episode: 547/10000, Score: -300.0, Epsilon: 0.01
Episode: 548/10000, Score: -300.0, Epsilon: 0.01
Episode: 549/10000, Score: -300.0, Epsilon: 0.01
Episode: 550/10000, Score: -300.0, Epsilon: 0.01
Episode: 551/10000, Score: -300.0, Epsilon: 0.01
Episode: 552/10000, Score: -300.0, Epsilon: 0.01
Episode: 553/10000, Score: -300.0, Epsilon: 0.01
Episode: 554/10000, Score: -300.0, Epsilon: 0.01
Episode: 555/10000, Score: -300.0, Epsilon: 0.01
Episode: 556/10000, Score: -300.0, Epsilon: 0.01
Episode: 557/10000, Score: -300.0, Epsilon: 0.01
Episode: 558/10000, Score: -300.0, Epsilon: 0.01
Episode: 559/10000, Score: -300.0, Epsilon: 0.01
Episode: 560/10000, Score: -300.0, Epsilon: 0.01
Episode: 561/10000, Score: -300.0, Epsilon: 0.01
Episode: 562/10000, Score: -300.0, Epsilon: 0.01
Episode: 563/10000, Score: -300.0, Epsilon: 0.01
Episode: 564/10000, Score: -300.0, Epsilon: 0.01
Episode: 565/10000, Score: -300.0, Epsilon: 0.01
Episode: 566/10000, Score: -300.0, Epsilon: 0.01
Episode: 567/10000, Score: -300.0, Epsilon: 0.01
Episode: 568/10000, Score: -300.0, Epsilon: 0.01
Episode: 569/10000, Score: -300.0, Epsilon: 0.01
Episode: 570/10000, Score: -300.0, Epsilon: 0.01
Episode: 571/10000, Score: -300.0, Epsilon: 0.01
Episode: 572/10000, Score: -300.0, Epsilon: 0.01
Episode: 573/10000, Score: -300.0, Epsilon: 0.01
Episode: 574/10000, Score: -300.0, Epsilon: 0.01
Episode: 575/10000, Score: -300.0, Epsilon: 0.01
Episode: 576/10000, Score: -300.0, Epsilon: 0.01
Episode: 577/10000, Score: -300.0, Epsilon: 0.01
Episode: 578/10000, Score: -300.0, Epsilon: 0.01
Episode: 579/10000, Score: -300.0, Epsilon: 0.01
Episode: 580/10000, Score: -300.0, Epsilon: 0.01
Episode: 581/10000, Score: -300.0, Epsilon: 0.01
Episode: 582/10000, Score: -300.0, Epsilon: 0.01
Episode: 583/10000, Score: -300.0, Epsilon: 0.01
Episode: 584/10000, Score: -300.0, Epsilon: 0.01
Episode: 585/10000, Score: -300.0, Epsilon: 0.01
Episode: 586/10000, Score: -300.0, Epsilon: 0.01
Episode: 587/10000, Score: -300.0, Epsilon: 0.01
Episode: 588/10000, Score: -300.0, Epsilon: 0.01
Episode: 589/10000, Score: -300.0, Epsilon: 0.01
Episode: 590/10000, Score: -300.0, Epsilon: 0.01
Episode: 591/10000, Score: -300.0, Epsilon: 0.01
Episode: 592/10000, Score: -300.0, Epsilon: 0.01
Episode: 593/10000, Score: -300.0, Epsilon: 0.01
Episode: 594/10000, Score: -300.0, Epsilon: 0.01
Episode: 595/10000, Score: -300.0, Epsilon: 0.01
Episode: 596/10000, Score: -300.0, Epsilon: 0.01
Episode: 597/10000, Score: -300.0, Epsilon: 0.01
Episode: 598/10000, Score: -300.0, Epsilon: 0.01
Episode: 599/10000, Score: -300.0, Epsilon: 0.01
Episode: 600/10000, Score: -300.0, Epsilon: 0.01
Episode: 601/10000, Score: -300.0, Epsilon: 0.01
Episode: 602/10000, Score: -300.0, Epsilon: 0.01
Episode: 603/10000, Score: -300.0, Epsilon: 0.01
Episode: 604/10000, Score: -300.0, Epsilon: 0.01
Episode: 605/10000, Score: -300.0, Epsilon: 0.01
Episode: 606/10000, Score: -300.0, Epsilon: 0.01
Episode: 607/10000, Score: -300.0, Epsilon: 0.01
Episode: 608/10000, Score: -300.0, Epsilon: 0.01
Episode: 609/10000, Score: -300.0, Epsilon: 0.01
Episode: 610/10000, Score: -300.0, Epsilon: 0.01
Episode: 611/10000, Score: -300.0, Epsilon: 0.01
Episode: 612/10000, Score: -300.0, Epsilon: 0.01
Episode: 613/10000, Score: -300.0, Epsilon: 0.01
Episode: 614/10000, Score: -300.0, Epsilon: 0.01
Episode: 615/10000, Score: -300.0, Epsilon: 0.01
Episode: 616/10000, Score: -300.0, Epsilon: 0.01
Episode: 617/10000, Score: -300.0, Epsilon: 0.01
Episode: 618/10000, Score: -300.0, Epsilon: 0.01
Episode: 619/10000, Score: -300.0, Epsilon: 0.01
Episode: 620/10000, Score: -300.0, Epsilon: 0.01
Episode: 621/10000, Score: -300.0, Epsilon: 0.01
Episode: 622/10000, Score: -300.0, Epsilon: 0.01
Episode: 623/10000, Score: -300.0, Epsilon: 0.01
Episode: 624/10000, Score: -300.0, Epsilon: 0.01
Episode: 625/10000, Score: -300.0, Epsilon: 0.01
Episode: 626/10000, Score: -300.0, Epsilon: 0.01
Episode: 627/10000, Score: -300.0, Epsilon: 0.01
Episode: 628/10000, Score: -300.0, Epsilon: 0.01
Episode: 629/10000, Score: -300.0, Epsilon: 0.01
Episode: 630/10000, Score: -300.0, Epsilon: 0.01
Episode: 631/10000, Score: -300.0, Epsilon: 0.01
Episode: 632/10000, Score: -300.0, Epsilon: 0.01
Episode: 633/10000, Score: -300.0, Epsilon: 0.01
Episode: 634/10000, Score: -300.0, Epsilon: 0.01
Episode: 635/10000, Score: -300.0, Epsilon: 0.01
Episode: 636/10000, Score: -300.0, Epsilon: 0.01
Episode: 637/10000, Score: -300.0, Epsilon: 0.01
Episode: 638/10000, Score: -300.0, Epsilon: 0.01
Episode: 639/10000, Score: -300.0, Epsilon: 0.01
Episode: 640/10000, Score: -300.0, Epsilon: 0.01
Episode: 641/10000, Score: -300.0, Epsilon: 0.01
Episode: 642/10000, Score: -300.0, Epsilon: 0.01
Episode: 643/10000, Score: -300.0, Epsilon: 0.01
Episode: 644/10000, Score: -300.0, Epsilon: 0.01
Episode: 645/10000, Score: -300.0, Epsilon: 0.01
Episode: 646/10000, Score: -300.0, Epsilon: 0.01
Episode: 647/10000, Score: -300.0, Epsilon: 0.01
Episode: 648/10000, Score: -300.0, Epsilon: 0.01
Episode: 649/10000, Score: -300.0, Epsilon: 0.01
Episode: 650/10000, Score: -300.0, Epsilon: 0.01
Episode: 651/10000, Score: -300.0, Epsilon: 0.01
Episode: 652/10000, Score: -300.0, Epsilon: 0.01
Episode: 653/10000, Score: -300.0, Epsilon: 0.01
Episode: 654/10000, Score: -300.0, Epsilon: 0.01
Episode: 655/10000, Score: -300.0, Epsilon: 0.01
Episode: 656/10000, Score: -300.0, Epsilon: 0.01
Episode: 657/10000, Score: -300.0, Epsilon: 0.01
Episode: 658/10000, Score: -300.0, Epsilon: 0.01
Episode: 659/10000, Score: -300.0, Epsilon: 0.01
Episode: 660/10000, Score: -300.0, Epsilon: 0.01
Episode: 661/10000, Score: -300.0, Epsilon: 0.01
Episode: 662/10000, Score: -300.0, Epsilon: 0.01
Episode: 663/10000, Score: -300.0, Epsilon: 0.01
Episode: 664/10000, Score: -300.0, Epsilon: 0.01
Episode: 665/10000, Score: -300.0, Epsilon: 0.01
Episode: 666/10000, Score: -300.0, Epsilon: 0.01
Episode: 667/10000, Score: -300.0, Epsilon: 0.01
Episode: 668/10000, Score: -300.0, Epsilon: 0.01
Episode: 669/10000, Score: -300.0, Epsilon: 0.01
